[1.392s] Invoking command in '/home/semegn/agribot_ws/build/agribot_navigation': PYTHONPATH=/home/semegn/agribot_ws/build/agribot_navigation/prefix_override:/usr/lib/python3/dist-packages/colcon_core/task/python/colcon_distutils_commands:/home/semegn/agribot_ws/install/agribot_navigation/lib/python3.10/site-packages:${PYTHONPATH} /usr/bin/python3 -W ignore:setup.py install is deprecated -W ignore:easy_install command is deprecated setup.py develop --editable --build-directory /home/semegn/agribot_ws/build/agribot_navigation/build --no-deps symlink_data
[1.699s] running develop
[1.940s] running egg_info
[1.941s] writing agribot_navigation.egg-info/PKG-INFO
[1.941s] writing dependency_links to agribot_navigation.egg-info/dependency_links.txt
[1.941s] writing entry points to agribot_navigation.egg-info/entry_points.txt
[1.941s] writing requirements to agribot_navigation.egg-info/requires.txt
[1.941s] writing top-level names to agribot_navigation.egg-info/top_level.txt
[1.943s] reading manifest file 'agribot_navigation.egg-info/SOURCES.txt'
[1.944s] writing manifest file 'agribot_navigation.egg-info/SOURCES.txt'
[1.946s] running build_ext
[1.946s] Creating /home/semegn/agribot_ws/install/agribot_navigation/lib/python3.10/site-packages/agribot-navigation.egg-link (link to .)
[1.947s] Installing navigation_node script to /home/semegn/agribot_ws/install/agribot_navigation/lib/agribot_navigation
[1.947s] Installing navigator_goal script to /home/semegn/agribot_ws/install/agribot_navigation/lib/agribot_navigation
[1.948s] Installing odom_tf_bridge script to /home/semegn/agribot_ws/install/agribot_navigation/lib/agribot_navigation
[1.948s] Installing reactive_avoid script to /home/semegn/agribot_ws/install/agribot_navigation/lib/agribot_navigation
[1.948s] Installing safety_stop script to /home/semegn/agribot_ws/install/agribot_navigation/lib/agribot_navigation
[1.948s] Installing slam_node script to /home/semegn/agribot_ws/install/agribot_navigation/lib/agribot_navigation
[1.948s] Installing stop_on_disease script to /home/semegn/agribot_ws/install/agribot_navigation/lib/agribot_navigation
[1.948s] 
[1.948s] Installed /home/semegn/agribot_ws/build/agribot_navigation
[1.948s] running symlink_data
[2.019s] Invoked command in '/home/semegn/agribot_ws/build/agribot_navigation' returned '0': PYTHONPATH=/home/semegn/agribot_ws/build/agribot_navigation/prefix_override:/usr/lib/python3/dist-packages/colcon_core/task/python/colcon_distutils_commands:/home/semegn/agribot_ws/install/agribot_navigation/lib/python3.10/site-packages:${PYTHONPATH} /usr/bin/python3 -W ignore:setup.py install is deprecated -W ignore:easy_install command is deprecated setup.py develop --editable --build-directory /home/semegn/agribot_ws/build/agribot_navigation/build --no-deps symlink_data
