running develop
Removing /home/semegn/agribot_ws/install/agribot_vision/lib/python3.10/site-packages/agribot-vision.egg-link (link to .)
running egg_info
writing ../../build/agribot_vision/agribot_vision.egg-info/PKG-INFO
writing dependency_links to ../../build/agribot_vision/agribot_vision.egg-info/dependency_links.txt
writing entry points to ../../build/agribot_vision/agribot_vision.egg-info/entry_points.txt
writing requirements to ../../build/agribot_vision/agribot_vision.egg-info/requires.txt
writing top-level names to ../../build/agribot_vision/agribot_vision.egg-info/top_level.txt
reading manifest file '../../build/agribot_vision/agribot_vision.egg-info/SOURCES.txt'
writing manifest file '../../build/agribot_vision/agribot_vision.egg-info/SOURCES.txt'
running build
running build_py
creating /home/semegn/agribot_ws/build/agribot_vision/build
creating /home/semegn/agribot_ws/build/agribot_vision/build/lib
creating /home/semegn/agribot_ws/build/agribot_vision/build/lib/agribot_vision
copying agribot_vision/__init__.py -> /home/semegn/agribot_ws/build/agribot_vision/build/lib/agribot_vision
copying agribot_vision/detect_disease.py -> /home/semegn/agribot_ws/build/agribot_vision/build/lib/agribot_vision
running install
running install_lib
creating /home/semegn/agribot_ws/install/agribot_vision/lib/python3.10/site-packages/agribot_vision
copying /home/semegn/agribot_ws/build/agribot_vision/build/lib/agribot_vision/__init__.py -> /home/semegn/agribot_ws/install/agribot_vision/lib/python3.10/site-packages/agribot_vision
copying /home/semegn/agribot_ws/build/agribot_vision/build/lib/agribot_vision/detect_disease.py -> /home/semegn/agribot_ws/install/agribot_vision/lib/python3.10/site-packages/agribot_vision
byte-compiling /home/semegn/agribot_ws/install/agribot_vision/lib/python3.10/site-packages/agribot_vision/__init__.py to __init__.cpython-310.pyc
byte-compiling /home/semegn/agribot_ws/install/agribot_vision/lib/python3.10/site-packages/agribot_vision/detect_disease.py to detect_disease.cpython-310.pyc
running install_data
copying resource/agribot_vision -> /home/semegn/agribot_ws/install/agribot_vision/share/ament_index/resource_index/packages
copying package.xml -> /home/semegn/agribot_ws/install/agribot_vision/share/agribot_vision
running install_egg_info
Copying ../../build/agribot_vision/agribot_vision.egg-info to /home/semegn/agribot_ws/install/agribot_vision/lib/python3.10/site-packages/agribot_vision-0.0.0-py3.10.egg-info
running install_scripts
Installing detect_disease script to /home/semegn/agribot_ws/install/agribot_vision/lib/agribot_vision
writing list of installed files to '/home/semegn/agribot_ws/build/agribot_vision/install.log'
