[1.728s] Invoking command in '/home/semegn/agribot_ws/build/agribot_vision': PYTHONPATH=/home/semegn/agribot_ws/build/agribot_vision/prefix_override:/usr/lib/python3/dist-packages/colcon_core/task/python/colcon_distutils_commands:/home/semegn/agribot_ws/install/agribot_vision/lib/python3.10/site-packages:${PYTHONPATH} /usr/bin/python3 -W ignore:setup.py install is deprecated -W ignore:easy_install command is deprecated setup.py develop --uninstall --editable --build-directory /home/semegn/agribot_ws/build/agribot_vision/build
[2.086s] running develop
[2.354s] Removing /home/semegn/agribot_ws/install/agribot_vision/lib/python3.10/site-packages/agribot-vision.egg-link (link to .)
[2.408s] Invoked command in '/home/semegn/agribot_ws/build/agribot_vision' returned '0': PYTHONPATH=/home/semegn/agribot_ws/build/agribot_vision/prefix_override:/usr/lib/python3/dist-packages/colcon_core/task/python/colcon_distutils_commands:/home/semegn/agribot_ws/install/agribot_vision/lib/python3.10/site-packages:${PYTHONPATH} /usr/bin/python3 -W ignore:setup.py install is deprecated -W ignore:easy_install command is deprecated setup.py develop --uninstall --editable --build-directory /home/semegn/agribot_ws/build/agribot_vision/build
[2.411s] Invoking command in '/home/semegn/agribot_ws/src/agribot_vision': PYTHONPATH=/home/semegn/agribot_ws/build/agribot_vision/prefix_override:/usr/lib/python3/dist-packages/colcon_core/task/python/colcon_distutils_commands:/home/semegn/agribot_ws/install/agribot_vision/lib/python3.10/site-packages:${PYTHONPATH} /usr/bin/python3 -W ignore:setup.py install is deprecated -W ignore:easy_install command is deprecated setup.py egg_info --egg-base ../../build/agribot_vision build --build-base /home/semegn/agribot_ws/build/agribot_vision/build install --record /home/semegn/agribot_ws/build/agribot_vision/install.log --single-version-externally-managed install_data --force
[2.743s] running egg_info
[2.744s] writing ../../build/agribot_vision/agribot_vision.egg-info/PKG-INFO
[2.745s] writing dependency_links to ../../build/agribot_vision/agribot_vision.egg-info/dependency_links.txt
[2.745s] writing entry points to ../../build/agribot_vision/agribot_vision.egg-info/entry_points.txt
[2.745s] writing requirements to ../../build/agribot_vision/agribot_vision.egg-info/requires.txt
[2.745s] writing top-level names to ../../build/agribot_vision/agribot_vision.egg-info/top_level.txt
[2.747s] reading manifest file '../../build/agribot_vision/agribot_vision.egg-info/SOURCES.txt'
[2.748s] writing manifest file '../../build/agribot_vision/agribot_vision.egg-info/SOURCES.txt'
[2.748s] running build
[2.749s] running build_py
[2.749s] creating /home/semegn/agribot_ws/build/agribot_vision/build
[2.749s] creating /home/semegn/agribot_ws/build/agribot_vision/build/lib
[2.749s] creating /home/semegn/agribot_ws/build/agribot_vision/build/lib/agribot_vision
[2.749s] copying agribot_vision/__init__.py -> /home/semegn/agribot_ws/build/agribot_vision/build/lib/agribot_vision
[2.749s] copying agribot_vision/detect_disease.py -> /home/semegn/agribot_ws/build/agribot_vision/build/lib/agribot_vision
[2.749s] running install
[2.750s] running install_lib
[2.751s] creating /home/semegn/agribot_ws/install/agribot_vision/lib/python3.10/site-packages/agribot_vision
[2.751s] copying /home/semegn/agribot_ws/build/agribot_vision/build/lib/agribot_vision/__init__.py -> /home/semegn/agribot_ws/install/agribot_vision/lib/python3.10/site-packages/agribot_vision
[2.751s] copying /home/semegn/agribot_ws/build/agribot_vision/build/lib/agribot_vision/detect_disease.py -> /home/semegn/agribot_ws/install/agribot_vision/lib/python3.10/site-packages/agribot_vision
[2.752s] byte-compiling /home/semegn/agribot_ws/install/agribot_vision/lib/python3.10/site-packages/agribot_vision/__init__.py to __init__.cpython-310.pyc
[2.752s] byte-compiling /home/semegn/agribot_ws/install/agribot_vision/lib/python3.10/site-packages/agribot_vision/detect_disease.py to detect_disease.cpython-310.pyc
[2.753s] running install_data
[2.753s] copying resource/agribot_vision -> /home/semegn/agribot_ws/install/agribot_vision/share/ament_index/resource_index/packages
[2.754s] copying package.xml -> /home/semegn/agribot_ws/install/agribot_vision/share/agribot_vision
[2.754s] running install_egg_info
[2.756s] Copying ../../build/agribot_vision/agribot_vision.egg-info to /home/semegn/agribot_ws/install/agribot_vision/lib/python3.10/site-packages/agribot_vision-0.0.0-py3.10.egg-info
[2.758s] running install_scripts
[2.780s] Installing detect_disease script to /home/semegn/agribot_ws/install/agribot_vision/lib/agribot_vision
[2.780s] writing list of installed files to '/home/semegn/agribot_ws/build/agribot_vision/install.log'
[2.830s] Invoked command in '/home/semegn/agribot_ws/src/agribot_vision' returned '0': PYTHONPATH=/home/semegn/agribot_ws/build/agribot_vision/prefix_override:/usr/lib/python3/dist-packages/colcon_core/task/python/colcon_distutils_commands:/home/semegn/agribot_ws/install/agribot_vision/lib/python3.10/site-packages:${PYTHONPATH} /usr/bin/python3 -W ignore:setup.py install is deprecated -W ignore:easy_install command is deprecated setup.py egg_info --egg-base ../../build/agribot_vision build --build-base /home/semegn/agribot_ws/build/agribot_vision/build install --record /home/semegn/agribot_ws/build/agribot_vision/install.log --single-version-externally-managed install_data --force
