[0.030s] Invoking command in '/home/semegn/agribot_ws/build/agribot_gazebo': CMAKE_PREFIX_PATH=${CMAKE_PREFIX_PATH}:/home/semegn/agribot_ws/install/agribot_vision:/home/semegn/agribot_ws/install/agribot_navigation:/home/semegn/agribot_ws/install/agribot_nav2_bringup:/opt/ros/humble /usr/bin/cmake --build /home/semegn/agribot_ws/build/agribot_gazebo -- -j8 -l8
[0.621s] -- Found ament_cmake: 1.3.12 (/opt/ros/humble/share/ament_cmake/cmake)
[0.621s] -- Override CMake install command with custom implementation using symlinks instead of copying resources
[0.621s] -- Found ament_lint_auto: 0.12.14 (/opt/ros/humble/share/ament_lint_auto/cmake)
[0.621s] -- Added test 'flake8' to check Python code syntax and style conventions
[0.621s] -- Added test 'lint_cmake' to check CMake code style
[0.622s] -- Added test 'pep257' to check Python code against some of the docstring style conventions in PEP 257
[0.622s] -- Added test 'xmllint' to check XML markup files
[0.622s] -- Configuring done
[0.622s] -- Generating done
[0.622s] -- Build files have been written to: /home/semegn/agribot_ws/build/agribot_gazebo
[0.928s] Invoked command in '/home/semegn/agribot_ws/build/agribot_gazebo' returned '0': CMAKE_PREFIX_PATH=${CMAKE_PREFIX_PATH}:/home/semegn/agribot_ws/install/agribot_vision:/home/semegn/agribot_ws/install/agribot_navigation:/home/semegn/agribot_ws/install/agribot_nav2_bringup:/opt/ros/humble /usr/bin/cmake --build /home/semegn/agribot_ws/build/agribot_gazebo -- -j8 -l8
[0.929s] Invoking command in '/home/semegn/agribot_ws/build/agribot_gazebo': CMAKE_PREFIX_PATH=${CMAKE_PREFIX_PATH}:/home/semegn/agribot_ws/install/agribot_vision:/home/semegn/agribot_ws/install/agribot_navigation:/home/semegn/agribot_ws/install/agribot_nav2_bringup:/opt/ros/humble /usr/bin/cmake --install /home/semegn/agribot_ws/build/agribot_gazebo
[0.938s] -- Install configuration: ""
[0.940s] -- Execute custom install script
[0.941s] -- Up-to-date symlink: /home/semegn/agribot_ws/install/agribot_gazebo/share/agribot_gazebo/launch/farm.launch.py
[0.941s] -- Up-to-date symlink: /home/semegn/agribot_ws/install/agribot_gazebo/share/agribot_gazebo/worlds/eth_farm.sdf
[0.942s] -- Up-to-date symlink: /home/semegn/agribot_ws/install/agribot_gazebo/share/agribot_gazebo/worlds/ethiopian_farm.sdf
[0.942s] -- Up-to-date symlink: /home/semegn/agribot_ws/install/agribot_gazebo/share/agribot_gazebo/worlds/ethiopian_farm_generated.sdf
[0.942s] -- Up-to-date symlink: /home/semegn/agribot_ws/install/agribot_gazebo/share/agribot_gazebo/worlds/generate_farm.py
[0.942s] -- Symlinking: /home/semegn/agribot_ws/install/agribot_gazebo/share/agribot_gazebo/textures/healthy_leaf.jpg
[0.949s] -- Symlinking: /home/semegn/agribot_ws/install/agribot_gazebo/share/agribot_gazebo/textures/tomato_blight.jpg
[0.958s] -- Up-to-date symlink: /home/semegn/agribot_ws/install/agribot_gazebo/share/ament_index/resource_index/package_run_dependencies/agribot_gazebo
[0.958s] -- Up-to-date symlink: /home/semegn/agribot_ws/install/agribot_gazebo/share/ament_index/resource_index/parent_prefix_path/agribot_gazebo
[0.958s] -- Up-to-date symlink: /home/semegn/agribot_ws/install/agribot_gazebo/share/agribot_gazebo/environment/ament_prefix_path.sh
[0.959s] -- Up-to-date symlink: /home/semegn/agribot_ws/install/agribot_gazebo/share/agribot_gazebo/environment/ament_prefix_path.dsv
[0.959s] -- Up-to-date symlink: /home/semegn/agribot_ws/install/agribot_gazebo/share/agribot_gazebo/environment/path.sh
[0.959s] -- Up-to-date symlink: /home/semegn/agribot_ws/install/agribot_gazebo/share/agribot_gazebo/environment/path.dsv
[0.959s] -- Up-to-date symlink: /home/semegn/agribot_ws/install/agribot_gazebo/share/agribot_gazebo/local_setup.bash
[0.959s] -- Up-to-date symlink: /home/semegn/agribot_ws/install/agribot_gazebo/share/agribot_gazebo/local_setup.sh
[0.960s] -- Up-to-date symlink: /home/semegn/agribot_ws/install/agribot_gazebo/share/agribot_gazebo/local_setup.zsh
[0.960s] -- Up-to-date symlink: /home/semegn/agribot_ws/install/agribot_gazebo/share/agribot_gazebo/local_setup.dsv
[0.960s] -- Symlinking: /home/semegn/agribot_ws/install/agribot_gazebo/share/agribot_gazebo/package.dsv
[0.969s] -- Up-to-date symlink: /home/semegn/agribot_ws/install/agribot_gazebo/share/ament_index/resource_index/packages/agribot_gazebo
[0.969s] -- Up-to-date symlink: /home/semegn/agribot_ws/install/agribot_gazebo/share/agribot_gazebo/cmake/agribot_gazeboConfig.cmake
[0.969s] -- Up-to-date symlink: /home/semegn/agribot_ws/install/agribot_gazebo/share/agribot_gazebo/cmake/agribot_gazeboConfig-version.cmake
[0.969s] -- Up-to-date symlink: /home/semegn/agribot_ws/install/agribot_gazebo/share/agribot_gazebo/package.xml
[0.980s] Invoked command in '/home/semegn/agribot_ws/build/agribot_gazebo' returned '0': CMAKE_PREFIX_PATH=${CMAKE_PREFIX_PATH}:/home/semegn/agribot_ws/install/agribot_vision:/home/semegn/agribot_ws/install/agribot_navigation:/home/semegn/agribot_ws/install/agribot_nav2_bringup:/opt/ros/humble /usr/bin/cmake --install /home/semegn/agribot_ws/build/agribot_gazebo
