[0.120s] DEBUG:colcon:Command line arguments: ['/usr/bin/colcon', 'build']
[0.120s] DEBUG:colcon:Parsed command line arguments: Namespace(log_base=None, log_level=None, verb_name='build', build_base='build', install_base='install', merge_install=False, symlink_install=False, test_result_base=None, continue_on_error=False, executor='parallel', parallel_workers=8, event_handlers=None, ignore_user_meta=False, metas=['./colcon.meta'], base_paths=['.'], packages_ignore=None, packages_ignore_regex=None, paths=None, packages_up_to=None, packages_up_to_regex=None, packages_above=None, packages_above_and_dependencies=None, packages_above_depth=None, packages_select_by_dep=None, packages_skip_by_dep=None, packages_skip_up_to=None, packages_select_build_failed=False, packages_skip_build_finished=False, packages_select_test_failures=False, packages_skip_test_passed=False, packages_select=None, packages_skip=None, packages_select_regex=None, packages_skip_regex=None, packages_start=None, packages_end=None, allow_overriding=[], cmake_args=None, cmake_target=None, cmake_target_skip_unavailable=False, cmake_clean_cache=False, cmake_clean_first=False, cmake_force_configure=False, ament_cmake_args=None, catkin_cmake_args=None, catkin_skip_building_tests=False, mixin_files=None, mixin=None, verb_parser=<colcon_mixin.mixin.mixin_argument.MixinArgumentDecorator object at 0x7f3b86c59c00>, verb_extension=<colcon_core.verb.build.BuildVerb object at 0x7f3b86c58ee0>, main=<bound method BuildVerb.main of <colcon_core.verb.build.BuildVerb object at 0x7f3b86c58ee0>>, mixin_verb=('build',))
[0.320s] Level 1:colcon.colcon_core.package_discovery:discover_packages(colcon_meta) check parameters
[0.320s] Level 1:colcon.colcon_core.package_discovery:discover_packages(recursive) check parameters
[0.320s] Level 1:colcon.colcon_core.package_discovery:discover_packages(ignore) check parameters
[0.320s] Level 1:colcon.colcon_core.package_discovery:discover_packages(path) check parameters
[0.320s] Level 1:colcon.colcon_core.package_discovery:discover_packages(colcon_meta) discover
[0.320s] Level 1:colcon.colcon_core.package_discovery:discover_packages(recursive) discover
[0.320s] INFO:colcon.colcon_core.package_discovery:Crawling recursively for packages in '/home/semegn/agribot_ws'
[0.320s] Level 1:colcon.colcon_core.package_identification:_identify(.) by extensions ['ignore', 'ignore_ament_install']
[0.320s] Level 1:colcon.colcon_core.package_identification:_identify(.) by extension 'ignore'
[0.320s] Level 1:colcon.colcon_core.package_identification:_identify(.) by extension 'ignore_ament_install'
[0.320s] Level 1:colcon.colcon_core.package_identification:_identify(.) by extensions ['colcon_pkg']
[0.320s] Level 1:colcon.colcon_core.package_identification:_identify(.) by extension 'colcon_pkg'
[0.320s] Level 1:colcon.colcon_core.package_identification:_identify(.) by extensions ['colcon_meta']
[0.320s] Level 1:colcon.colcon_core.package_identification:_identify(.) by extension 'colcon_meta'
[0.320s] Level 1:colcon.colcon_core.package_identification:_identify(.) by extensions ['ros']
[0.320s] Level 1:colcon.colcon_core.package_identification:_identify(.) by extension 'ros'
[0.340s] Level 1:colcon.colcon_core.package_identification:_identify(.) by extensions ['cmake', 'python']
[0.340s] Level 1:colcon.colcon_core.package_identification:_identify(.) by extension 'cmake'
[0.340s] Level 1:colcon.colcon_core.package_identification:_identify(.) by extension 'python'
[0.340s] Level 1:colcon.colcon_core.package_identification:_identify(.) by extensions ['python_setup_py']
[0.340s] Level 1:colcon.colcon_core.package_identification:_identify(.) by extension 'python_setup_py'
[0.340s] Level 1:colcon.colcon_core.package_identification:_identify(build) by extensions ['ignore', 'ignore_ament_install']
[0.340s] Level 1:colcon.colcon_core.package_identification:_identify(build) by extension 'ignore'
[0.340s] Level 1:colcon.colcon_core.package_identification:_identify(build) ignored
[0.340s] Level 1:colcon.colcon_core.package_identification:_identify(install) by extensions ['ignore', 'ignore_ament_install']
[0.341s] Level 1:colcon.colcon_core.package_identification:_identify(install) by extension 'ignore'
[0.341s] Level 1:colcon.colcon_core.package_identification:_identify(install) ignored
[0.341s] Level 1:colcon.colcon_core.package_identification:_identify(log) by extensions ['ignore', 'ignore_ament_install']
[0.341s] Level 1:colcon.colcon_core.package_identification:_identify(log) by extension 'ignore'
[0.341s] Level 1:colcon.colcon_core.package_identification:_identify(log) ignored
[0.341s] Level 1:colcon.colcon_core.package_identification:_identify(src) by extensions ['ignore', 'ignore_ament_install']
[0.341s] Level 1:colcon.colcon_core.package_identification:_identify(src) by extension 'ignore'
[0.341s] Level 1:colcon.colcon_core.package_identification:_identify(src) by extension 'ignore_ament_install'
[0.341s] Level 1:colcon.colcon_core.package_identification:_identify(src) by extensions ['colcon_pkg']
[0.341s] Level 1:colcon.colcon_core.package_identification:_identify(src) by extension 'colcon_pkg'
[0.341s] Level 1:colcon.colcon_core.package_identification:_identify(src) by extensions ['colcon_meta']
[0.341s] Level 1:colcon.colcon_core.package_identification:_identify(src) by extension 'colcon_meta'
[0.341s] Level 1:colcon.colcon_core.package_identification:_identify(src) by extensions ['ros']
[0.341s] Level 1:colcon.colcon_core.package_identification:_identify(src) by extension 'ros'
[0.341s] Level 1:colcon.colcon_core.package_identification:_identify(src) by extensions ['cmake', 'python']
[0.341s] Level 1:colcon.colcon_core.package_identification:_identify(src) by extension 'cmake'
[0.341s] Level 1:colcon.colcon_core.package_identification:_identify(src) by extension 'python'
[0.341s] Level 1:colcon.colcon_core.package_identification:_identify(src) by extensions ['python_setup_py']
[0.342s] Level 1:colcon.colcon_core.package_identification:_identify(src) by extension 'python_setup_py'
[0.342s] Level 1:colcon.colcon_core.package_identification:_identify(src/agribot_description) by extensions ['ignore', 'ignore_ament_install']
[0.342s] Level 1:colcon.colcon_core.package_identification:_identify(src/agribot_description) by extension 'ignore'
[0.342s] Level 1:colcon.colcon_core.package_identification:_identify(src/agribot_description) by extension 'ignore_ament_install'
[0.342s] Level 1:colcon.colcon_core.package_identification:_identify(src/agribot_description) by extensions ['colcon_pkg']
[0.342s] Level 1:colcon.colcon_core.package_identification:_identify(src/agribot_description) by extension 'colcon_pkg'
[0.342s] Level 1:colcon.colcon_core.package_identification:_identify(src/agribot_description) by extensions ['colcon_meta']
[0.342s] Level 1:colcon.colcon_core.package_identification:_identify(src/agribot_description) by extension 'colcon_meta'
[0.342s] Level 1:colcon.colcon_core.package_identification:_identify(src/agribot_description) by extensions ['ros']
[0.342s] Level 1:colcon.colcon_core.package_identification:_identify(src/agribot_description) by extension 'ros'
[0.344s] DEBUG:colcon.colcon_core.package_identification:Package 'src/agribot_description' with type 'ros.ament_cmake' and name 'agribot_description'
[0.344s] Level 1:colcon.colcon_core.package_identification:_identify(src/agribot_gazebo) by extensions ['ignore', 'ignore_ament_install']
[0.345s] Level 1:colcon.colcon_core.package_identification:_identify(src/agribot_gazebo) by extension 'ignore'
[0.345s] Level 1:colcon.colcon_core.package_identification:_identify(src/agribot_gazebo) by extension 'ignore_ament_install'
[0.345s] Level 1:colcon.colcon_core.package_identification:_identify(src/agribot_gazebo) by extensions ['colcon_pkg']
[0.345s] Level 1:colcon.colcon_core.package_identification:_identify(src/agribot_gazebo) by extension 'colcon_pkg'
[0.345s] Level 1:colcon.colcon_core.package_identification:_identify(src/agribot_gazebo) by extensions ['colcon_meta']
[0.345s] Level 1:colcon.colcon_core.package_identification:_identify(src/agribot_gazebo) by extension 'colcon_meta'
[0.345s] Level 1:colcon.colcon_core.package_identification:_identify(src/agribot_gazebo) by extensions ['ros']
[0.345s] Level 1:colcon.colcon_core.package_identification:_identify(src/agribot_gazebo) by extension 'ros'
[0.345s] DEBUG:colcon.colcon_core.package_identification:Package 'src/agribot_gazebo' with type 'ros.ament_cmake' and name 'agribot_gazebo'
[0.346s] Level 1:colcon.colcon_core.package_identification:_identify(src/agribot_nav2_bringup) by extensions ['ignore', 'ignore_ament_install']
[0.346s] Level 1:colcon.colcon_core.package_identification:_identify(src/agribot_nav2_bringup) by extension 'ignore'
[0.346s] Level 1:colcon.colcon_core.package_identification:_identify(src/agribot_nav2_bringup) by extension 'ignore_ament_install'
[0.346s] Level 1:colcon.colcon_core.package_identification:_identify(src/agribot_nav2_bringup) by extensions ['colcon_pkg']
[0.346s] Level 1:colcon.colcon_core.package_identification:_identify(src/agribot_nav2_bringup) by extension 'colcon_pkg'
[0.346s] Level 1:colcon.colcon_core.package_identification:_identify(src/agribot_nav2_bringup) by extensions ['colcon_meta']
[0.346s] Level 1:colcon.colcon_core.package_identification:_identify(src/agribot_nav2_bringup) by extension 'colcon_meta'
[0.346s] Level 1:colcon.colcon_core.package_identification:_identify(src/agribot_nav2_bringup) by extensions ['ros']
[0.346s] Level 1:colcon.colcon_core.package_identification:_identify(src/agribot_nav2_bringup) by extension 'ros'
[0.346s] DEBUG:colcon.colcon_core.package_identification:Package 'src/agribot_nav2_bringup' with type 'ros.ament_python' and name 'agribot_nav2_bringup'
[0.347s] Level 1:colcon.colcon_core.package_identification:_identify(src/agribot_navigation) by extensions ['ignore', 'ignore_ament_install']
[0.347s] Level 1:colcon.colcon_core.package_identification:_identify(src/agribot_navigation) by extension 'ignore'
[0.347s] Level 1:colcon.colcon_core.package_identification:_identify(src/agribot_navigation) by extension 'ignore_ament_install'
[0.347s] Level 1:colcon.colcon_core.package_identification:_identify(src/agribot_navigation) by extensions ['colcon_pkg']
[0.347s] Level 1:colcon.colcon_core.package_identification:_identify(src/agribot_navigation) by extension 'colcon_pkg'
[0.347s] Level 1:colcon.colcon_core.package_identification:_identify(src/agribot_navigation) by extensions ['colcon_meta']
[0.347s] Level 1:colcon.colcon_core.package_identification:_identify(src/agribot_navigation) by extension 'colcon_meta'
[0.347s] Level 1:colcon.colcon_core.package_identification:_identify(src/agribot_navigation) by extensions ['ros']
[0.347s] Level 1:colcon.colcon_core.package_identification:_identify(src/agribot_navigation) by extension 'ros'
[0.348s] DEBUG:colcon.colcon_core.package_identification:Package 'src/agribot_navigation' with type 'ros.ament_python' and name 'agribot_navigation'
[0.348s] Level 1:colcon.colcon_core.package_identification:_identify(src/agribot_vision) by extensions ['ignore', 'ignore_ament_install']
[0.348s] Level 1:colcon.colcon_core.package_identification:_identify(src/agribot_vision) by extension 'ignore'
[0.348s] Level 1:colcon.colcon_core.package_identification:_identify(src/agribot_vision) by extension 'ignore_ament_install'
[0.348s] Level 1:colcon.colcon_core.package_identification:_identify(src/agribot_vision) by extensions ['colcon_pkg']
[0.348s] Level 1:colcon.colcon_core.package_identification:_identify(src/agribot_vision) by extension 'colcon_pkg'
[0.348s] Level 1:colcon.colcon_core.package_identification:_identify(src/agribot_vision) by extensions ['colcon_meta']
[0.348s] Level 1:colcon.colcon_core.package_identification:_identify(src/agribot_vision) by extension 'colcon_meta'
[0.348s] Level 1:colcon.colcon_core.package_identification:_identify(src/agribot_vision) by extensions ['ros']
[0.348s] Level 1:colcon.colcon_core.package_identification:_identify(src/agribot_vision) by extension 'ros'
[0.349s] DEBUG:colcon.colcon_core.package_identification:Package 'src/agribot_vision' with type 'ros.ament_python' and name 'agribot_vision'
[0.349s] Level 1:colcon.colcon_core.package_identification:_identify(src/materials) by extensions ['ignore', 'ignore_ament_install']
[0.349s] Level 1:colcon.colcon_core.package_identification:_identify(src/materials) by extension 'ignore'
[0.349s] Level 1:colcon.colcon_core.package_identification:_identify(src/materials) by extension 'ignore_ament_install'
[0.349s] Level 1:colcon.colcon_core.package_identification:_identify(src/materials) by extensions ['colcon_pkg']
[0.349s] Level 1:colcon.colcon_core.package_identification:_identify(src/materials) by extension 'colcon_pkg'
[0.349s] Level 1:colcon.colcon_core.package_identification:_identify(src/materials) by extensions ['colcon_meta']
[0.349s] Level 1:colcon.colcon_core.package_identification:_identify(src/materials) by extension 'colcon_meta'
[0.349s] Level 1:colcon.colcon_core.package_identification:_identify(src/materials) by extensions ['ros']
[0.349s] Level 1:colcon.colcon_core.package_identification:_identify(src/materials) by extension 'ros'
[0.349s] Level 1:colcon.colcon_core.package_identification:_identify(src/materials) by extensions ['cmake', 'python']
[0.349s] Level 1:colcon.colcon_core.package_identification:_identify(src/materials) by extension 'cmake'
[0.349s] Level 1:colcon.colcon_core.package_identification:_identify(src/materials) by extension 'python'
[0.349s] Level 1:colcon.colcon_core.package_identification:_identify(src/materials) by extensions ['python_setup_py']
[0.349s] Level 1:colcon.colcon_core.package_identification:_identify(src/materials) by extension 'python_setup_py'
[0.349s] Level 1:colcon.colcon_core.package_identification:_identify(src/materials/scripts) by extensions ['ignore', 'ignore_ament_install']
[0.350s] Level 1:colcon.colcon_core.package_identification:_identify(src/materials/scripts) by extension 'ignore'
[0.350s] Level 1:colcon.colcon_core.package_identification:_identify(src/materials/scripts) by extension 'ignore_ament_install'
[0.350s] Level 1:colcon.colcon_core.package_identification:_identify(src/materials/scripts) by extensions ['colcon_pkg']
[0.350s] Level 1:colcon.colcon_core.package_identification:_identify(src/materials/scripts) by extension 'colcon_pkg'
[0.350s] Level 1:colcon.colcon_core.package_identification:_identify(src/materials/scripts) by extensions ['colcon_meta']
[0.350s] Level 1:colcon.colcon_core.package_identification:_identify(src/materials/scripts) by extension 'colcon_meta'
[0.350s] Level 1:colcon.colcon_core.package_identification:_identify(src/materials/scripts) by extensions ['ros']
[0.350s] Level 1:colcon.colcon_core.package_identification:_identify(src/materials/scripts) by extension 'ros'
[0.350s] Level 1:colcon.colcon_core.package_identification:_identify(src/materials/scripts) by extensions ['cmake', 'python']
[0.350s] Level 1:colcon.colcon_core.package_identification:_identify(src/materials/scripts) by extension 'cmake'
[0.350s] Level 1:colcon.colcon_core.package_identification:_identify(src/materials/scripts) by extension 'python'
[0.350s] Level 1:colcon.colcon_core.package_identification:_identify(src/materials/scripts) by extensions ['python_setup_py']
[0.350s] Level 1:colcon.colcon_core.package_identification:_identify(src/materials/scripts) by extension 'python_setup_py'
[0.350s] Level 1:colcon.colcon_core.package_discovery:discover_packages(recursive) using defaults
[0.350s] Level 1:colcon.colcon_core.package_discovery:discover_packages(ignore) discover
[0.350s] Level 1:colcon.colcon_core.package_discovery:discover_packages(ignore) using defaults
[0.350s] Level 1:colcon.colcon_core.package_discovery:discover_packages(path) discover
[0.350s] Level 1:colcon.colcon_core.package_discovery:discover_packages(path) using defaults
[0.370s] Level 1:colcon.colcon_core.package_discovery:discover_packages(prefix_path) check parameters
[0.370s] Level 1:colcon.colcon_core.package_discovery:discover_packages(prefix_path) discover
[0.372s] DEBUG:colcon.colcon_installed_package_information.package_discovery:Found 5 installed packages in /home/semegn/agribot_ws/install
[0.373s] DEBUG:colcon.colcon_installed_package_information.package_discovery:Found 440 installed packages in /opt/ros/humble
[0.375s] Level 1:colcon.colcon_core.package_discovery:discover_packages(prefix_path) using defaults
[0.428s] Level 5:colcon.colcon_core.verb:set package 'agribot_description' build argument 'cmake_args' from command line to 'None'
[0.428s] Level 5:colcon.colcon_core.verb:set package 'agribot_description' build argument 'cmake_target' from command line to 'None'
[0.428s] Level 5:colcon.colcon_core.verb:set package 'agribot_description' build argument 'cmake_target_skip_unavailable' from command line to 'False'
[0.428s] Level 5:colcon.colcon_core.verb:set package 'agribot_description' build argument 'cmake_clean_cache' from command line to 'False'
[0.428s] Level 5:colcon.colcon_core.verb:set package 'agribot_description' build argument 'cmake_clean_first' from command line to 'False'
[0.428s] Level 5:colcon.colcon_core.verb:set package 'agribot_description' build argument 'cmake_force_configure' from command line to 'False'
[0.428s] Level 5:colcon.colcon_core.verb:set package 'agribot_description' build argument 'ament_cmake_args' from command line to 'None'
[0.428s] Level 5:colcon.colcon_core.verb:set package 'agribot_description' build argument 'catkin_cmake_args' from command line to 'None'
[0.428s] Level 5:colcon.colcon_core.verb:set package 'agribot_description' build argument 'catkin_skip_building_tests' from command line to 'False'
[0.428s] DEBUG:colcon.colcon_core.verb:Building package 'agribot_description' with the following arguments: {'ament_cmake_args': None, 'build_base': '/home/semegn/agribot_ws/build/agribot_description', 'catkin_cmake_args': None, 'catkin_skip_building_tests': False, 'cmake_args': None, 'cmake_clean_cache': False, 'cmake_clean_first': False, 'cmake_force_configure': False, 'cmake_target': None, 'cmake_target_skip_unavailable': False, 'install_base': '/home/semegn/agribot_ws/install/agribot_description', 'merge_install': False, 'path': '/home/semegn/agribot_ws/src/agribot_description', 'symlink_install': False, 'test_result_base': None}
[0.429s] Level 5:colcon.colcon_core.verb:set package 'agribot_gazebo' build argument 'cmake_args' from command line to 'None'
[0.429s] Level 5:colcon.colcon_core.verb:set package 'agribot_gazebo' build argument 'cmake_target' from command line to 'None'
[0.429s] Level 5:colcon.colcon_core.verb:set package 'agribot_gazebo' build argument 'cmake_target_skip_unavailable' from command line to 'False'
[0.429s] Level 5:colcon.colcon_core.verb:set package 'agribot_gazebo' build argument 'cmake_clean_cache' from command line to 'False'
[0.429s] Level 5:colcon.colcon_core.verb:set package 'agribot_gazebo' build argument 'cmake_clean_first' from command line to 'False'
[0.429s] Level 5:colcon.colcon_core.verb:set package 'agribot_gazebo' build argument 'cmake_force_configure' from command line to 'False'
[0.429s] Level 5:colcon.colcon_core.verb:set package 'agribot_gazebo' build argument 'ament_cmake_args' from command line to 'None'
[0.429s] Level 5:colcon.colcon_core.verb:set package 'agribot_gazebo' build argument 'catkin_cmake_args' from command line to 'None'
[0.429s] Level 5:colcon.colcon_core.verb:set package 'agribot_gazebo' build argument 'catkin_skip_building_tests' from command line to 'False'
[0.429s] DEBUG:colcon.colcon_core.verb:Building package 'agribot_gazebo' with the following arguments: {'ament_cmake_args': None, 'build_base': '/home/semegn/agribot_ws/build/agribot_gazebo', 'catkin_cmake_args': None, 'catkin_skip_building_tests': False, 'cmake_args': None, 'cmake_clean_cache': False, 'cmake_clean_first': False, 'cmake_force_configure': False, 'cmake_target': None, 'cmake_target_skip_unavailable': False, 'install_base': '/home/semegn/agribot_ws/install/agribot_gazebo', 'merge_install': False, 'path': '/home/semegn/agribot_ws/src/agribot_gazebo', 'symlink_install': False, 'test_result_base': None}
[0.429s] Level 5:colcon.colcon_core.verb:set package 'agribot_nav2_bringup' build argument 'cmake_args' from command line to 'None'
[0.429s] Level 5:colcon.colcon_core.verb:set package 'agribot_nav2_bringup' build argument 'cmake_target' from command line to 'None'
[0.429s] Level 5:colcon.colcon_core.verb:set package 'agribot_nav2_bringup' build argument 'cmake_target_skip_unavailable' from command line to 'False'
[0.429s] Level 5:colcon.colcon_core.verb:set package 'agribot_nav2_bringup' build argument 'cmake_clean_cache' from command line to 'False'
[0.429s] Level 5:colcon.colcon_core.verb:set package 'agribot_nav2_bringup' build argument 'cmake_clean_first' from command line to 'False'
[0.429s] Level 5:colcon.colcon_core.verb:set package 'agribot_nav2_bringup' build argument 'cmake_force_configure' from command line to 'False'
[0.429s] Level 5:colcon.colcon_core.verb:set package 'agribot_nav2_bringup' build argument 'ament_cmake_args' from command line to 'None'
[0.429s] Level 5:colcon.colcon_core.verb:set package 'agribot_nav2_bringup' build argument 'catkin_cmake_args' from command line to 'None'
[0.429s] Level 5:colcon.colcon_core.verb:set package 'agribot_nav2_bringup' build argument 'catkin_skip_building_tests' from command line to 'False'
[0.430s] DEBUG:colcon.colcon_core.verb:Building package 'agribot_nav2_bringup' with the following arguments: {'ament_cmake_args': None, 'build_base': '/home/semegn/agribot_ws/build/agribot_nav2_bringup', 'catkin_cmake_args': None, 'catkin_skip_building_tests': False, 'cmake_args': None, 'cmake_clean_cache': False, 'cmake_clean_first': False, 'cmake_force_configure': False, 'cmake_target': None, 'cmake_target_skip_unavailable': False, 'install_base': '/home/semegn/agribot_ws/install/agribot_nav2_bringup', 'merge_install': False, 'path': '/home/semegn/agribot_ws/src/agribot_nav2_bringup', 'symlink_install': False, 'test_result_base': None}
[0.430s] Level 5:colcon.colcon_core.verb:set package 'agribot_navigation' build argument 'cmake_args' from command line to 'None'
[0.430s] Level 5:colcon.colcon_core.verb:set package 'agribot_navigation' build argument 'cmake_target' from command line to 'None'
[0.430s] Level 5:colcon.colcon_core.verb:set package 'agribot_navigation' build argument 'cmake_target_skip_unavailable' from command line to 'False'
[0.430s] Level 5:colcon.colcon_core.verb:set package 'agribot_navigation' build argument 'cmake_clean_cache' from command line to 'False'
[0.430s] Level 5:colcon.colcon_core.verb:set package 'agribot_navigation' build argument 'cmake_clean_first' from command line to 'False'
[0.430s] Level 5:colcon.colcon_core.verb:set package 'agribot_navigation' build argument 'cmake_force_configure' from command line to 'False'
[0.430s] Level 5:colcon.colcon_core.verb:set package 'agribot_navigation' build argument 'ament_cmake_args' from command line to 'None'
[0.430s] Level 5:colcon.colcon_core.verb:set package 'agribot_navigation' build argument 'catkin_cmake_args' from command line to 'None'
[0.430s] Level 5:colcon.colcon_core.verb:set package 'agribot_navigation' build argument 'catkin_skip_building_tests' from command line to 'False'
[0.430s] DEBUG:colcon.colcon_core.verb:Building package 'agribot_navigation' with the following arguments: {'ament_cmake_args': None, 'build_base': '/home/semegn/agribot_ws/build/agribot_navigation', 'catkin_cmake_args': None, 'catkin_skip_building_tests': False, 'cmake_args': None, 'cmake_clean_cache': False, 'cmake_clean_first': False, 'cmake_force_configure': False, 'cmake_target': None, 'cmake_target_skip_unavailable': False, 'install_base': '/home/semegn/agribot_ws/install/agribot_navigation', 'merge_install': False, 'path': '/home/semegn/agribot_ws/src/agribot_navigation', 'symlink_install': False, 'test_result_base': None}
[0.430s] Level 5:colcon.colcon_core.verb:set package 'agribot_vision' build argument 'cmake_args' from command line to 'None'
[0.430s] Level 5:colcon.colcon_core.verb:set package 'agribot_vision' build argument 'cmake_target' from command line to 'None'
[0.430s] Level 5:colcon.colcon_core.verb:set package 'agribot_vision' build argument 'cmake_target_skip_unavailable' from command line to 'False'
[0.430s] Level 5:colcon.colcon_core.verb:set package 'agribot_vision' build argument 'cmake_clean_cache' from command line to 'False'
[0.430s] Level 5:colcon.colcon_core.verb:set package 'agribot_vision' build argument 'cmake_clean_first' from command line to 'False'
[0.430s] Level 5:colcon.colcon_core.verb:set package 'agribot_vision' build argument 'cmake_force_configure' from command line to 'False'
[0.430s] Level 5:colcon.colcon_core.verb:set package 'agribot_vision' build argument 'ament_cmake_args' from command line to 'None'
[0.430s] Level 5:colcon.colcon_core.verb:set package 'agribot_vision' build argument 'catkin_cmake_args' from command line to 'None'
[0.430s] Level 5:colcon.colcon_core.verb:set package 'agribot_vision' build argument 'catkin_skip_building_tests' from command line to 'False'
[0.431s] DEBUG:colcon.colcon_core.verb:Building package 'agribot_vision' with the following arguments: {'ament_cmake_args': None, 'build_base': '/home/semegn/agribot_ws/build/agribot_vision', 'catkin_cmake_args': None, 'catkin_skip_building_tests': False, 'cmake_args': None, 'cmake_clean_cache': False, 'cmake_clean_first': False, 'cmake_force_configure': False, 'cmake_target': None, 'cmake_target_skip_unavailable': False, 'install_base': '/home/semegn/agribot_ws/install/agribot_vision', 'merge_install': False, 'path': '/home/semegn/agribot_ws/src/agribot_vision', 'symlink_install': False, 'test_result_base': None}
[0.431s] INFO:colcon.colcon_core.executor:Executing jobs using 'parallel' executor
[0.431s] DEBUG:colcon.colcon_parallel_executor.executor.parallel:run_until_complete
[0.432s] INFO:colcon.colcon_ros.task.ament_cmake.build:Building ROS package in '/home/semegn/agribot_ws/src/agribot_description' with build type 'ament_cmake'
[0.432s] INFO:colcon.colcon_cmake.task.cmake.build:Building CMake package in '/home/semegn/agribot_ws/src/agribot_description'
[0.434s] INFO:colcon.colcon_core.plugin_system:Skipping extension 'colcon_core.shell.bat': Not used on non-Windows systems
[0.434s] INFO:colcon.colcon_core.shell:Skip shell extension 'powershell' for command environment: Not usable outside of PowerShell
[0.434s] DEBUG:colcon.colcon_core.shell:Skip shell extension 'dsv' for command environment
[0.438s] INFO:colcon.colcon_ros.task.ament_cmake.build:Building ROS package in '/home/semegn/agribot_ws/src/agribot_gazebo' with build type 'ament_cmake'
[0.438s] INFO:colcon.colcon_cmake.task.cmake.build:Building CMake package in '/home/semegn/agribot_ws/src/agribot_gazebo'
[0.438s] INFO:colcon.colcon_core.shell:Skip shell extension 'powershell' for command environment: Not usable outside of PowerShell
[0.438s] DEBUG:colcon.colcon_core.shell:Skip shell extension 'dsv' for command environment
[0.441s] INFO:colcon.colcon_ros.task.ament_python.build:Building ROS package in '/home/semegn/agribot_ws/src/agribot_nav2_bringup' with build type 'ament_python'
[0.441s] Level 1:colcon.colcon_core.shell:create_environment_hook('agribot_nav2_bringup', 'ament_prefix_path')
[0.442s] INFO:colcon.colcon_core.shell:Creating environment hook '/home/semegn/agribot_ws/install/agribot_nav2_bringup/share/agribot_nav2_bringup/hook/ament_prefix_path.ps1'
[0.442s] INFO:colcon.colcon_core.shell:Creating environment descriptor '/home/semegn/agribot_ws/install/agribot_nav2_bringup/share/agribot_nav2_bringup/hook/ament_prefix_path.dsv'
[0.442s] INFO:colcon.colcon_core.shell:Creating environment hook '/home/semegn/agribot_ws/install/agribot_nav2_bringup/share/agribot_nav2_bringup/hook/ament_prefix_path.sh'
[0.443s] INFO:colcon.colcon_core.shell:Skip shell extension 'powershell' for command environment: Not usable outside of PowerShell
[0.443s] DEBUG:colcon.colcon_core.shell:Skip shell extension 'dsv' for command environment
[0.447s] INFO:colcon.colcon_ros.task.ament_python.build:Building ROS package in '/home/semegn/agribot_ws/src/agribot_navigation' with build type 'ament_python'
[0.447s] Level 1:colcon.colcon_core.shell:create_environment_hook('agribot_navigation', 'ament_prefix_path')
[0.447s] INFO:colcon.colcon_core.shell:Creating environment hook '/home/semegn/agribot_ws/install/agribot_navigation/share/agribot_navigation/hook/ament_prefix_path.ps1'
[0.448s] INFO:colcon.colcon_core.shell:Creating environment descriptor '/home/semegn/agribot_ws/install/agribot_navigation/share/agribot_navigation/hook/ament_prefix_path.dsv'
[0.448s] INFO:colcon.colcon_core.shell:Creating environment hook '/home/semegn/agribot_ws/install/agribot_navigation/share/agribot_navigation/hook/ament_prefix_path.sh'
[0.448s] INFO:colcon.colcon_core.shell:Skip shell extension 'powershell' for command environment: Not usable outside of PowerShell
[0.448s] DEBUG:colcon.colcon_core.shell:Skip shell extension 'dsv' for command environment
[0.452s] INFO:colcon.colcon_ros.task.ament_python.build:Building ROS package in '/home/semegn/agribot_ws/src/agribot_vision' with build type 'ament_python'
[0.452s] Level 1:colcon.colcon_core.shell:create_environment_hook('agribot_vision', 'ament_prefix_path')
[0.452s] INFO:colcon.colcon_core.shell:Creating environment hook '/home/semegn/agribot_ws/install/agribot_vision/share/agribot_vision/hook/ament_prefix_path.ps1'
[0.452s] INFO:colcon.colcon_core.shell:Creating environment descriptor '/home/semegn/agribot_ws/install/agribot_vision/share/agribot_vision/hook/ament_prefix_path.dsv'
[0.453s] INFO:colcon.colcon_core.shell:Creating environment hook '/home/semegn/agribot_ws/install/agribot_vision/share/agribot_vision/hook/ament_prefix_path.sh'
[0.453s] INFO:colcon.colcon_core.shell:Skip shell extension 'powershell' for command environment: Not usable outside of PowerShell
[0.453s] DEBUG:colcon.colcon_core.shell:Skip shell extension 'dsv' for command environment
[0.463s] DEBUG:colcon.colcon_core.event_handler.log_command:Invoking command in '/home/semegn/agribot_ws/build/agribot_description': CMAKE_PREFIX_PATH=${CMAKE_PREFIX_PATH}:/opt/ros/humble:/home/semegn/agribot_ws/install/agribot_vision:/home/semegn/agribot_ws/install/agribot_navigation:/home/semegn/agribot_ws/install/agribot_nav2_bringup /usr/bin/cmake --build /home/semegn/agribot_ws/build/agribot_description -- -j8 -l8
[0.466s] DEBUG:colcon.colcon_core.event_handler.log_command:Invoking command in '/home/semegn/agribot_ws/build/agribot_gazebo': CMAKE_PREFIX_PATH=${CMAKE_PREFIX_PATH}:/opt/ros/humble:/home/semegn/agribot_ws/install/agribot_vision:/home/semegn/agribot_ws/install/agribot_navigation:/home/semegn/agribot_ws/install/agribot_nav2_bringup /usr/bin/cmake --build /home/semegn/agribot_ws/build/agribot_gazebo -- -j8 -l8
[0.754s] INFO:colcon.colcon_core.task.python.build:Building Python package in '/home/semegn/agribot_ws/src/agribot_nav2_bringup'
[0.754s] INFO:colcon.colcon_core.shell:Skip shell extension 'powershell' for command environment: Not usable outside of PowerShell
[0.754s] DEBUG:colcon.colcon_core.shell:Skip shell extension 'dsv' for command environment
[1.044s] INFO:colcon.colcon_core.task.python.build:Building Python package in '/home/semegn/agribot_ws/src/agribot_navigation'
[1.044s] INFO:colcon.colcon_core.shell:Skip shell extension 'powershell' for command environment: Not usable outside of PowerShell
[1.044s] DEBUG:colcon.colcon_core.shell:Skip shell extension 'dsv' for command environment
[1.338s] INFO:colcon.colcon_core.task.python.build:Building Python package in '/home/semegn/agribot_ws/src/agribot_vision'
[1.338s] INFO:colcon.colcon_core.shell:Skip shell extension 'powershell' for command environment: Not usable outside of PowerShell
[1.338s] DEBUG:colcon.colcon_core.shell:Skip shell extension 'dsv' for command environment
[1.343s] DEBUG:colcon.colcon_core.event_handler.log_command:Invoked command in '/home/semegn/agribot_ws/build/agribot_description' returned '0': CMAKE_PREFIX_PATH=${CMAKE_PREFIX_PATH}:/opt/ros/humble:/home/semegn/agribot_ws/install/agribot_vision:/home/semegn/agribot_ws/install/agribot_navigation:/home/semegn/agribot_ws/install/agribot_nav2_bringup /usr/bin/cmake --build /home/semegn/agribot_ws/build/agribot_description -- -j8 -l8
[1.354s] DEBUG:colcon.colcon_core.event_handler.log_command:Invoking command in '/home/semegn/agribot_ws/build/agribot_description': CMAKE_PREFIX_PATH=${CMAKE_PREFIX_PATH}:/opt/ros/humble:/home/semegn/agribot_ws/install/agribot_vision:/home/semegn/agribot_ws/install/agribot_navigation:/home/semegn/agribot_ws/install/agribot_nav2_bringup /usr/bin/cmake --install /home/semegn/agribot_ws/build/agribot_description
[1.354s] DEBUG:colcon.colcon_core.event_handler.log_command:Invoked command in '/home/semegn/agribot_ws/build/agribot_gazebo' returned '0': CMAKE_PREFIX_PATH=${CMAKE_PREFIX_PATH}:/opt/ros/humble:/home/semegn/agribot_ws/install/agribot_vision:/home/semegn/agribot_ws/install/agribot_navigation:/home/semegn/agribot_ws/install/agribot_nav2_bringup /usr/bin/cmake --build /home/semegn/agribot_ws/build/agribot_gazebo -- -j8 -l8
[1.355s] DEBUG:colcon.colcon_core.event_handler.log_command:Invoking command in '/home/semegn/agribot_ws/build/agribot_gazebo': CMAKE_PREFIX_PATH=${CMAKE_PREFIX_PATH}:/opt/ros/humble:/home/semegn/agribot_ws/install/agribot_vision:/home/semegn/agribot_ws/install/agribot_navigation:/home/semegn/agribot_ws/install/agribot_nav2_bringup /usr/bin/cmake --install /home/semegn/agribot_ws/build/agribot_gazebo
[1.383s] Level 1:colcon.colcon_core.environment:create_environment_scripts_only(agribot_description)
[1.384s] DEBUG:colcon.colcon_core.event_handler.log_command:Invoked command in '/home/semegn/agribot_ws/build/agribot_description' returned '0': CMAKE_PREFIX_PATH=${CMAKE_PREFIX_PATH}:/opt/ros/humble:/home/semegn/agribot_ws/install/agribot_vision:/home/semegn/agribot_ws/install/agribot_navigation:/home/semegn/agribot_ws/install/agribot_nav2_bringup /usr/bin/cmake --install /home/semegn/agribot_ws/build/agribot_description
[1.386s] Level 1:colcon.colcon_core.environment:checking '/home/semegn/agribot_ws/install/agribot_description' for CMake module files
[1.387s] Level 1:colcon.colcon_core.environment:checking '/home/semegn/agribot_ws/install/agribot_description' for CMake config files
[1.387s] Level 1:colcon.colcon_core.shell:create_environment_hook('agribot_description', 'cmake_prefix_path')
[1.387s] INFO:colcon.colcon_core.shell:Creating environment hook '/home/semegn/agribot_ws/install/agribot_description/share/agribot_description/hook/cmake_prefix_path.ps1'
[1.388s] INFO:colcon.colcon_core.shell:Creating environment descriptor '/home/semegn/agribot_ws/install/agribot_description/share/agribot_description/hook/cmake_prefix_path.dsv'
[1.388s] INFO:colcon.colcon_core.shell:Creating environment hook '/home/semegn/agribot_ws/install/agribot_description/share/agribot_description/hook/cmake_prefix_path.sh'
[1.389s] Level 1:colcon.colcon_core.environment:checking '/home/semegn/agribot_ws/install/agribot_description/bin'
[1.389s] Level 1:colcon.colcon_core.environment:checking '/home/semegn/agribot_ws/install/agribot_description/lib/pkgconfig/agribot_description.pc'
[1.389s] Level 1:colcon.colcon_core.environment:checking '/home/semegn/agribot_ws/install/agribot_description/lib/python3.10/site-packages'
[1.390s] Level 1:colcon.colcon_core.environment:checking '/home/semegn/agribot_ws/install/agribot_description/bin'
[1.390s] INFO:colcon.colcon_core.shell:Creating package script '/home/semegn/agribot_ws/install/agribot_description/share/agribot_description/package.ps1'
[1.391s] INFO:colcon.colcon_core.shell:Creating package descriptor '/home/semegn/agribot_ws/install/agribot_description/share/agribot_description/package.dsv'
[1.391s] INFO:colcon.colcon_core.shell:Creating package script '/home/semegn/agribot_ws/install/agribot_description/share/agribot_description/package.sh'
[1.392s] INFO:colcon.colcon_core.shell:Creating package script '/home/semegn/agribot_ws/install/agribot_description/share/agribot_description/package.bash'
[1.393s] INFO:colcon.colcon_core.shell:Creating package script '/home/semegn/agribot_ws/install/agribot_description/share/agribot_description/package.zsh'
[1.393s] Level 1:colcon.colcon_core.environment:create_file_with_runtime_dependencies(/home/semegn/agribot_ws/install/agribot_description/share/colcon-core/packages/agribot_description)
[1.394s] Level 1:colcon.colcon_core.environment:create_environment_scripts_only(agribot_description)
[1.394s] Level 1:colcon.colcon_core.environment:checking '/home/semegn/agribot_ws/install/agribot_description' for CMake module files
[1.395s] Level 1:colcon.colcon_core.environment:checking '/home/semegn/agribot_ws/install/agribot_description' for CMake config files
[1.395s] Level 1:colcon.colcon_core.shell:create_environment_hook('agribot_description', 'cmake_prefix_path')
[1.395s] INFO:colcon.colcon_core.shell:Creating environment hook '/home/semegn/agribot_ws/install/agribot_description/share/agribot_description/hook/cmake_prefix_path.ps1'
[1.396s] INFO:colcon.colcon_core.shell:Creating environment descriptor '/home/semegn/agribot_ws/install/agribot_description/share/agribot_description/hook/cmake_prefix_path.dsv'
[1.396s] INFO:colcon.colcon_core.shell:Creating environment hook '/home/semegn/agribot_ws/install/agribot_description/share/agribot_description/hook/cmake_prefix_path.sh'
[1.396s] Level 1:colcon.colcon_core.environment:checking '/home/semegn/agribot_ws/install/agribot_description/bin'
[1.396s] Level 1:colcon.colcon_core.environment:checking '/home/semegn/agribot_ws/install/agribot_description/lib/pkgconfig/agribot_description.pc'
[1.397s] Level 1:colcon.colcon_core.environment:checking '/home/semegn/agribot_ws/install/agribot_description/lib/python3.10/site-packages'
[1.397s] Level 1:colcon.colcon_core.environment:checking '/home/semegn/agribot_ws/install/agribot_description/bin'
[1.397s] INFO:colcon.colcon_core.shell:Creating package script '/home/semegn/agribot_ws/install/agribot_description/share/agribot_description/package.ps1'
[1.398s] INFO:colcon.colcon_core.shell:Creating package descriptor '/home/semegn/agribot_ws/install/agribot_description/share/agribot_description/package.dsv'
[1.398s] INFO:colcon.colcon_core.shell:Creating package script '/home/semegn/agribot_ws/install/agribot_description/share/agribot_description/package.sh'
[1.399s] INFO:colcon.colcon_core.shell:Creating package script '/home/semegn/agribot_ws/install/agribot_description/share/agribot_description/package.bash'
[1.399s] INFO:colcon.colcon_core.shell:Creating package script '/home/semegn/agribot_ws/install/agribot_description/share/agribot_description/package.zsh'
[1.399s] Level 1:colcon.colcon_core.environment:create_file_with_runtime_dependencies(/home/semegn/agribot_ws/install/agribot_description/share/colcon-core/packages/agribot_description)
[1.400s] Level 1:colcon.colcon_core.environment:create_environment_scripts_only(agribot_gazebo)
[1.401s] Level 1:colcon.colcon_core.environment:checking '/home/semegn/agribot_ws/install/agribot_gazebo' for CMake module files
[1.401s] DEBUG:colcon.colcon_core.event_handler.log_command:Invoked command in '/home/semegn/agribot_ws/build/agribot_gazebo' returned '0': CMAKE_PREFIX_PATH=${CMAKE_PREFIX_PATH}:/opt/ros/humble:/home/semegn/agribot_ws/install/agribot_vision:/home/semegn/agribot_ws/install/agribot_navigation:/home/semegn/agribot_ws/install/agribot_nav2_bringup /usr/bin/cmake --install /home/semegn/agribot_ws/build/agribot_gazebo
[1.402s] Level 1:colcon.colcon_core.environment:checking '/home/semegn/agribot_ws/install/agribot_gazebo' for CMake config files
[1.402s] Level 1:colcon.colcon_core.shell:create_environment_hook('agribot_gazebo', 'cmake_prefix_path')
[1.402s] INFO:colcon.colcon_core.shell:Creating environment hook '/home/semegn/agribot_ws/install/agribot_gazebo/share/agribot_gazebo/hook/cmake_prefix_path.ps1'
[1.403s] INFO:colcon.colcon_core.shell:Creating environment descriptor '/home/semegn/agribot_ws/install/agribot_gazebo/share/agribot_gazebo/hook/cmake_prefix_path.dsv'
[1.403s] INFO:colcon.colcon_core.shell:Creating environment hook '/home/semegn/agribot_ws/install/agribot_gazebo/share/agribot_gazebo/hook/cmake_prefix_path.sh'
[1.404s] Level 1:colcon.colcon_core.environment:checking '/home/semegn/agribot_ws/install/agribot_gazebo/bin'
[1.404s] Level 1:colcon.colcon_core.environment:checking '/home/semegn/agribot_ws/install/agribot_gazebo/lib/pkgconfig/agribot_gazebo.pc'
[1.404s] Level 1:colcon.colcon_core.environment:checking '/home/semegn/agribot_ws/install/agribot_gazebo/lib/python3.10/site-packages'
[1.404s] Level 1:colcon.colcon_core.environment:checking '/home/semegn/agribot_ws/install/agribot_gazebo/bin'
[1.404s] INFO:colcon.colcon_core.shell:Creating package script '/home/semegn/agribot_ws/install/agribot_gazebo/share/agribot_gazebo/package.ps1'
[1.405s] INFO:colcon.colcon_core.shell:Creating package descriptor '/home/semegn/agribot_ws/install/agribot_gazebo/share/agribot_gazebo/package.dsv'
[1.405s] INFO:colcon.colcon_core.shell:Creating package script '/home/semegn/agribot_ws/install/agribot_gazebo/share/agribot_gazebo/package.sh'
[1.406s] INFO:colcon.colcon_core.shell:Creating package script '/home/semegn/agribot_ws/install/agribot_gazebo/share/agribot_gazebo/package.bash'
[1.406s] INFO:colcon.colcon_core.shell:Creating package script '/home/semegn/agribot_ws/install/agribot_gazebo/share/agribot_gazebo/package.zsh'
[1.406s] Level 1:colcon.colcon_core.environment:create_file_with_runtime_dependencies(/home/semegn/agribot_ws/install/agribot_gazebo/share/colcon-core/packages/agribot_gazebo)
[1.407s] Level 1:colcon.colcon_core.environment:create_environment_scripts_only(agribot_gazebo)
[1.407s] Level 1:colcon.colcon_core.environment:checking '/home/semegn/agribot_ws/install/agribot_gazebo' for CMake module files
[1.408s] Level 1:colcon.colcon_core.environment:checking '/home/semegn/agribot_ws/install/agribot_gazebo' for CMake config files
[1.408s] Level 1:colcon.colcon_core.shell:create_environment_hook('agribot_gazebo', 'cmake_prefix_path')
[1.408s] INFO:colcon.colcon_core.shell:Creating environment hook '/home/semegn/agribot_ws/install/agribot_gazebo/share/agribot_gazebo/hook/cmake_prefix_path.ps1'
[1.409s] INFO:colcon.colcon_core.shell:Creating environment descriptor '/home/semegn/agribot_ws/install/agribot_gazebo/share/agribot_gazebo/hook/cmake_prefix_path.dsv'
[1.409s] INFO:colcon.colcon_core.shell:Creating environment hook '/home/semegn/agribot_ws/install/agribot_gazebo/share/agribot_gazebo/hook/cmake_prefix_path.sh'
[1.409s] Level 1:colcon.colcon_core.environment:checking '/home/semegn/agribot_ws/install/agribot_gazebo/bin'
[1.410s] Level 1:colcon.colcon_core.environment:checking '/home/semegn/agribot_ws/install/agribot_gazebo/lib/pkgconfig/agribot_gazebo.pc'
[1.410s] Level 1:colcon.colcon_core.environment:checking '/home/semegn/agribot_ws/install/agribot_gazebo/lib/python3.10/site-packages'
[1.410s] Level 1:colcon.colcon_core.environment:checking '/home/semegn/agribot_ws/install/agribot_gazebo/bin'
[1.411s] INFO:colcon.colcon_core.shell:Creating package script '/home/semegn/agribot_ws/install/agribot_gazebo/share/agribot_gazebo/package.ps1'
[1.412s] INFO:colcon.colcon_core.shell:Creating package descriptor '/home/semegn/agribot_ws/install/agribot_gazebo/share/agribot_gazebo/package.dsv'
[1.412s] INFO:colcon.colcon_core.shell:Creating package script '/home/semegn/agribot_ws/install/agribot_gazebo/share/agribot_gazebo/package.sh'
[1.413s] INFO:colcon.colcon_core.shell:Creating package script '/home/semegn/agribot_ws/install/agribot_gazebo/share/agribot_gazebo/package.bash'
[1.413s] INFO:colcon.colcon_core.shell:Creating package script '/home/semegn/agribot_ws/install/agribot_gazebo/share/agribot_gazebo/package.zsh'
[1.414s] Level 1:colcon.colcon_core.environment:create_file_with_runtime_dependencies(/home/semegn/agribot_ws/install/agribot_gazebo/share/colcon-core/packages/agribot_gazebo)
[1.841s] DEBUG:colcon.colcon_core.event_handler.log_command:Invoking command in '/home/semegn/agribot_ws/src/agribot_nav2_bringup': PYTHONPATH=/home/semegn/agribot_ws/build/agribot_nav2_bringup/prefix_override:/usr/lib/python3/dist-packages/colcon_core/task/python/colcon_distutils_commands:/home/semegn/agribot_ws/install/agribot_nav2_bringup/lib/python3.10/site-packages:${PYTHONPATH} /usr/bin/python3 -W ignore:setup.py install is deprecated -W ignore:easy_install command is deprecated setup.py egg_info --egg-base ../../build/agribot_nav2_bringup build --build-base /home/semegn/agribot_ws/build/agribot_nav2_bringup/build install --record /home/semegn/agribot_ws/build/agribot_nav2_bringup/install.log --single-version-externally-managed install_data
[1.846s] DEBUG:colcon.colcon_core.event_handler.log_command:Invoking command in '/home/semegn/agribot_ws/src/agribot_navigation': PYTHONPATH=/home/semegn/agribot_ws/build/agribot_navigation/prefix_override:/usr/lib/python3/dist-packages/colcon_core/task/python/colcon_distutils_commands:/home/semegn/agribot_ws/install/agribot_navigation/lib/python3.10/site-packages:${PYTHONPATH} /usr/bin/python3 -W ignore:setup.py install is deprecated -W ignore:easy_install command is deprecated setup.py egg_info --egg-base ../../build/agribot_navigation build --build-base /home/semegn/agribot_ws/build/agribot_navigation/build install --record /home/semegn/agribot_ws/build/agribot_navigation/install.log --single-version-externally-managed install_data
[1.847s] DEBUG:colcon.colcon_core.event_handler.log_command:Invoking command in '/home/semegn/agribot_ws/src/agribot_vision': PYTHONPATH=/home/semegn/agribot_ws/build/agribot_vision/prefix_override:/usr/lib/python3/dist-packages/colcon_core/task/python/colcon_distutils_commands:/home/semegn/agribot_ws/install/agribot_vision/lib/python3.10/site-packages:${PYTHONPATH} /usr/bin/python3 -W ignore:setup.py install is deprecated -W ignore:easy_install command is deprecated setup.py egg_info --egg-base ../../build/agribot_vision build --build-base /home/semegn/agribot_ws/build/agribot_vision/build install --record /home/semegn/agribot_ws/build/agribot_vision/install.log --single-version-externally-managed install_data
[2.208s] Level 1:colcon.colcon_core.environment:checking '/home/semegn/agribot_ws/install/agribot_vision' for CMake module files
[2.209s] DEBUG:colcon.colcon_core.event_handler.log_command:Invoked command in '/home/semegn/agribot_ws/src/agribot_vision' returned '0': PYTHONPATH=/home/semegn/agribot_ws/build/agribot_vision/prefix_override:/usr/lib/python3/dist-packages/colcon_core/task/python/colcon_distutils_commands:/home/semegn/agribot_ws/install/agribot_vision/lib/python3.10/site-packages:${PYTHONPATH} /usr/bin/python3 -W ignore:setup.py install is deprecated -W ignore:easy_install command is deprecated setup.py egg_info --egg-base ../../build/agribot_vision build --build-base /home/semegn/agribot_ws/build/agribot_vision/build install --record /home/semegn/agribot_ws/build/agribot_vision/install.log --single-version-externally-managed install_data
[2.210s] Level 1:colcon.colcon_core.environment:checking '/home/semegn/agribot_ws/install/agribot_vision' for CMake config files
[2.210s] Level 1:colcon.colcon_core.environment:checking '/home/semegn/agribot_ws/install/agribot_vision/lib'
[2.211s] Level 1:colcon.colcon_core.environment:checking '/home/semegn/agribot_ws/install/agribot_vision/bin'
[2.211s] Level 1:colcon.colcon_core.environment:checking '/home/semegn/agribot_ws/install/agribot_vision/lib/pkgconfig/agribot_vision.pc'
[2.211s] Level 1:colcon.colcon_core.environment:checking '/home/semegn/agribot_ws/install/agribot_vision/lib/python3.10/site-packages'
[2.211s] Level 1:colcon.colcon_core.shell:create_environment_hook('agribot_vision', 'pythonpath')
[2.212s] INFO:colcon.colcon_core.shell:Creating environment hook '/home/semegn/agribot_ws/install/agribot_vision/share/agribot_vision/hook/pythonpath.ps1'
[2.212s] INFO:colcon.colcon_core.shell:Creating environment descriptor '/home/semegn/agribot_ws/install/agribot_vision/share/agribot_vision/hook/pythonpath.dsv'
[2.213s] INFO:colcon.colcon_core.shell:Creating environment hook '/home/semegn/agribot_ws/install/agribot_vision/share/agribot_vision/hook/pythonpath.sh'
[2.214s] Level 1:colcon.colcon_core.environment:checking '/home/semegn/agribot_ws/install/agribot_vision/bin'
[2.214s] Level 1:colcon.colcon_core.environment:create_environment_scripts_only(agribot_vision)
[2.214s] INFO:colcon.colcon_core.shell:Creating package script '/home/semegn/agribot_ws/install/agribot_vision/share/agribot_vision/package.ps1'
[2.215s] INFO:colcon.colcon_core.shell:Creating package descriptor '/home/semegn/agribot_ws/install/agribot_vision/share/agribot_vision/package.dsv'
[2.216s] INFO:colcon.colcon_core.shell:Creating package script '/home/semegn/agribot_ws/install/agribot_vision/share/agribot_vision/package.sh'
[2.216s] INFO:colcon.colcon_core.shell:Creating package script '/home/semegn/agribot_ws/install/agribot_vision/share/agribot_vision/package.bash'
[2.217s] INFO:colcon.colcon_core.shell:Creating package script '/home/semegn/agribot_ws/install/agribot_vision/share/agribot_vision/package.zsh'
[2.217s] Level 1:colcon.colcon_core.environment:create_file_with_runtime_dependencies(/home/semegn/agribot_ws/install/agribot_vision/share/colcon-core/packages/agribot_vision)
[2.219s] Level 1:colcon.colcon_core.environment:checking '/home/semegn/agribot_ws/install/agribot_navigation' for CMake module files
[2.220s] Level 1:colcon.colcon_core.environment:checking '/home/semegn/agribot_ws/install/agribot_navigation' for CMake config files
[2.220s] DEBUG:colcon.colcon_core.event_handler.log_command:Invoked command in '/home/semegn/agribot_ws/src/agribot_navigation' returned '0': PYTHONPATH=/home/semegn/agribot_ws/build/agribot_navigation/prefix_override:/usr/lib/python3/dist-packages/colcon_core/task/python/colcon_distutils_commands:/home/semegn/agribot_ws/install/agribot_navigation/lib/python3.10/site-packages:${PYTHONPATH} /usr/bin/python3 -W ignore:setup.py install is deprecated -W ignore:easy_install command is deprecated setup.py egg_info --egg-base ../../build/agribot_navigation build --build-base /home/semegn/agribot_ws/build/agribot_navigation/build install --record /home/semegn/agribot_ws/build/agribot_navigation/install.log --single-version-externally-managed install_data
[2.221s] Level 1:colcon.colcon_core.environment:checking '/home/semegn/agribot_ws/install/agribot_navigation/lib'
[2.221s] Level 1:colcon.colcon_core.environment:checking '/home/semegn/agribot_ws/install/agribot_navigation/bin'
[2.221s] Level 1:colcon.colcon_core.environment:checking '/home/semegn/agribot_ws/install/agribot_navigation/lib/pkgconfig/agribot_navigation.pc'
[2.222s] Level 1:colcon.colcon_core.environment:checking '/home/semegn/agribot_ws/install/agribot_navigation/lib/python3.10/site-packages'
[2.222s] Level 1:colcon.colcon_core.shell:create_environment_hook('agribot_navigation', 'pythonpath')
[2.222s] INFO:colcon.colcon_core.shell:Creating environment hook '/home/semegn/agribot_ws/install/agribot_navigation/share/agribot_navigation/hook/pythonpath.ps1'
[2.223s] INFO:colcon.colcon_core.shell:Creating environment descriptor '/home/semegn/agribot_ws/install/agribot_navigation/share/agribot_navigation/hook/pythonpath.dsv'
[2.223s] INFO:colcon.colcon_core.shell:Creating environment hook '/home/semegn/agribot_ws/install/agribot_navigation/share/agribot_navigation/hook/pythonpath.sh'
[2.224s] Level 1:colcon.colcon_core.environment:checking '/home/semegn/agribot_ws/install/agribot_navigation/bin'
[2.224s] Level 1:colcon.colcon_core.environment:create_environment_scripts_only(agribot_navigation)
[2.225s] INFO:colcon.colcon_core.shell:Creating package script '/home/semegn/agribot_ws/install/agribot_navigation/share/agribot_navigation/package.ps1'
[2.225s] INFO:colcon.colcon_core.shell:Creating package descriptor '/home/semegn/agribot_ws/install/agribot_navigation/share/agribot_navigation/package.dsv'
[2.226s] INFO:colcon.colcon_core.shell:Creating package script '/home/semegn/agribot_ws/install/agribot_navigation/share/agribot_navigation/package.sh'
[2.226s] INFO:colcon.colcon_core.shell:Creating package script '/home/semegn/agribot_ws/install/agribot_navigation/share/agribot_navigation/package.bash'
[2.227s] INFO:colcon.colcon_core.shell:Creating package script '/home/semegn/agribot_ws/install/agribot_navigation/share/agribot_navigation/package.zsh'
[2.227s] Level 1:colcon.colcon_core.environment:create_file_with_runtime_dependencies(/home/semegn/agribot_ws/install/agribot_navigation/share/colcon-core/packages/agribot_navigation)
[2.228s] Level 1:colcon.colcon_core.environment:checking '/home/semegn/agribot_ws/install/agribot_nav2_bringup' for CMake module files
[2.229s] Level 1:colcon.colcon_core.environment:checking '/home/semegn/agribot_ws/install/agribot_nav2_bringup' for CMake config files
[2.229s] DEBUG:colcon.colcon_core.event_handler.log_command:Invoked command in '/home/semegn/agribot_ws/src/agribot_nav2_bringup' returned '0': PYTHONPATH=/home/semegn/agribot_ws/build/agribot_nav2_bringup/prefix_override:/usr/lib/python3/dist-packages/colcon_core/task/python/colcon_distutils_commands:/home/semegn/agribot_ws/install/agribot_nav2_bringup/lib/python3.10/site-packages:${PYTHONPATH} /usr/bin/python3 -W ignore:setup.py install is deprecated -W ignore:easy_install command is deprecated setup.py egg_info --egg-base ../../build/agribot_nav2_bringup build --build-base /home/semegn/agribot_ws/build/agribot_nav2_bringup/build install --record /home/semegn/agribot_ws/build/agribot_nav2_bringup/install.log --single-version-externally-managed install_data
[2.230s] Level 1:colcon.colcon_core.environment:checking '/home/semegn/agribot_ws/install/agribot_nav2_bringup/lib'
[2.230s] Level 1:colcon.colcon_core.environment:checking '/home/semegn/agribot_ws/install/agribot_nav2_bringup/bin'
[2.230s] Level 1:colcon.colcon_core.environment:checking '/home/semegn/agribot_ws/install/agribot_nav2_bringup/lib/pkgconfig/agribot_nav2_bringup.pc'
[2.231s] Level 1:colcon.colcon_core.environment:checking '/home/semegn/agribot_ws/install/agribot_nav2_bringup/lib/python3.10/site-packages'
[2.231s] Level 1:colcon.colcon_core.shell:create_environment_hook('agribot_nav2_bringup', 'pythonpath')
[2.231s] INFO:colcon.colcon_core.shell:Creating environment hook '/home/semegn/agribot_ws/install/agribot_nav2_bringup/share/agribot_nav2_bringup/hook/pythonpath.ps1'
[2.232s] INFO:colcon.colcon_core.shell:Creating environment descriptor '/home/semegn/agribot_ws/install/agribot_nav2_bringup/share/agribot_nav2_bringup/hook/pythonpath.dsv'
[2.232s] INFO:colcon.colcon_core.shell:Creating environment hook '/home/semegn/agribot_ws/install/agribot_nav2_bringup/share/agribot_nav2_bringup/hook/pythonpath.sh'
[2.233s] Level 1:colcon.colcon_core.environment:checking '/home/semegn/agribot_ws/install/agribot_nav2_bringup/bin'
[2.233s] Level 1:colcon.colcon_core.environment:create_environment_scripts_only(agribot_nav2_bringup)
[2.234s] INFO:colcon.colcon_core.shell:Creating package script '/home/semegn/agribot_ws/install/agribot_nav2_bringup/share/agribot_nav2_bringup/package.ps1'
[2.234s] INFO:colcon.colcon_core.shell:Creating package descriptor '/home/semegn/agribot_ws/install/agribot_nav2_bringup/share/agribot_nav2_bringup/package.dsv'
[2.235s] INFO:colcon.colcon_core.shell:Creating package script '/home/semegn/agribot_ws/install/agribot_nav2_bringup/share/agribot_nav2_bringup/package.sh'
[2.235s] INFO:colcon.colcon_core.shell:Creating package script '/home/semegn/agribot_ws/install/agribot_nav2_bringup/share/agribot_nav2_bringup/package.bash'
[2.236s] INFO:colcon.colcon_core.shell:Creating package script '/home/semegn/agribot_ws/install/agribot_nav2_bringup/share/agribot_nav2_bringup/package.zsh'
[2.236s] Level 1:colcon.colcon_core.environment:create_file_with_runtime_dependencies(/home/semegn/agribot_ws/install/agribot_nav2_bringup/share/colcon-core/packages/agribot_nav2_bringup)
[2.237s] DEBUG:colcon.colcon_parallel_executor.executor.parallel:closing loop
[2.237s] DEBUG:colcon.colcon_parallel_executor.executor.parallel:loop closed
[2.237s] DEBUG:colcon.colcon_parallel_executor.executor.parallel:run_until_complete finished with '0'
[2.237s] DEBUG:colcon.colcon_core.event_reactor:joining thread
[2.245s] INFO:colcon.colcon_core.plugin_system:Skipping extension 'colcon_notification.desktop_notification.terminal_notifier': Not used on non-Darwin systems
[2.245s] INFO:colcon.colcon_core.plugin_system:Skipping extension 'colcon_notification.desktop_notification.win32': Not used on non-Windows systems
[2.245s] INFO:colcon.colcon_notification.desktop_notification:Sending desktop notification using 'notify2'
[2.259s] DEBUG:colcon.colcon_core.event_reactor:joined thread
[2.260s] INFO:colcon.colcon_core.shell:Creating prefix script '/home/semegn/agribot_ws/install/local_setup.ps1'
[2.261s] INFO:colcon.colcon_core.shell:Creating prefix util module '/home/semegn/agribot_ws/install/_local_setup_util_ps1.py'
[2.264s] INFO:colcon.colcon_core.shell:Creating prefix chain script '/home/semegn/agribot_ws/install/setup.ps1'
[2.266s] INFO:colcon.colcon_core.shell:Creating prefix script '/home/semegn/agribot_ws/install/local_setup.sh'
[2.267s] INFO:colcon.colcon_core.shell:Creating prefix util module '/home/semegn/agribot_ws/install/_local_setup_util_sh.py'
[2.267s] INFO:colcon.colcon_core.shell:Creating prefix chain script '/home/semegn/agribot_ws/install/setup.sh'
[2.269s] INFO:colcon.colcon_core.shell:Creating prefix script '/home/semegn/agribot_ws/install/local_setup.bash'
[2.270s] INFO:colcon.colcon_core.shell:Creating prefix chain script '/home/semegn/agribot_ws/install/setup.bash'
[2.271s] INFO:colcon.colcon_core.shell:Creating prefix script '/home/semegn/agribot_ws/install/local_setup.zsh'
[2.272s] INFO:colcon.colcon_core.shell:Creating prefix chain script '/home/semegn/agribot_ws/install/setup.zsh'
