[0.018s] Invoking command in '/home/semegn/agribot_ws/build/agribot_description': /usr/bin/cmake --build /home/semegn/agribot_ws/build/agribot_description -- -j8 -l8
[0.683s] Invoked command in '/home/semegn/agribot_ws/build/agribot_description' returned '0': /usr/bin/cmake --build /home/semegn/agribot_ws/build/agribot_description -- -j8 -l8
[0.692s] Invoking command in '/home/semegn/agribot_ws/build/agribot_description': /usr/bin/cmake --install /home/semegn/agribot_ws/build/agribot_description
[0.699s] -- Install configuration: ""
[0.699s] -- Execute custom install script
[0.700s] -- Up-to-date symlink: /home/semegn/agribot_ws/install/agribot_description/share/agribot_description/urdf/agribot.urdf.xacro
[0.700s] -- Up-to-date symlink: /home/semegn/agribot_ws/install/agribot_description/share/agribot_description/launch/agribot_spawn.launch.py
[0.700s] -- Up-to-date symlink: /home/semegn/agribot_ws/install/agribot_description/share/agribot_description/launch/master.launch.py
[0.701s] -- Up-to-date symlink: /home/semegn/agribot_ws/install/agribot_description/share/ament_index/resource_index/package_run_dependencies/agribot_description
[0.701s] -- Up-to-date symlink: /home/semegn/agribot_ws/install/agribot_description/share/ament_index/resource_index/parent_prefix_path/agribot_description
[0.701s] -- Up-to-date symlink: /home/semegn/agribot_ws/install/agribot_description/share/agribot_description/environment/ament_prefix_path.sh
[0.708s] -- Up-to-date symlink: /home/semegn/agribot_ws/install/agribot_description/share/agribot_description/environment/ament_prefix_path.dsv
[0.708s] -- Up-to-date symlink: /home/semegn/agribot_ws/install/agribot_description/share/agribot_description/environment/path.sh
[0.708s] -- Up-to-date symlink: /home/semegn/agribot_ws/install/agribot_description/share/agribot_description/environment/path.dsv
[0.708s] -- Up-to-date symlink: /home/semegn/agribot_ws/install/agribot_description/share/agribot_description/local_setup.bash
[0.708s] -- Up-to-date symlink: /home/semegn/agribot_ws/install/agribot_description/share/agribot_description/local_setup.sh
[0.708s] -- Up-to-date symlink: /home/semegn/agribot_ws/install/agribot_description/share/agribot_description/local_setup.zsh
[0.709s] -- Up-to-date symlink: /home/semegn/agribot_ws/install/agribot_description/share/agribot_description/local_setup.dsv
[0.709s] -- Symlinking: /home/semegn/agribot_ws/install/agribot_description/share/agribot_description/package.dsv
[0.715s] -- Up-to-date symlink: /home/semegn/agribot_ws/install/agribot_description/share/ament_index/resource_index/packages/agribot_description
[0.715s] -- Up-to-date symlink: /home/semegn/agribot_ws/install/agribot_description/share/agribot_description/cmake/agribot_descriptionConfig.cmake
[0.715s] -- Up-to-date symlink: /home/semegn/agribot_ws/install/agribot_description/share/agribot_description/cmake/agribot_descriptionConfig-version.cmake
[0.715s] -- Up-to-date symlink: /home/semegn/agribot_ws/install/agribot_description/share/agribot_description/package.xml
[0.718s] Invoked command in '/home/semegn/agribot_ws/build/agribot_description' returned '0': /usr/bin/cmake --install /home/semegn/agribot_ws/build/agribot_description
