running develop
Removing /home/semegn/agribot_ws/install/agribot_nav2_bringup/lib/python3.10/site-packages/agribot-nav2-bringup.egg-link (link to .)
running egg_info
writing ../../build/agribot_nav2_bringup/agribot_nav2_bringup.egg-info/PKG-INFO
writing dependency_links to ../../build/agribot_nav2_bringup/agribot_nav2_bringup.egg-info/dependency_links.txt
writing requirements to ../../build/agribot_nav2_bringup/agribot_nav2_bringup.egg-info/requires.txt
writing top-level names to ../../build/agribot_nav2_bringup/agribot_nav2_bringup.egg-info/top_level.txt
reading manifest file '../../build/agribot_nav2_bringup/agribot_nav2_bringup.egg-info/SOURCES.txt'
writing manifest file '../../build/agribot_nav2_bringup/agribot_nav2_bringup.egg-info/SOURCES.txt'
running build
running build_py
creating /home/semegn/agribot_ws/build/agribot_nav2_bringup/build
creating /home/semegn/agribot_ws/build/agribot_nav2_bringup/build/lib
creating /home/semegn/agribot_ws/build/agribot_nav2_bringup/build/lib/agribot_nav2_bringup
copying agribot_nav2_bringup/__init__.py -> /home/semegn/agribot_ws/build/agribot_nav2_bringup/build/lib/agribot_nav2_bringup
copying agribot_nav2_bringup/farm_patrol.py -> /home/semegn/agribot_ws/build/agribot_nav2_bringup/build/lib/agribot_nav2_bringup
running install
running install_lib
creating /home/semegn/agribot_ws/install/agribot_nav2_bringup/lib/python3.10/site-packages/agribot_nav2_bringup
copying /home/semegn/agribot_ws/build/agribot_nav2_bringup/build/lib/agribot_nav2_bringup/__init__.py -> /home/semegn/agribot_ws/install/agribot_nav2_bringup/lib/python3.10/site-packages/agribot_nav2_bringup
copying /home/semegn/agribot_ws/build/agribot_nav2_bringup/build/lib/agribot_nav2_bringup/farm_patrol.py -> /home/semegn/agribot_ws/install/agribot_nav2_bringup/lib/python3.10/site-packages/agribot_nav2_bringup
byte-compiling /home/semegn/agribot_ws/install/agribot_nav2_bringup/lib/python3.10/site-packages/agribot_nav2_bringup/__init__.py to __init__.cpython-310.pyc
byte-compiling /home/semegn/agribot_ws/install/agribot_nav2_bringup/lib/python3.10/site-packages/agribot_nav2_bringup/farm_patrol.py to farm_patrol.cpython-310.pyc
running install_data
copying resource/agribot_nav2_bringup -> /home/semegn/agribot_ws/install/agribot_nav2_bringup/share/ament_index/resource_index/packages
copying package.xml -> /home/semegn/agribot_ws/install/agribot_nav2_bringup/share/agribot_nav2_bringup
copying launch/bringup_launch.py -> /home/semegn/agribot_ws/install/agribot_nav2_bringup/share/agribot_nav2_bringup/launch
copying params/nav2_params.yaml -> /home/semegn/agribot_ws/install/agribot_nav2_bringup/share/agribot_nav2_bringup/params
running install_egg_info
Copying ../../build/agribot_nav2_bringup/agribot_nav2_bringup.egg-info to /home/semegn/agribot_ws/install/agribot_nav2_bringup/lib/python3.10/site-packages/agribot_nav2_bringup-0.0.1-py3.10.egg-info
running install_scripts
writing list of installed files to '/home/semegn/agribot_ws/build/agribot_nav2_bringup/install.log'
