[1.714s] Invoking command in '/home/semegn/agribot_ws/build/agribot_nav2_bringup': PYTHONPATH=/home/semegn/agribot_ws/build/agribot_nav2_bringup/prefix_override:/usr/lib/python3/dist-packages/colcon_core/task/python/colcon_distutils_commands:/home/semegn/agribot_ws/install/agribot_nav2_bringup/lib/python3.10/site-packages:${PYTHONPATH} /usr/bin/python3 -W ignore:setup.py install is deprecated -W ignore:easy_install command is deprecated setup.py develop --uninstall --editable --build-directory /home/semegn/agribot_ws/build/agribot_nav2_bringup/build
[2.087s] running develop
[2.349s] Removing /home/semegn/agribot_ws/install/agribot_nav2_bringup/lib/python3.10/site-packages/agribot-nav2-bringup.egg-link (link to .)
[2.396s] Invoked command in '/home/semegn/agribot_ws/build/agribot_nav2_bringup' returned '0': PYTHONPATH=/home/semegn/agribot_ws/build/agribot_nav2_bringup/prefix_override:/usr/lib/python3/dist-packages/colcon_core/task/python/colcon_distutils_commands:/home/semegn/agribot_ws/install/agribot_nav2_bringup/lib/python3.10/site-packages:${PYTHONPATH} /usr/bin/python3 -W ignore:setup.py install is deprecated -W ignore:easy_install command is deprecated setup.py develop --uninstall --editable --build-directory /home/semegn/agribot_ws/build/agribot_nav2_bringup/build
[2.400s] Invoking command in '/home/semegn/agribot_ws/src/agribot_nav2_bringup': PYTHONPATH=/home/semegn/agribot_ws/build/agribot_nav2_bringup/prefix_override:/usr/lib/python3/dist-packages/colcon_core/task/python/colcon_distutils_commands:/home/semegn/agribot_ws/install/agribot_nav2_bringup/lib/python3.10/site-packages:${PYTHONPATH} /usr/bin/python3 -W ignore:setup.py install is deprecated -W ignore:easy_install command is deprecated setup.py egg_info --egg-base ../../build/agribot_nav2_bringup build --build-base /home/semegn/agribot_ws/build/agribot_nav2_bringup/build install --record /home/semegn/agribot_ws/build/agribot_nav2_bringup/install.log --single-version-externally-managed install_data --force
[2.751s] running egg_info
[2.752s] writing ../../build/agribot_nav2_bringup/agribot_nav2_bringup.egg-info/PKG-INFO
[2.752s] writing dependency_links to ../../build/agribot_nav2_bringup/agribot_nav2_bringup.egg-info/dependency_links.txt
[2.752s] writing requirements to ../../build/agribot_nav2_bringup/agribot_nav2_bringup.egg-info/requires.txt
[2.752s] writing top-level names to ../../build/agribot_nav2_bringup/agribot_nav2_bringup.egg-info/top_level.txt
[2.754s] reading manifest file '../../build/agribot_nav2_bringup/agribot_nav2_bringup.egg-info/SOURCES.txt'
[2.755s] writing manifest file '../../build/agribot_nav2_bringup/agribot_nav2_bringup.egg-info/SOURCES.txt'
[2.755s] running build
[2.755s] running build_py
[2.755s] creating /home/semegn/agribot_ws/build/agribot_nav2_bringup/build
[2.755s] creating /home/semegn/agribot_ws/build/agribot_nav2_bringup/build/lib
[2.755s] creating /home/semegn/agribot_ws/build/agribot_nav2_bringup/build/lib/agribot_nav2_bringup
[2.756s] copying agribot_nav2_bringup/__init__.py -> /home/semegn/agribot_ws/build/agribot_nav2_bringup/build/lib/agribot_nav2_bringup
[2.756s] copying agribot_nav2_bringup/farm_patrol.py -> /home/semegn/agribot_ws/build/agribot_nav2_bringup/build/lib/agribot_nav2_bringup
[2.756s] running install
[2.756s] running install_lib
[2.757s] creating /home/semegn/agribot_ws/install/agribot_nav2_bringup/lib/python3.10/site-packages/agribot_nav2_bringup
[2.757s] copying /home/semegn/agribot_ws/build/agribot_nav2_bringup/build/lib/agribot_nav2_bringup/__init__.py -> /home/semegn/agribot_ws/install/agribot_nav2_bringup/lib/python3.10/site-packages/agribot_nav2_bringup
[2.758s] copying /home/semegn/agribot_ws/build/agribot_nav2_bringup/build/lib/agribot_nav2_bringup/farm_patrol.py -> /home/semegn/agribot_ws/install/agribot_nav2_bringup/lib/python3.10/site-packages/agribot_nav2_bringup
[2.758s] byte-compiling /home/semegn/agribot_ws/install/agribot_nav2_bringup/lib/python3.10/site-packages/agribot_nav2_bringup/__init__.py to __init__.cpython-310.pyc
[2.758s] byte-compiling /home/semegn/agribot_ws/install/agribot_nav2_bringup/lib/python3.10/site-packages/agribot_nav2_bringup/farm_patrol.py to farm_patrol.cpython-310.pyc
[2.759s] running install_data
[2.759s] copying resource/agribot_nav2_bringup -> /home/semegn/agribot_ws/install/agribot_nav2_bringup/share/ament_index/resource_index/packages
[2.759s] copying package.xml -> /home/semegn/agribot_ws/install/agribot_nav2_bringup/share/agribot_nav2_bringup
[2.759s] copying launch/bringup_launch.py -> /home/semegn/agribot_ws/install/agribot_nav2_bringup/share/agribot_nav2_bringup/launch
[2.760s] copying params/nav2_params.yaml -> /home/semegn/agribot_ws/install/agribot_nav2_bringup/share/agribot_nav2_bringup/params
[2.760s] running install_egg_info
[2.764s] Copying ../../build/agribot_nav2_bringup/agribot_nav2_bringup.egg-info to /home/semegn/agribot_ws/install/agribot_nav2_bringup/lib/python3.10/site-packages/agribot_nav2_bringup-0.0.1-py3.10.egg-info
[2.765s] running install_scripts
[2.790s] writing list of installed files to '/home/semegn/agribot_ws/build/agribot_nav2_bringup/install.log'
[2.857s] Invoked command in '/home/semegn/agribot_ws/src/agribot_nav2_bringup' returned '0': PYTHONPATH=/home/semegn/agribot_ws/build/agribot_nav2_bringup/prefix_override:/usr/lib/python3/dist-packages/colcon_core/task/python/colcon_distutils_commands:/home/semegn/agribot_ws/install/agribot_nav2_bringup/lib/python3.10/site-packages:${PYTHONPATH} /usr/bin/python3 -W ignore:setup.py install is deprecated -W ignore:easy_install command is deprecated setup.py egg_info --egg-base ../../build/agribot_nav2_bringup build --build-base /home/semegn/agribot_ws/build/agribot_nav2_bringup/build install --record /home/semegn/agribot_ws/build/agribot_nav2_bringup/install.log --single-version-externally-managed install_data --force
