[0.107s] DEBUG:colcon:Command line arguments: ['/usr/bin/colcon', 'build']
[0.107s] DEBUG:colcon:Parsed command line arguments: Namespace(log_base=None, log_level=None, verb_name='build', build_base='build', install_base='install', merge_install=False, symlink_install=False, test_result_base=None, continue_on_error=False, executor='parallel', parallel_workers=8, event_handlers=None, ignore_user_meta=False, metas=['./colcon.meta'], base_paths=['.'], packages_ignore=None, packages_ignore_regex=None, paths=None, packages_up_to=None, packages_up_to_regex=None, packages_above=None, packages_above_and_dependencies=None, packages_above_depth=None, packages_select_by_dep=None, packages_skip_by_dep=None, packages_skip_up_to=None, packages_select_build_failed=False, packages_skip_build_finished=False, packages_select_test_failures=False, packages_skip_test_passed=False, packages_select=None, packages_skip=None, packages_select_regex=None, packages_skip_regex=None, packages_start=None, packages_end=None, allow_overriding=[], cmake_args=None, cmake_target=None, cmake_target_skip_unavailable=False, cmake_clean_cache=False, cmake_clean_first=False, cmake_force_configure=False, ament_cmake_args=None, catkin_cmake_args=None, catkin_skip_building_tests=False, mixin_files=None, mixin=None, verb_parser=<colcon_mixin.mixin.mixin_argument.MixinArgumentDecorator object at 0x7339a1f0aef0>, verb_extension=<colcon_core.verb.build.BuildVerb object at 0x7339a1f0a140>, main=<bound method BuildVerb.main of <colcon_core.verb.build.BuildVerb object at 0x7339a1f0a140>>, mixin_verb=('build',))
[0.250s] Level 1:colcon.colcon_core.package_discovery:discover_packages(colcon_meta) check parameters
[0.250s] Level 1:colcon.colcon_core.package_discovery:discover_packages(recursive) check parameters
[0.250s] Level 1:colcon.colcon_core.package_discovery:discover_packages(ignore) check parameters
[0.250s] Level 1:colcon.colcon_core.package_discovery:discover_packages(path) check parameters
[0.250s] Level 1:colcon.colcon_core.package_discovery:discover_packages(colcon_meta) discover
[0.250s] Level 1:colcon.colcon_core.package_discovery:discover_packages(recursive) discover
[0.250s] INFO:colcon.colcon_core.package_discovery:Crawling recursively for packages in '/home/semegn/agribot_ws'
[0.250s] Level 1:colcon.colcon_core.package_identification:_identify(.) by extensions ['ignore', 'ignore_ament_install']
[0.250s] Level 1:colcon.colcon_core.package_identification:_identify(.) by extension 'ignore'
[0.250s] Level 1:colcon.colcon_core.package_identification:_identify(.) by extension 'ignore_ament_install'
[0.250s] Level 1:colcon.colcon_core.package_identification:_identify(.) by extensions ['colcon_pkg']
[0.250s] Level 1:colcon.colcon_core.package_identification:_identify(.) by extension 'colcon_pkg'
[0.250s] Level 1:colcon.colcon_core.package_identification:_identify(.) by extensions ['colcon_meta']
[0.250s] Level 1:colcon.colcon_core.package_identification:_identify(.) by extension 'colcon_meta'
[0.250s] Level 1:colcon.colcon_core.package_identification:_identify(.) by extensions ['ros']
[0.250s] Level 1:colcon.colcon_core.package_identification:_identify(.) by extension 'ros'
[0.260s] Level 1:colcon.colcon_core.package_identification:_identify(.) by extensions ['cmake', 'python']
[0.261s] Level 1:colcon.colcon_core.package_identification:_identify(.) by extension 'cmake'
[0.261s] Level 1:colcon.colcon_core.package_identification:_identify(.) by extension 'python'
[0.261s] Level 1:colcon.colcon_core.package_identification:_identify(.) by extensions ['python_setup_py']
[0.261s] Level 1:colcon.colcon_core.package_identification:_identify(.) by extension 'python_setup_py'
[0.261s] Level 1:colcon.colcon_core.package_identification:_identify(build) by extensions ['ignore', 'ignore_ament_install']
[0.261s] Level 1:colcon.colcon_core.package_identification:_identify(build) by extension 'ignore'
[0.261s] Level 1:colcon.colcon_core.package_identification:_identify(build) ignored
[0.261s] Level 1:colcon.colcon_core.package_identification:_identify(install) by extensions ['ignore', 'ignore_ament_install']
[0.261s] Level 1:colcon.colcon_core.package_identification:_identify(install) by extension 'ignore'
[0.261s] Level 1:colcon.colcon_core.package_identification:_identify(install) ignored
[0.261s] Level 1:colcon.colcon_core.package_identification:_identify(log) by extensions ['ignore', 'ignore_ament_install']
[0.261s] Level 1:colcon.colcon_core.package_identification:_identify(log) by extension 'ignore'
[0.261s] Level 1:colcon.colcon_core.package_identification:_identify(log) ignored
[0.261s] Level 1:colcon.colcon_core.package_identification:_identify(src) by extensions ['ignore', 'ignore_ament_install']
[0.261s] Level 1:colcon.colcon_core.package_identification:_identify(src) by extension 'ignore'
[0.262s] Level 1:colcon.colcon_core.package_identification:_identify(src) by extension 'ignore_ament_install'
[0.262s] Level 1:colcon.colcon_core.package_identification:_identify(src) by extensions ['colcon_pkg']
[0.262s] Level 1:colcon.colcon_core.package_identification:_identify(src) by extension 'colcon_pkg'
[0.262s] Level 1:colcon.colcon_core.package_identification:_identify(src) by extensions ['colcon_meta']
[0.262s] Level 1:colcon.colcon_core.package_identification:_identify(src) by extension 'colcon_meta'
[0.262s] Level 1:colcon.colcon_core.package_identification:_identify(src) by extensions ['ros']
[0.262s] Level 1:colcon.colcon_core.package_identification:_identify(src) by extension 'ros'
[0.262s] Level 1:colcon.colcon_core.package_identification:_identify(src) by extensions ['cmake', 'python']
[0.262s] Level 1:colcon.colcon_core.package_identification:_identify(src) by extension 'cmake'
[0.262s] Level 1:colcon.colcon_core.package_identification:_identify(src) by extension 'python'
[0.262s] Level 1:colcon.colcon_core.package_identification:_identify(src) by extensions ['python_setup_py']
[0.262s] Level 1:colcon.colcon_core.package_identification:_identify(src) by extension 'python_setup_py'
[0.262s] Level 1:colcon.colcon_core.package_identification:_identify(src/agribot_description) by extensions ['ignore', 'ignore_ament_install']
[0.262s] Level 1:colcon.colcon_core.package_identification:_identify(src/agribot_description) by extension 'ignore'
[0.262s] Level 1:colcon.colcon_core.package_identification:_identify(src/agribot_description) by extension 'ignore_ament_install'
[0.262s] Level 1:colcon.colcon_core.package_identification:_identify(src/agribot_description) by extensions ['colcon_pkg']
[0.262s] Level 1:colcon.colcon_core.package_identification:_identify(src/agribot_description) by extension 'colcon_pkg'
[0.262s] Level 1:colcon.colcon_core.package_identification:_identify(src/agribot_description) by extensions ['colcon_meta']
[0.262s] Level 1:colcon.colcon_core.package_identification:_identify(src/agribot_description) by extension 'colcon_meta'
[0.262s] Level 1:colcon.colcon_core.package_identification:_identify(src/agribot_description) by extensions ['ros']
[0.262s] Level 1:colcon.colcon_core.package_identification:_identify(src/agribot_description) by extension 'ros'
[0.264s] DEBUG:colcon.colcon_core.package_identification:Package 'src/agribot_description' with type 'ros.ament_cmake' and name 'agribot_description'
[0.264s] Level 1:colcon.colcon_core.package_identification:_identify(src/agribot_gazebo) by extensions ['ignore', 'ignore_ament_install']
[0.265s] Level 1:colcon.colcon_core.package_identification:_identify(src/agribot_gazebo) by extension 'ignore'
[0.265s] Level 1:colcon.colcon_core.package_identification:_identify(src/agribot_gazebo) by extension 'ignore_ament_install'
[0.265s] Level 1:colcon.colcon_core.package_identification:_identify(src/agribot_gazebo) by extensions ['colcon_pkg']
[0.265s] Level 1:colcon.colcon_core.package_identification:_identify(src/agribot_gazebo) by extension 'colcon_pkg'
[0.265s] Level 1:colcon.colcon_core.package_identification:_identify(src/agribot_gazebo) by extensions ['colcon_meta']
[0.265s] Level 1:colcon.colcon_core.package_identification:_identify(src/agribot_gazebo) by extension 'colcon_meta'
[0.265s] Level 1:colcon.colcon_core.package_identification:_identify(src/agribot_gazebo) by extensions ['ros']
[0.265s] Level 1:colcon.colcon_core.package_identification:_identify(src/agribot_gazebo) by extension 'ros'
[0.265s] DEBUG:colcon.colcon_core.package_identification:Package 'src/agribot_gazebo' with type 'ros.ament_cmake' and name 'agribot_gazebo'
[0.265s] Level 1:colcon.colcon_core.package_identification:_identify(src/agribot_nav2_bringup) by extensions ['ignore', 'ignore_ament_install']
[0.265s] Level 1:colcon.colcon_core.package_identification:_identify(src/agribot_nav2_bringup) by extension 'ignore'
[0.265s] Level 1:colcon.colcon_core.package_identification:_identify(src/agribot_nav2_bringup) by extension 'ignore_ament_install'
[0.266s] Level 1:colcon.colcon_core.package_identification:_identify(src/agribot_nav2_bringup) by extensions ['colcon_pkg']
[0.266s] Level 1:colcon.colcon_core.package_identification:_identify(src/agribot_nav2_bringup) by extension 'colcon_pkg'
[0.266s] Level 1:colcon.colcon_core.package_identification:_identify(src/agribot_nav2_bringup) by extensions ['colcon_meta']
[0.266s] Level 1:colcon.colcon_core.package_identification:_identify(src/agribot_nav2_bringup) by extension 'colcon_meta'
[0.266s] Level 1:colcon.colcon_core.package_identification:_identify(src/agribot_nav2_bringup) by extensions ['ros']
[0.266s] Level 1:colcon.colcon_core.package_identification:_identify(src/agribot_nav2_bringup) by extension 'ros'
[0.266s] DEBUG:colcon.colcon_core.package_identification:Package 'src/agribot_nav2_bringup' with type 'ros.ament_python' and name 'agribot_nav2_bringup'
[0.266s] Level 1:colcon.colcon_core.package_identification:_identify(src/agribot_navigation) by extensions ['ignore', 'ignore_ament_install']
[0.266s] Level 1:colcon.colcon_core.package_identification:_identify(src/agribot_navigation) by extension 'ignore'
[0.266s] Level 1:colcon.colcon_core.package_identification:_identify(src/agribot_navigation) by extension 'ignore_ament_install'
[0.266s] Level 1:colcon.colcon_core.package_identification:_identify(src/agribot_navigation) by extensions ['colcon_pkg']
[0.266s] Level 1:colcon.colcon_core.package_identification:_identify(src/agribot_navigation) by extension 'colcon_pkg'
[0.266s] Level 1:colcon.colcon_core.package_identification:_identify(src/agribot_navigation) by extensions ['colcon_meta']
[0.266s] Level 1:colcon.colcon_core.package_identification:_identify(src/agribot_navigation) by extension 'colcon_meta'
[0.267s] Level 1:colcon.colcon_core.package_identification:_identify(src/agribot_navigation) by extensions ['ros']
[0.267s] Level 1:colcon.colcon_core.package_identification:_identify(src/agribot_navigation) by extension 'ros'
[0.267s] DEBUG:colcon.colcon_core.package_identification:Package 'src/agribot_navigation' with type 'ros.ament_python' and name 'agribot_navigation'
[0.267s] Level 1:colcon.colcon_core.package_identification:_identify(src/agribot_vision) by extensions ['ignore', 'ignore_ament_install']
[0.267s] Level 1:colcon.colcon_core.package_identification:_identify(src/agribot_vision) by extension 'ignore'
[0.267s] Level 1:colcon.colcon_core.package_identification:_identify(src/agribot_vision) by extension 'ignore_ament_install'
[0.267s] Level 1:colcon.colcon_core.package_identification:_identify(src/agribot_vision) by extensions ['colcon_pkg']
[0.267s] Level 1:colcon.colcon_core.package_identification:_identify(src/agribot_vision) by extension 'colcon_pkg'
[0.267s] Level 1:colcon.colcon_core.package_identification:_identify(src/agribot_vision) by extensions ['colcon_meta']
[0.267s] Level 1:colcon.colcon_core.package_identification:_identify(src/agribot_vision) by extension 'colcon_meta'
[0.268s] Level 1:colcon.colcon_core.package_identification:_identify(src/agribot_vision) by extensions ['ros']
[0.268s] Level 1:colcon.colcon_core.package_identification:_identify(src/agribot_vision) by extension 'ros'
[0.268s] DEBUG:colcon.colcon_core.package_identification:Package 'src/agribot_vision' with type 'ros.ament_python' and name 'agribot_vision'
[0.268s] Level 1:colcon.colcon_core.package_identification:_identify(src/materials) by extensions ['ignore', 'ignore_ament_install']
[0.268s] Level 1:colcon.colcon_core.package_identification:_identify(src/materials) by extension 'ignore'
[0.268s] Level 1:colcon.colcon_core.package_identification:_identify(src/materials) by extension 'ignore_ament_install'
[0.268s] Level 1:colcon.colcon_core.package_identification:_identify(src/materials) by extensions ['colcon_pkg']
[0.268s] Level 1:colcon.colcon_core.package_identification:_identify(src/materials) by extension 'colcon_pkg'
[0.269s] Level 1:colcon.colcon_core.package_identification:_identify(src/materials) by extensions ['colcon_meta']
[0.269s] Level 1:colcon.colcon_core.package_identification:_identify(src/materials) by extension 'colcon_meta'
[0.269s] Level 1:colcon.colcon_core.package_identification:_identify(src/materials) by extensions ['ros']
[0.269s] Level 1:colcon.colcon_core.package_identification:_identify(src/materials) by extension 'ros'
[0.269s] Level 1:colcon.colcon_core.package_identification:_identify(src/materials) by extensions ['cmake', 'python']
[0.269s] Level 1:colcon.colcon_core.package_identification:_identify(src/materials) by extension 'cmake'
[0.269s] Level 1:colcon.colcon_core.package_identification:_identify(src/materials) by extension 'python'
[0.269s] Level 1:colcon.colcon_core.package_identification:_identify(src/materials) by extensions ['python_setup_py']
[0.269s] Level 1:colcon.colcon_core.package_identification:_identify(src/materials) by extension 'python_setup_py'
[0.269s] Level 1:colcon.colcon_core.package_identification:_identify(src/materials/scripts) by extensions ['ignore', 'ignore_ament_install']
[0.269s] Level 1:colcon.colcon_core.package_identification:_identify(src/materials/scripts) by extension 'ignore'
[0.269s] Level 1:colcon.colcon_core.package_identification:_identify(src/materials/scripts) by extension 'ignore_ament_install'
[0.269s] Level 1:colcon.colcon_core.package_identification:_identify(src/materials/scripts) by extensions ['colcon_pkg']
[0.269s] Level 1:colcon.colcon_core.package_identification:_identify(src/materials/scripts) by extension 'colcon_pkg'
[0.269s] Level 1:colcon.colcon_core.package_identification:_identify(src/materials/scripts) by extensions ['colcon_meta']
[0.269s] Level 1:colcon.colcon_core.package_identification:_identify(src/materials/scripts) by extension 'colcon_meta'
[0.269s] Level 1:colcon.colcon_core.package_identification:_identify(src/materials/scripts) by extensions ['ros']
[0.269s] Level 1:colcon.colcon_core.package_identification:_identify(src/materials/scripts) by extension 'ros'
[0.269s] Level 1:colcon.colcon_core.package_identification:_identify(src/materials/scripts) by extensions ['cmake', 'python']
[0.269s] Level 1:colcon.colcon_core.package_identification:_identify(src/materials/scripts) by extension 'cmake'
[0.269s] Level 1:colcon.colcon_core.package_identification:_identify(src/materials/scripts) by extension 'python'
[0.269s] Level 1:colcon.colcon_core.package_identification:_identify(src/materials/scripts) by extensions ['python_setup_py']
[0.269s] Level 1:colcon.colcon_core.package_identification:_identify(src/materials/scripts) by extension 'python_setup_py'
[0.269s] Level 1:colcon.colcon_core.package_discovery:discover_packages(recursive) using defaults
[0.269s] Level 1:colcon.colcon_core.package_discovery:discover_packages(ignore) discover
[0.270s] Level 1:colcon.colcon_core.package_discovery:discover_packages(ignore) using defaults
[0.270s] Level 1:colcon.colcon_core.package_discovery:discover_packages(path) discover
[0.270s] Level 1:colcon.colcon_core.package_discovery:discover_packages(path) using defaults
[0.298s] Level 1:colcon.colcon_core.package_discovery:discover_packages(prefix_path) check parameters
[0.298s] Level 1:colcon.colcon_core.package_discovery:discover_packages(prefix_path) discover
[0.299s] Level 1:colcon.colcon_core.package_discovery:discover_packages(prefix_path) using defaults
[0.300s] Level 5:colcon.colcon_core.verb:set package 'agribot_description' build argument 'cmake_args' from command line to 'None'
[0.300s] Level 5:colcon.colcon_core.verb:set package 'agribot_description' build argument 'cmake_target' from command line to 'None'
[0.300s] Level 5:colcon.colcon_core.verb:set package 'agribot_description' build argument 'cmake_target_skip_unavailable' from command line to 'False'
[0.300s] Level 5:colcon.colcon_core.verb:set package 'agribot_description' build argument 'cmake_clean_cache' from command line to 'False'
[0.300s] Level 5:colcon.colcon_core.verb:set package 'agribot_description' build argument 'cmake_clean_first' from command line to 'False'
[0.300s] Level 5:colcon.colcon_core.verb:set package 'agribot_description' build argument 'cmake_force_configure' from command line to 'False'
[0.300s] Level 5:colcon.colcon_core.verb:set package 'agribot_description' build argument 'ament_cmake_args' from command line to 'None'
[0.300s] Level 5:colcon.colcon_core.verb:set package 'agribot_description' build argument 'catkin_cmake_args' from command line to 'None'
[0.300s] Level 5:colcon.colcon_core.verb:set package 'agribot_description' build argument 'catkin_skip_building_tests' from command line to 'False'
[0.300s] DEBUG:colcon.colcon_core.verb:Building package 'agribot_description' with the following arguments: {'ament_cmake_args': None, 'build_base': '/home/semegn/agribot_ws/build/agribot_description', 'catkin_cmake_args': None, 'catkin_skip_building_tests': False, 'cmake_args': None, 'cmake_clean_cache': False, 'cmake_clean_first': False, 'cmake_force_configure': False, 'cmake_target': None, 'cmake_target_skip_unavailable': False, 'install_base': '/home/semegn/agribot_ws/install/agribot_description', 'merge_install': False, 'path': '/home/semegn/agribot_ws/src/agribot_description', 'symlink_install': False, 'test_result_base': None}
[0.300s] Level 5:colcon.colcon_core.verb:set package 'agribot_gazebo' build argument 'cmake_args' from command line to 'None'
[0.300s] Level 5:colcon.colcon_core.verb:set package 'agribot_gazebo' build argument 'cmake_target' from command line to 'None'
[0.300s] Level 5:colcon.colcon_core.verb:set package 'agribot_gazebo' build argument 'cmake_target_skip_unavailable' from command line to 'False'
[0.300s] Level 5:colcon.colcon_core.verb:set package 'agribot_gazebo' build argument 'cmake_clean_cache' from command line to 'False'
[0.300s] Level 5:colcon.colcon_core.verb:set package 'agribot_gazebo' build argument 'cmake_clean_first' from command line to 'False'
[0.300s] Level 5:colcon.colcon_core.verb:set package 'agribot_gazebo' build argument 'cmake_force_configure' from command line to 'False'
[0.300s] Level 5:colcon.colcon_core.verb:set package 'agribot_gazebo' build argument 'ament_cmake_args' from command line to 'None'
[0.300s] Level 5:colcon.colcon_core.verb:set package 'agribot_gazebo' build argument 'catkin_cmake_args' from command line to 'None'
[0.300s] Level 5:colcon.colcon_core.verb:set package 'agribot_gazebo' build argument 'catkin_skip_building_tests' from command line to 'False'
[0.300s] DEBUG:colcon.colcon_core.verb:Building package 'agribot_gazebo' with the following arguments: {'ament_cmake_args': None, 'build_base': '/home/semegn/agribot_ws/build/agribot_gazebo', 'catkin_cmake_args': None, 'catkin_skip_building_tests': False, 'cmake_args': None, 'cmake_clean_cache': False, 'cmake_clean_first': False, 'cmake_force_configure': False, 'cmake_target': None, 'cmake_target_skip_unavailable': False, 'install_base': '/home/semegn/agribot_ws/install/agribot_gazebo', 'merge_install': False, 'path': '/home/semegn/agribot_ws/src/agribot_gazebo', 'symlink_install': False, 'test_result_base': None}
[0.301s] Level 5:colcon.colcon_core.verb:set package 'agribot_nav2_bringup' build argument 'cmake_args' from command line to 'None'
[0.301s] Level 5:colcon.colcon_core.verb:set package 'agribot_nav2_bringup' build argument 'cmake_target' from command line to 'None'
[0.301s] Level 5:colcon.colcon_core.verb:set package 'agribot_nav2_bringup' build argument 'cmake_target_skip_unavailable' from command line to 'False'
[0.301s] Level 5:colcon.colcon_core.verb:set package 'agribot_nav2_bringup' build argument 'cmake_clean_cache' from command line to 'False'
[0.301s] Level 5:colcon.colcon_core.verb:set package 'agribot_nav2_bringup' build argument 'cmake_clean_first' from command line to 'False'
[0.301s] Level 5:colcon.colcon_core.verb:set package 'agribot_nav2_bringup' build argument 'cmake_force_configure' from command line to 'False'
[0.301s] Level 5:colcon.colcon_core.verb:set package 'agribot_nav2_bringup' build argument 'ament_cmake_args' from command line to 'None'
[0.301s] Level 5:colcon.colcon_core.verb:set package 'agribot_nav2_bringup' build argument 'catkin_cmake_args' from command line to 'None'
[0.301s] Level 5:colcon.colcon_core.verb:set package 'agribot_nav2_bringup' build argument 'catkin_skip_building_tests' from command line to 'False'
[0.301s] DEBUG:colcon.colcon_core.verb:Building package 'agribot_nav2_bringup' with the following arguments: {'ament_cmake_args': None, 'build_base': '/home/semegn/agribot_ws/build/agribot_nav2_bringup', 'catkin_cmake_args': None, 'catkin_skip_building_tests': False, 'cmake_args': None, 'cmake_clean_cache': False, 'cmake_clean_first': False, 'cmake_force_configure': False, 'cmake_target': None, 'cmake_target_skip_unavailable': False, 'install_base': '/home/semegn/agribot_ws/install/agribot_nav2_bringup', 'merge_install': False, 'path': '/home/semegn/agribot_ws/src/agribot_nav2_bringup', 'symlink_install': False, 'test_result_base': None}
[0.301s] Level 5:colcon.colcon_core.verb:set package 'agribot_navigation' build argument 'cmake_args' from command line to 'None'
[0.301s] Level 5:colcon.colcon_core.verb:set package 'agribot_navigation' build argument 'cmake_target' from command line to 'None'
[0.301s] Level 5:colcon.colcon_core.verb:set package 'agribot_navigation' build argument 'cmake_target_skip_unavailable' from command line to 'False'
[0.302s] Level 5:colcon.colcon_core.verb:set package 'agribot_navigation' build argument 'cmake_clean_cache' from command line to 'False'
[0.302s] Level 5:colcon.colcon_core.verb:set package 'agribot_navigation' build argument 'cmake_clean_first' from command line to 'False'
[0.302s] Level 5:colcon.colcon_core.verb:set package 'agribot_navigation' build argument 'cmake_force_configure' from command line to 'False'
[0.302s] Level 5:colcon.colcon_core.verb:set package 'agribot_navigation' build argument 'ament_cmake_args' from command line to 'None'
[0.302s] Level 5:colcon.colcon_core.verb:set package 'agribot_navigation' build argument 'catkin_cmake_args' from command line to 'None'
[0.302s] Level 5:colcon.colcon_core.verb:set package 'agribot_navigation' build argument 'catkin_skip_building_tests' from command line to 'False'
[0.302s] DEBUG:colcon.colcon_core.verb:Building package 'agribot_navigation' with the following arguments: {'ament_cmake_args': None, 'build_base': '/home/semegn/agribot_ws/build/agribot_navigation', 'catkin_cmake_args': None, 'catkin_skip_building_tests': False, 'cmake_args': None, 'cmake_clean_cache': False, 'cmake_clean_first': False, 'cmake_force_configure': False, 'cmake_target': None, 'cmake_target_skip_unavailable': False, 'install_base': '/home/semegn/agribot_ws/install/agribot_navigation', 'merge_install': False, 'path': '/home/semegn/agribot_ws/src/agribot_navigation', 'symlink_install': False, 'test_result_base': None}
[0.302s] Level 5:colcon.colcon_core.verb:set package 'agribot_vision' build argument 'cmake_args' from command line to 'None'
[0.302s] Level 5:colcon.colcon_core.verb:set package 'agribot_vision' build argument 'cmake_target' from command line to 'None'
[0.302s] Level 5:colcon.colcon_core.verb:set package 'agribot_vision' build argument 'cmake_target_skip_unavailable' from command line to 'False'
[0.302s] Level 5:colcon.colcon_core.verb:set package 'agribot_vision' build argument 'cmake_clean_cache' from command line to 'False'
[0.302s] Level 5:colcon.colcon_core.verb:set package 'agribot_vision' build argument 'cmake_clean_first' from command line to 'False'
[0.302s] Level 5:colcon.colcon_core.verb:set package 'agribot_vision' build argument 'cmake_force_configure' from command line to 'False'
[0.302s] Level 5:colcon.colcon_core.verb:set package 'agribot_vision' build argument 'ament_cmake_args' from command line to 'None'
[0.302s] Level 5:colcon.colcon_core.verb:set package 'agribot_vision' build argument 'catkin_cmake_args' from command line to 'None'
[0.302s] Level 5:colcon.colcon_core.verb:set package 'agribot_vision' build argument 'catkin_skip_building_tests' from command line to 'False'
[0.302s] DEBUG:colcon.colcon_core.verb:Building package 'agribot_vision' with the following arguments: {'ament_cmake_args': None, 'build_base': '/home/semegn/agribot_ws/build/agribot_vision', 'catkin_cmake_args': None, 'catkin_skip_building_tests': False, 'cmake_args': None, 'cmake_clean_cache': False, 'cmake_clean_first': False, 'cmake_force_configure': False, 'cmake_target': None, 'cmake_target_skip_unavailable': False, 'install_base': '/home/semegn/agribot_ws/install/agribot_vision', 'merge_install': False, 'path': '/home/semegn/agribot_ws/src/agribot_vision', 'symlink_install': False, 'test_result_base': None}
[0.302s] INFO:colcon.colcon_core.executor:Executing jobs using 'parallel' executor
[0.303s] DEBUG:colcon.colcon_parallel_executor.executor.parallel:run_until_complete
[0.303s] INFO:colcon.colcon_ros.task.ament_cmake.build:Building ROS package in '/home/semegn/agribot_ws/src/agribot_description' with build type 'ament_cmake'
[0.304s] INFO:colcon.colcon_cmake.task.cmake.build:Building CMake package in '/home/semegn/agribot_ws/src/agribot_description'
[0.306s] INFO:colcon.colcon_core.plugin_system:Skipping extension 'colcon_core.shell.bat': Not used on non-Windows systems
[0.306s] INFO:colcon.colcon_core.shell:Skip shell extension 'powershell' for command environment: Not usable outside of PowerShell
[0.306s] DEBUG:colcon.colcon_core.shell:Skip shell extension 'dsv' for command environment
[0.307s] INFO:colcon.colcon_ros.task.ament_cmake.build:Building ROS package in '/home/semegn/agribot_ws/src/agribot_gazebo' with build type 'ament_cmake'
[0.307s] INFO:colcon.colcon_cmake.task.cmake.build:Building CMake package in '/home/semegn/agribot_ws/src/agribot_gazebo'
[0.308s] INFO:colcon.colcon_core.shell:Skip shell extension 'powershell' for command environment: Not usable outside of PowerShell
[0.308s] DEBUG:colcon.colcon_core.shell:Skip shell extension 'dsv' for command environment
[0.309s] INFO:colcon.colcon_ros.task.ament_python.build:Building ROS package in '/home/semegn/agribot_ws/src/agribot_nav2_bringup' with build type 'ament_python'
[0.309s] Level 1:colcon.colcon_core.shell:create_environment_hook('agribot_nav2_bringup', 'ament_prefix_path')
[0.309s] INFO:colcon.colcon_core.shell:Creating environment hook '/home/semegn/agribot_ws/install/agribot_nav2_bringup/share/agribot_nav2_bringup/hook/ament_prefix_path.ps1'
[0.310s] INFO:colcon.colcon_core.shell:Creating environment descriptor '/home/semegn/agribot_ws/install/agribot_nav2_bringup/share/agribot_nav2_bringup/hook/ament_prefix_path.dsv'
[0.310s] INFO:colcon.colcon_core.shell:Creating environment hook '/home/semegn/agribot_ws/install/agribot_nav2_bringup/share/agribot_nav2_bringup/hook/ament_prefix_path.sh'
[0.311s] INFO:colcon.colcon_core.shell:Skip shell extension 'powershell' for command environment: Not usable outside of PowerShell
[0.311s] DEBUG:colcon.colcon_core.shell:Skip shell extension 'dsv' for command environment
[0.312s] INFO:colcon.colcon_ros.task.ament_python.build:Building ROS package in '/home/semegn/agribot_ws/src/agribot_navigation' with build type 'ament_python'
[0.312s] Level 1:colcon.colcon_core.shell:create_environment_hook('agribot_navigation', 'ament_prefix_path')
[0.312s] INFO:colcon.colcon_core.shell:Creating environment hook '/home/semegn/agribot_ws/install/agribot_navigation/share/agribot_navigation/hook/ament_prefix_path.ps1'
[0.312s] INFO:colcon.colcon_core.shell:Creating environment descriptor '/home/semegn/agribot_ws/install/agribot_navigation/share/agribot_navigation/hook/ament_prefix_path.dsv'
[0.313s] INFO:colcon.colcon_core.shell:Creating environment hook '/home/semegn/agribot_ws/install/agribot_navigation/share/agribot_navigation/hook/ament_prefix_path.sh'
[0.313s] INFO:colcon.colcon_core.shell:Skip shell extension 'powershell' for command environment: Not usable outside of PowerShell
[0.313s] DEBUG:colcon.colcon_core.shell:Skip shell extension 'dsv' for command environment
[0.314s] INFO:colcon.colcon_ros.task.ament_python.build:Building ROS package in '/home/semegn/agribot_ws/src/agribot_vision' with build type 'ament_python'
[0.314s] Level 1:colcon.colcon_core.shell:create_environment_hook('agribot_vision', 'ament_prefix_path')
[0.314s] INFO:colcon.colcon_core.shell:Creating environment hook '/home/semegn/agribot_ws/install/agribot_vision/share/agribot_vision/hook/ament_prefix_path.ps1'
[0.315s] INFO:colcon.colcon_core.shell:Creating environment descriptor '/home/semegn/agribot_ws/install/agribot_vision/share/agribot_vision/hook/ament_prefix_path.dsv'
[0.315s] INFO:colcon.colcon_core.shell:Creating environment hook '/home/semegn/agribot_ws/install/agribot_vision/share/agribot_vision/hook/ament_prefix_path.sh'
[0.316s] INFO:colcon.colcon_core.shell:Skip shell extension 'powershell' for command environment: Not usable outside of PowerShell
[0.316s] DEBUG:colcon.colcon_core.shell:Skip shell extension 'dsv' for command environment
[0.323s] DEBUG:colcon.colcon_core.event_handler.log_command:Invoking command in '/home/semegn/agribot_ws/build/agribot_description': /usr/bin/cmake --build /home/semegn/agribot_ws/build/agribot_description -- -j8 -l8
[0.325s] DEBUG:colcon.colcon_core.event_handler.log_command:Invoking command in '/home/semegn/agribot_ws/build/agribot_gazebo': /usr/bin/cmake --build /home/semegn/agribot_ws/build/agribot_gazebo -- -j8 -l8
[0.548s] INFO:colcon.colcon_core.task.python.build:Building Python package in '/home/semegn/agribot_ws/src/agribot_nav2_bringup'
[0.548s] INFO:colcon.colcon_core.shell:Skip shell extension 'powershell' for command environment: Not usable outside of PowerShell
[0.548s] DEBUG:colcon.colcon_core.shell:Skip shell extension 'dsv' for command environment
[0.764s] INFO:colcon.colcon_core.task.python.build:Building Python package in '/home/semegn/agribot_ws/src/agribot_navigation'
[0.764s] INFO:colcon.colcon_core.shell:Skip shell extension 'powershell' for command environment: Not usable outside of PowerShell
[0.764s] DEBUG:colcon.colcon_core.shell:Skip shell extension 'dsv' for command environment
[0.984s] INFO:colcon.colcon_core.task.python.build:Building Python package in '/home/semegn/agribot_ws/src/agribot_vision'
[0.984s] INFO:colcon.colcon_core.shell:Skip shell extension 'powershell' for command environment: Not usable outside of PowerShell
[0.984s] DEBUG:colcon.colcon_core.shell:Skip shell extension 'dsv' for command environment
[0.988s] DEBUG:colcon.colcon_core.event_handler.log_command:Invoked command in '/home/semegn/agribot_ws/build/agribot_description' returned '0': /usr/bin/cmake --build /home/semegn/agribot_ws/build/agribot_description -- -j8 -l8
[0.996s] DEBUG:colcon.colcon_core.event_handler.log_command:Invoking command in '/home/semegn/agribot_ws/build/agribot_description': /usr/bin/cmake --install /home/semegn/agribot_ws/build/agribot_description
[0.997s] DEBUG:colcon.colcon_core.event_handler.log_command:Invoked command in '/home/semegn/agribot_ws/build/agribot_gazebo' returned '0': /usr/bin/cmake --build /home/semegn/agribot_ws/build/agribot_gazebo -- -j8 -l8
[0.999s] DEBUG:colcon.colcon_core.event_handler.log_command:Invoking command in '/home/semegn/agribot_ws/build/agribot_gazebo': /usr/bin/cmake --install /home/semegn/agribot_ws/build/agribot_gazebo
[1.021s] Level 1:colcon.colcon_core.environment:create_environment_scripts_only(agribot_description)
[1.022s] DEBUG:colcon.colcon_core.event_handler.log_command:Invoked command in '/home/semegn/agribot_ws/build/agribot_description' returned '0': /usr/bin/cmake --install /home/semegn/agribot_ws/build/agribot_description
[1.026s] Level 1:colcon.colcon_core.environment:checking '/home/semegn/agribot_ws/install/agribot_description' for CMake module files
[1.027s] Level 1:colcon.colcon_core.environment:checking '/home/semegn/agribot_ws/install/agribot_description' for CMake config files
[1.027s] Level 1:colcon.colcon_core.shell:create_environment_hook('agribot_description', 'cmake_prefix_path')
[1.027s] INFO:colcon.colcon_core.shell:Creating environment hook '/home/semegn/agribot_ws/install/agribot_description/share/agribot_description/hook/cmake_prefix_path.ps1'
[1.028s] INFO:colcon.colcon_core.shell:Creating environment descriptor '/home/semegn/agribot_ws/install/agribot_description/share/agribot_description/hook/cmake_prefix_path.dsv'
[1.028s] INFO:colcon.colcon_core.shell:Creating environment hook '/home/semegn/agribot_ws/install/agribot_description/share/agribot_description/hook/cmake_prefix_path.sh'
[1.029s] Level 1:colcon.colcon_core.environment:checking '/home/semegn/agribot_ws/install/agribot_description/bin'
[1.029s] Level 1:colcon.colcon_core.environment:checking '/home/semegn/agribot_ws/install/agribot_description/lib/pkgconfig/agribot_description.pc'
[1.029s] Level 1:colcon.colcon_core.environment:checking '/home/semegn/agribot_ws/install/agribot_description/lib/python3.10/site-packages'
[1.030s] Level 1:colcon.colcon_core.environment:checking '/home/semegn/agribot_ws/install/agribot_description/bin'
[1.030s] INFO:colcon.colcon_core.shell:Creating package script '/home/semegn/agribot_ws/install/agribot_description/share/agribot_description/package.ps1'
[1.031s] INFO:colcon.colcon_core.shell:Creating package descriptor '/home/semegn/agribot_ws/install/agribot_description/share/agribot_description/package.dsv'
[1.031s] INFO:colcon.colcon_core.shell:Creating package script '/home/semegn/agribot_ws/install/agribot_description/share/agribot_description/package.sh'
[1.032s] INFO:colcon.colcon_core.shell:Creating package script '/home/semegn/agribot_ws/install/agribot_description/share/agribot_description/package.bash'
[1.033s] INFO:colcon.colcon_core.shell:Creating package script '/home/semegn/agribot_ws/install/agribot_description/share/agribot_description/package.zsh'
[1.033s] Level 1:colcon.colcon_core.environment:create_file_with_runtime_dependencies(/home/semegn/agribot_ws/install/agribot_description/share/colcon-core/packages/agribot_description)
[1.034s] Level 1:colcon.colcon_core.environment:create_environment_scripts_only(agribot_description)
[1.034s] Level 1:colcon.colcon_core.environment:checking '/home/semegn/agribot_ws/install/agribot_description' for CMake module files
[1.034s] Level 1:colcon.colcon_core.environment:checking '/home/semegn/agribot_ws/install/agribot_description' for CMake config files
[1.035s] Level 1:colcon.colcon_core.shell:create_environment_hook('agribot_description', 'cmake_prefix_path')
[1.035s] INFO:colcon.colcon_core.shell:Creating environment hook '/home/semegn/agribot_ws/install/agribot_description/share/agribot_description/hook/cmake_prefix_path.ps1'
[1.036s] INFO:colcon.colcon_core.shell:Creating environment descriptor '/home/semegn/agribot_ws/install/agribot_description/share/agribot_description/hook/cmake_prefix_path.dsv'
[1.036s] INFO:colcon.colcon_core.shell:Creating environment hook '/home/semegn/agribot_ws/install/agribot_description/share/agribot_description/hook/cmake_prefix_path.sh'
[1.036s] Level 1:colcon.colcon_core.environment:checking '/home/semegn/agribot_ws/install/agribot_description/bin'
[1.037s] Level 1:colcon.colcon_core.environment:checking '/home/semegn/agribot_ws/install/agribot_description/lib/pkgconfig/agribot_description.pc'
[1.037s] Level 1:colcon.colcon_core.environment:checking '/home/semegn/agribot_ws/install/agribot_description/lib/python3.10/site-packages'
[1.037s] Level 1:colcon.colcon_core.environment:checking '/home/semegn/agribot_ws/install/agribot_description/bin'
[1.037s] INFO:colcon.colcon_core.shell:Creating package script '/home/semegn/agribot_ws/install/agribot_description/share/agribot_description/package.ps1'
[1.038s] INFO:colcon.colcon_core.shell:Creating package descriptor '/home/semegn/agribot_ws/install/agribot_description/share/agribot_description/package.dsv'
[1.038s] INFO:colcon.colcon_core.shell:Creating package script '/home/semegn/agribot_ws/install/agribot_description/share/agribot_description/package.sh'
[1.039s] INFO:colcon.colcon_core.shell:Creating package script '/home/semegn/agribot_ws/install/agribot_description/share/agribot_description/package.bash'
[1.039s] INFO:colcon.colcon_core.shell:Creating package script '/home/semegn/agribot_ws/install/agribot_description/share/agribot_description/package.zsh'
[1.039s] Level 1:colcon.colcon_core.environment:create_file_with_runtime_dependencies(/home/semegn/agribot_ws/install/agribot_description/share/colcon-core/packages/agribot_description)
[1.041s] Level 1:colcon.colcon_core.environment:create_environment_scripts_only(agribot_gazebo)
[1.041s] Level 1:colcon.colcon_core.environment:checking '/home/semegn/agribot_ws/install/agribot_gazebo' for CMake module files
[1.042s] DEBUG:colcon.colcon_core.event_handler.log_command:Invoked command in '/home/semegn/agribot_ws/build/agribot_gazebo' returned '0': /usr/bin/cmake --install /home/semegn/agribot_ws/build/agribot_gazebo
[1.042s] Level 1:colcon.colcon_core.environment:checking '/home/semegn/agribot_ws/install/agribot_gazebo' for CMake config files
[1.043s] Level 1:colcon.colcon_core.shell:create_environment_hook('agribot_gazebo', 'cmake_prefix_path')
[1.043s] INFO:colcon.colcon_core.shell:Creating environment hook '/home/semegn/agribot_ws/install/agribot_gazebo/share/agribot_gazebo/hook/cmake_prefix_path.ps1'
[1.044s] INFO:colcon.colcon_core.shell:Creating environment descriptor '/home/semegn/agribot_ws/install/agribot_gazebo/share/agribot_gazebo/hook/cmake_prefix_path.dsv'
[1.044s] INFO:colcon.colcon_core.shell:Creating environment hook '/home/semegn/agribot_ws/install/agribot_gazebo/share/agribot_gazebo/hook/cmake_prefix_path.sh'
[1.045s] Level 1:colcon.colcon_core.environment:checking '/home/semegn/agribot_ws/install/agribot_gazebo/bin'
[1.045s] Level 1:colcon.colcon_core.environment:checking '/home/semegn/agribot_ws/install/agribot_gazebo/lib/pkgconfig/agribot_gazebo.pc'
[1.045s] Level 1:colcon.colcon_core.environment:checking '/home/semegn/agribot_ws/install/agribot_gazebo/lib/python3.10/site-packages'
[1.046s] Level 1:colcon.colcon_core.environment:checking '/home/semegn/agribot_ws/install/agribot_gazebo/bin'
[1.046s] INFO:colcon.colcon_core.shell:Creating package script '/home/semegn/agribot_ws/install/agribot_gazebo/share/agribot_gazebo/package.ps1'
[1.047s] INFO:colcon.colcon_core.shell:Creating package descriptor '/home/semegn/agribot_ws/install/agribot_gazebo/share/agribot_gazebo/package.dsv'
[1.047s] INFO:colcon.colcon_core.shell:Creating package script '/home/semegn/agribot_ws/install/agribot_gazebo/share/agribot_gazebo/package.sh'
[1.047s] INFO:colcon.colcon_core.shell:Creating package script '/home/semegn/agribot_ws/install/agribot_gazebo/share/agribot_gazebo/package.bash'
[1.048s] INFO:colcon.colcon_core.shell:Creating package script '/home/semegn/agribot_ws/install/agribot_gazebo/share/agribot_gazebo/package.zsh'
[1.048s] Level 1:colcon.colcon_core.environment:create_file_with_runtime_dependencies(/home/semegn/agribot_ws/install/agribot_gazebo/share/colcon-core/packages/agribot_gazebo)
[1.049s] Level 1:colcon.colcon_core.environment:create_environment_scripts_only(agribot_gazebo)
[1.049s] Level 1:colcon.colcon_core.environment:checking '/home/semegn/agribot_ws/install/agribot_gazebo' for CMake module files
[1.050s] Level 1:colcon.colcon_core.environment:checking '/home/semegn/agribot_ws/install/agribot_gazebo' for CMake config files
[1.050s] Level 1:colcon.colcon_core.shell:create_environment_hook('agribot_gazebo', 'cmake_prefix_path')
[1.050s] INFO:colcon.colcon_core.shell:Creating environment hook '/home/semegn/agribot_ws/install/agribot_gazebo/share/agribot_gazebo/hook/cmake_prefix_path.ps1'
[1.051s] INFO:colcon.colcon_core.shell:Creating environment descriptor '/home/semegn/agribot_ws/install/agribot_gazebo/share/agribot_gazebo/hook/cmake_prefix_path.dsv'
[1.051s] INFO:colcon.colcon_core.shell:Creating environment hook '/home/semegn/agribot_ws/install/agribot_gazebo/share/agribot_gazebo/hook/cmake_prefix_path.sh'
[1.051s] Level 1:colcon.colcon_core.environment:checking '/home/semegn/agribot_ws/install/agribot_gazebo/bin'
[1.051s] Level 1:colcon.colcon_core.environment:checking '/home/semegn/agribot_ws/install/agribot_gazebo/lib/pkgconfig/agribot_gazebo.pc'
[1.052s] Level 1:colcon.colcon_core.environment:checking '/home/semegn/agribot_ws/install/agribot_gazebo/lib/python3.10/site-packages'
[1.052s] Level 1:colcon.colcon_core.environment:checking '/home/semegn/agribot_ws/install/agribot_gazebo/bin'
[1.052s] INFO:colcon.colcon_core.shell:Creating package script '/home/semegn/agribot_ws/install/agribot_gazebo/share/agribot_gazebo/package.ps1'
[1.053s] INFO:colcon.colcon_core.shell:Creating package descriptor '/home/semegn/agribot_ws/install/agribot_gazebo/share/agribot_gazebo/package.dsv'
[1.053s] INFO:colcon.colcon_core.shell:Creating package script '/home/semegn/agribot_ws/install/agribot_gazebo/share/agribot_gazebo/package.sh'
[1.053s] INFO:colcon.colcon_core.shell:Creating package script '/home/semegn/agribot_ws/install/agribot_gazebo/share/agribot_gazebo/package.bash'
[1.054s] INFO:colcon.colcon_core.shell:Creating package script '/home/semegn/agribot_ws/install/agribot_gazebo/share/agribot_gazebo/package.zsh'
[1.054s] Level 1:colcon.colcon_core.environment:create_file_with_runtime_dependencies(/home/semegn/agribot_ws/install/agribot_gazebo/share/colcon-core/packages/agribot_gazebo)
[1.372s] DEBUG:colcon.colcon_core.event_handler.log_command:Invoking command in '/home/semegn/agribot_ws/src/agribot_nav2_bringup': PYTHONPATH=/home/semegn/agribot_ws/build/agribot_nav2_bringup/prefix_override:/usr/lib/python3/dist-packages/colcon_core/task/python/colcon_distutils_commands:/home/semegn/agribot_ws/install/agribot_nav2_bringup/lib/python3.10/site-packages: /usr/bin/python3 -W ignore:setup.py install is deprecated -W ignore:easy_install command is deprecated setup.py egg_info --egg-base ../../build/agribot_nav2_bringup build --build-base /home/semegn/agribot_ws/build/agribot_nav2_bringup/build install --record /home/semegn/agribot_ws/build/agribot_nav2_bringup/install.log --single-version-externally-managed install_data
[1.401s] DEBUG:colcon.colcon_core.event_handler.log_command:Invoking command in '/home/semegn/agribot_ws/src/agribot_navigation': PYTHONPATH=/home/semegn/agribot_ws/build/agribot_navigation/prefix_override:/usr/lib/python3/dist-packages/colcon_core/task/python/colcon_distutils_commands:/home/semegn/agribot_ws/install/agribot_navigation/lib/python3.10/site-packages: /usr/bin/python3 -W ignore:setup.py install is deprecated -W ignore:easy_install command is deprecated setup.py egg_info --egg-base ../../build/agribot_navigation build --build-base /home/semegn/agribot_ws/build/agribot_navigation/build install --record /home/semegn/agribot_ws/build/agribot_navigation/install.log --single-version-externally-managed install_data
[1.409s] DEBUG:colcon.colcon_core.event_handler.log_command:Invoking command in '/home/semegn/agribot_ws/src/agribot_vision': PYTHONPATH=/home/semegn/agribot_ws/build/agribot_vision/prefix_override:/usr/lib/python3/dist-packages/colcon_core/task/python/colcon_distutils_commands:/home/semegn/agribot_ws/install/agribot_vision/lib/python3.10/site-packages: /usr/bin/python3 -W ignore:setup.py install is deprecated -W ignore:easy_install command is deprecated setup.py egg_info --egg-base ../../build/agribot_vision build --build-base /home/semegn/agribot_ws/build/agribot_vision/build install --record /home/semegn/agribot_ws/build/agribot_vision/install.log --single-version-externally-managed install_data
[1.660s] Level 1:colcon.colcon_core.environment:checking '/home/semegn/agribot_ws/install/agribot_nav2_bringup' for CMake module files
[1.661s] DEBUG:colcon.colcon_core.event_handler.log_command:Invoked command in '/home/semegn/agribot_ws/src/agribot_nav2_bringup' returned '0': PYTHONPATH=/home/semegn/agribot_ws/build/agribot_nav2_bringup/prefix_override:/usr/lib/python3/dist-packages/colcon_core/task/python/colcon_distutils_commands:/home/semegn/agribot_ws/install/agribot_nav2_bringup/lib/python3.10/site-packages: /usr/bin/python3 -W ignore:setup.py install is deprecated -W ignore:easy_install command is deprecated setup.py egg_info --egg-base ../../build/agribot_nav2_bringup build --build-base /home/semegn/agribot_ws/build/agribot_nav2_bringup/build install --record /home/semegn/agribot_ws/build/agribot_nav2_bringup/install.log --single-version-externally-managed install_data
[1.661s] Level 1:colcon.colcon_core.environment:checking '/home/semegn/agribot_ws/install/agribot_nav2_bringup' for CMake config files
[1.662s] Level 1:colcon.colcon_core.environment:checking '/home/semegn/agribot_ws/install/agribot_nav2_bringup/lib'
[1.662s] Level 1:colcon.colcon_core.environment:checking '/home/semegn/agribot_ws/install/agribot_nav2_bringup/bin'
[1.662s] Level 1:colcon.colcon_core.environment:checking '/home/semegn/agribot_ws/install/agribot_nav2_bringup/lib/pkgconfig/agribot_nav2_bringup.pc'
[1.663s] Level 1:colcon.colcon_core.environment:checking '/home/semegn/agribot_ws/install/agribot_nav2_bringup/lib/python3.10/site-packages'
[1.663s] Level 1:colcon.colcon_core.shell:create_environment_hook('agribot_nav2_bringup', 'pythonpath')
[1.663s] INFO:colcon.colcon_core.shell:Creating environment hook '/home/semegn/agribot_ws/install/agribot_nav2_bringup/share/agribot_nav2_bringup/hook/pythonpath.ps1'
[1.664s] INFO:colcon.colcon_core.shell:Creating environment descriptor '/home/semegn/agribot_ws/install/agribot_nav2_bringup/share/agribot_nav2_bringup/hook/pythonpath.dsv'
[1.665s] INFO:colcon.colcon_core.shell:Creating environment hook '/home/semegn/agribot_ws/install/agribot_nav2_bringup/share/agribot_nav2_bringup/hook/pythonpath.sh'
[1.665s] Level 1:colcon.colcon_core.environment:checking '/home/semegn/agribot_ws/install/agribot_nav2_bringup/bin'
[1.666s] Level 1:colcon.colcon_core.environment:create_environment_scripts_only(agribot_nav2_bringup)
[1.666s] INFO:colcon.colcon_core.shell:Creating package script '/home/semegn/agribot_ws/install/agribot_nav2_bringup/share/agribot_nav2_bringup/package.ps1'
[1.667s] INFO:colcon.colcon_core.shell:Creating package descriptor '/home/semegn/agribot_ws/install/agribot_nav2_bringup/share/agribot_nav2_bringup/package.dsv'
[1.667s] INFO:colcon.colcon_core.shell:Creating package script '/home/semegn/agribot_ws/install/agribot_nav2_bringup/share/agribot_nav2_bringup/package.sh'
[1.668s] INFO:colcon.colcon_core.shell:Creating package script '/home/semegn/agribot_ws/install/agribot_nav2_bringup/share/agribot_nav2_bringup/package.bash'
[1.668s] INFO:colcon.colcon_core.shell:Creating package script '/home/semegn/agribot_ws/install/agribot_nav2_bringup/share/agribot_nav2_bringup/package.zsh'
[1.669s] Level 1:colcon.colcon_core.environment:create_file_with_runtime_dependencies(/home/semegn/agribot_ws/install/agribot_nav2_bringup/share/colcon-core/packages/agribot_nav2_bringup)
[1.690s] Level 1:colcon.colcon_core.environment:checking '/home/semegn/agribot_ws/install/agribot_navigation' for CMake module files
[1.691s] DEBUG:colcon.colcon_core.event_handler.log_command:Invoked command in '/home/semegn/agribot_ws/src/agribot_navigation' returned '0': PYTHONPATH=/home/semegn/agribot_ws/build/agribot_navigation/prefix_override:/usr/lib/python3/dist-packages/colcon_core/task/python/colcon_distutils_commands:/home/semegn/agribot_ws/install/agribot_navigation/lib/python3.10/site-packages: /usr/bin/python3 -W ignore:setup.py install is deprecated -W ignore:easy_install command is deprecated setup.py egg_info --egg-base ../../build/agribot_navigation build --build-base /home/semegn/agribot_ws/build/agribot_navigation/build install --record /home/semegn/agribot_ws/build/agribot_navigation/install.log --single-version-externally-managed install_data
[1.692s] Level 1:colcon.colcon_core.environment:checking '/home/semegn/agribot_ws/install/agribot_navigation' for CMake config files
[1.692s] Level 1:colcon.colcon_core.environment:checking '/home/semegn/agribot_ws/install/agribot_navigation/lib'
[1.693s] Level 1:colcon.colcon_core.environment:checking '/home/semegn/agribot_ws/install/agribot_navigation/bin'
[1.693s] Level 1:colcon.colcon_core.environment:checking '/home/semegn/agribot_ws/install/agribot_navigation/lib/pkgconfig/agribot_navigation.pc'
[1.693s] Level 1:colcon.colcon_core.environment:checking '/home/semegn/agribot_ws/install/agribot_navigation/lib/python3.10/site-packages'
[1.693s] Level 1:colcon.colcon_core.shell:create_environment_hook('agribot_navigation', 'pythonpath')
[1.693s] INFO:colcon.colcon_core.shell:Creating environment hook '/home/semegn/agribot_ws/install/agribot_navigation/share/agribot_navigation/hook/pythonpath.ps1'
[1.694s] INFO:colcon.colcon_core.shell:Creating environment descriptor '/home/semegn/agribot_ws/install/agribot_navigation/share/agribot_navigation/hook/pythonpath.dsv'
[1.694s] INFO:colcon.colcon_core.shell:Creating environment hook '/home/semegn/agribot_ws/install/agribot_navigation/share/agribot_navigation/hook/pythonpath.sh'
[1.695s] Level 1:colcon.colcon_core.environment:checking '/home/semegn/agribot_ws/install/agribot_navigation/bin'
[1.695s] Level 1:colcon.colcon_core.environment:create_environment_scripts_only(agribot_navigation)
[1.696s] INFO:colcon.colcon_core.shell:Creating package script '/home/semegn/agribot_ws/install/agribot_navigation/share/agribot_navigation/package.ps1'
[1.697s] INFO:colcon.colcon_core.shell:Creating package descriptor '/home/semegn/agribot_ws/install/agribot_navigation/share/agribot_navigation/package.dsv'
[1.697s] INFO:colcon.colcon_core.shell:Creating package script '/home/semegn/agribot_ws/install/agribot_navigation/share/agribot_navigation/package.sh'
[1.698s] INFO:colcon.colcon_core.shell:Creating package script '/home/semegn/agribot_ws/install/agribot_navigation/share/agribot_navigation/package.bash'
[1.698s] INFO:colcon.colcon_core.shell:Creating package script '/home/semegn/agribot_ws/install/agribot_navigation/share/agribot_navigation/package.zsh'
[1.699s] Level 1:colcon.colcon_core.environment:create_file_with_runtime_dependencies(/home/semegn/agribot_ws/install/agribot_navigation/share/colcon-core/packages/agribot_navigation)
[1.701s] Level 1:colcon.colcon_core.environment:checking '/home/semegn/agribot_ws/install/agribot_vision' for CMake module files
[1.701s] DEBUG:colcon.colcon_core.event_handler.log_command:Invoked command in '/home/semegn/agribot_ws/src/agribot_vision' returned '0': PYTHONPATH=/home/semegn/agribot_ws/build/agribot_vision/prefix_override:/usr/lib/python3/dist-packages/colcon_core/task/python/colcon_distutils_commands:/home/semegn/agribot_ws/install/agribot_vision/lib/python3.10/site-packages: /usr/bin/python3 -W ignore:setup.py install is deprecated -W ignore:easy_install command is deprecated setup.py egg_info --egg-base ../../build/agribot_vision build --build-base /home/semegn/agribot_ws/build/agribot_vision/build install --record /home/semegn/agribot_ws/build/agribot_vision/install.log --single-version-externally-managed install_data
[1.702s] Level 1:colcon.colcon_core.environment:checking '/home/semegn/agribot_ws/install/agribot_vision' for CMake config files
[1.702s] Level 1:colcon.colcon_core.environment:checking '/home/semegn/agribot_ws/install/agribot_vision/lib'
[1.703s] Level 1:colcon.colcon_core.environment:checking '/home/semegn/agribot_ws/install/agribot_vision/bin'
[1.703s] Level 1:colcon.colcon_core.environment:checking '/home/semegn/agribot_ws/install/agribot_vision/lib/pkgconfig/agribot_vision.pc'
[1.703s] Level 1:colcon.colcon_core.environment:checking '/home/semegn/agribot_ws/install/agribot_vision/lib/python3.10/site-packages'
[1.703s] Level 1:colcon.colcon_core.shell:create_environment_hook('agribot_vision', 'pythonpath')
[1.703s] INFO:colcon.colcon_core.shell:Creating environment hook '/home/semegn/agribot_ws/install/agribot_vision/share/agribot_vision/hook/pythonpath.ps1'
[1.704s] INFO:colcon.colcon_core.shell:Creating environment descriptor '/home/semegn/agribot_ws/install/agribot_vision/share/agribot_vision/hook/pythonpath.dsv'
[1.704s] INFO:colcon.colcon_core.shell:Creating environment hook '/home/semegn/agribot_ws/install/agribot_vision/share/agribot_vision/hook/pythonpath.sh'
[1.705s] Level 1:colcon.colcon_core.environment:checking '/home/semegn/agribot_ws/install/agribot_vision/bin'
[1.705s] Level 1:colcon.colcon_core.environment:create_environment_scripts_only(agribot_vision)
[1.705s] INFO:colcon.colcon_core.shell:Creating package script '/home/semegn/agribot_ws/install/agribot_vision/share/agribot_vision/package.ps1'
[1.706s] INFO:colcon.colcon_core.shell:Creating package descriptor '/home/semegn/agribot_ws/install/agribot_vision/share/agribot_vision/package.dsv'
[1.707s] INFO:colcon.colcon_core.shell:Creating package script '/home/semegn/agribot_ws/install/agribot_vision/share/agribot_vision/package.sh'
[1.707s] INFO:colcon.colcon_core.shell:Creating package script '/home/semegn/agribot_ws/install/agribot_vision/share/agribot_vision/package.bash'
[1.708s] INFO:colcon.colcon_core.shell:Creating package script '/home/semegn/agribot_ws/install/agribot_vision/share/agribot_vision/package.zsh'
[1.708s] Level 1:colcon.colcon_core.environment:create_file_with_runtime_dependencies(/home/semegn/agribot_ws/install/agribot_vision/share/colcon-core/packages/agribot_vision)
[1.708s] DEBUG:colcon.colcon_parallel_executor.executor.parallel:closing loop
[1.709s] DEBUG:colcon.colcon_parallel_executor.executor.parallel:loop closed
[1.709s] DEBUG:colcon.colcon_parallel_executor.executor.parallel:run_until_complete finished with '0'
[1.709s] DEBUG:colcon.colcon_core.event_reactor:joining thread
[1.715s] INFO:colcon.colcon_core.plugin_system:Skipping extension 'colcon_notification.desktop_notification.terminal_notifier': Not used on non-Darwin systems
[1.715s] INFO:colcon.colcon_core.plugin_system:Skipping extension 'colcon_notification.desktop_notification.win32': Not used on non-Windows systems
[1.716s] INFO:colcon.colcon_notification.desktop_notification:Sending desktop notification using 'notify2'
[1.730s] DEBUG:colcon.colcon_core.event_reactor:joined thread
[1.731s] INFO:colcon.colcon_core.shell:Creating prefix script '/home/semegn/agribot_ws/install/local_setup.ps1'
[1.732s] INFO:colcon.colcon_core.shell:Creating prefix util module '/home/semegn/agribot_ws/install/_local_setup_util_ps1.py'
[1.734s] INFO:colcon.colcon_core.shell:Creating prefix chain script '/home/semegn/agribot_ws/install/setup.ps1'
[1.735s] INFO:colcon.colcon_core.shell:Creating prefix script '/home/semegn/agribot_ws/install/local_setup.sh'
[1.735s] INFO:colcon.colcon_core.shell:Creating prefix util module '/home/semegn/agribot_ws/install/_local_setup_util_sh.py'
[1.736s] INFO:colcon.colcon_core.shell:Creating prefix chain script '/home/semegn/agribot_ws/install/setup.sh'
[1.738s] INFO:colcon.colcon_core.shell:Creating prefix script '/home/semegn/agribot_ws/install/local_setup.bash'
[1.739s] INFO:colcon.colcon_core.shell:Creating prefix chain script '/home/semegn/agribot_ws/install/setup.bash'
[1.740s] INFO:colcon.colcon_core.shell:Creating prefix script '/home/semegn/agribot_ws/install/local_setup.zsh'
[1.740s] INFO:colcon.colcon_core.shell:Creating prefix chain script '/home/semegn/agribot_ws/install/setup.zsh'
