running develop
running egg_info
writing agribot_navigation.egg-info/PKG-INFO
writing dependency_links to agribot_navigation.egg-info/dependency_links.txt
writing entry points to agribot_navigation.egg-info/entry_points.txt
writing requirements to agribot_navigation.egg-info/requires.txt
writing top-level names to agribot_navigation.egg-info/top_level.txt
reading manifest file 'agribot_navigation.egg-info/SOURCES.txt'
writing manifest file 'agribot_navigation.egg-info/SOURCES.txt'
running build_ext
Creating /home/semegn/agribot_ws/install/agribot_navigation/lib/python3.10/site-packages/agribot-navigation.egg-link (link to .)
Installing navigation_node script to /home/semegn/agribot_ws/install/agribot_navigation/lib/agribot_navigation
Installing navigator_goal script to /home/semegn/agribot_ws/install/agribot_navigation/lib/agribot_navigation
Installing odom_tf_bridge script to /home/semegn/agribot_ws/install/agribot_navigation/lib/agribot_navigation
Installing reactive_avoid script to /home/semegn/agribot_ws/install/agribot_navigation/lib/agribot_navigation
Installing safety_stop script to /home/semegn/agribot_ws/install/agribot_navigation/lib/agribot_navigation
Installing slam_node script to /home/semegn/agribot_ws/install/agribot_navigation/lib/agribot_navigation
Installing stop_on_disease script to /home/semegn/agribot_ws/install/agribot_navigation/lib/agribot_navigation

Installed /home/semegn/agribot_ws/build/agribot_navigation
running symlink_data
