[0.027s] Invoking command in '/home/semegn/agribot_ws/build/agribot_gazebo': CMAKE_PREFIX_PATH=${CMAKE_PREFIX_PATH}:/home/semegn/agribot_ws/install/agribot_vision:/home/semegn/agribot_ws/install/agribot_navigation:/home/semegn/agribot_ws/install/agribot_nav2_bringup:/opt/ros/humble /usr/bin/cmake --build /home/semegn/agribot_ws/build/agribot_gazebo -- -j8 -l8
[0.630s] -- Found ament_cmake: 1.3.12 (/opt/ros/humble/share/ament_cmake/cmake)
[0.630s] -- Override CMake install command with custom implementation using symlinks instead of copying resources
[0.630s] -- Found ament_lint_auto: 0.12.14 (/opt/ros/humble/share/ament_lint_auto/cmake)
[0.630s] -- Added test 'flake8' to check Python code syntax and style conventions
[0.630s] -- Added test 'lint_cmake' to check CMake code style
[0.630s] -- Added test 'pep257' to check Python code against some of the docstring style conventions in PEP 257
[0.630s] -- Added test 'xmllint' to check XML markup files
[0.630s] -- Configuring done
[0.630s] -- Generating done
[0.631s] -- Build files have been written to: /home/semegn/agribot_ws/build/agribot_gazebo
[0.632s] Invoked command in '/home/semegn/agribot_ws/build/agribot_gazebo' returned '0': CMAKE_PREFIX_PATH=${CMAKE_PREFIX_PATH}:/home/semegn/agribot_ws/install/agribot_vision:/home/semegn/agribot_ws/install/agribot_navigation:/home/semegn/agribot_ws/install/agribot_nav2_bringup:/opt/ros/humble /usr/bin/cmake --build /home/semegn/agribot_ws/build/agribot_gazebo -- -j8 -l8
[0.643s] Invoking command in '/home/semegn/agribot_ws/build/agribot_gazebo': CMAKE_PREFIX_PATH=${CMAKE_PREFIX_PATH}:/home/semegn/agribot_ws/install/agribot_vision:/home/semegn/agribot_ws/install/agribot_navigation:/home/semegn/agribot_ws/install/agribot_nav2_bringup:/opt/ros/humble /usr/bin/cmake --install /home/semegn/agribot_ws/build/agribot_gazebo
[0.946s] -- Install configuration: ""
[0.946s] -- Execute custom install script
[0.946s] -- Up-to-date symlink: /home/semegn/agribot_ws/install/agribot_gazebo/share/agribot_gazebo/launch/farm.launch.py
[0.947s] -- Up-to-date symlink: /home/semegn/agribot_ws/install/agribot_gazebo/share/agribot_gazebo/worlds/eth_farm.sdf
[0.947s] -- Up-to-date symlink: /home/semegn/agribot_ws/install/agribot_gazebo/share/agribot_gazebo/worlds/ethiopian_farm.sdf
[0.947s] -- Up-to-date symlink: /home/semegn/agribot_ws/install/agribot_gazebo/share/agribot_gazebo/worlds/ethiopian_farm_generated.sdf
[0.947s] -- Up-to-date symlink: /home/semegn/agribot_ws/install/agribot_gazebo/share/agribot_gazebo/worlds/generate_farm.py
[0.947s] -- Up-to-date symlink: /home/semegn/agribot_ws/install/agribot_gazebo/share/agribot_gazebo/worlds/textures/diseased_1.jpg
[0.947s] -- Up-to-date symlink: /home/semegn/agribot_ws/install/agribot_gazebo/share/agribot_gazebo/worlds/textures/diseased_2.jpg
[0.948s] -- Up-to-date symlink: /home/semegn/agribot_ws/install/agribot_gazebo/share/agribot_gazebo/worlds/textures/diseased_3.jpg
[0.948s] -- Up-to-date symlink: /home/semegn/agribot_ws/install/agribot_gazebo/share/agribot_gazebo/worlds/textures/diseased_4.jpg
[0.948s] -- Up-to-date symlink: /home/semegn/agribot_ws/install/agribot_gazebo/share/agribot_gazebo/worlds/textures/diseased_5.jpg
[0.948s] -- Up-to-date symlink: /home/semegn/agribot_ws/install/agribot_gazebo/share/agribot_gazebo/worlds/textures/diseased_6.jpg
[0.948s] -- Up-to-date symlink: /home/semegn/agribot_ws/install/agribot_gazebo/share/agribot_gazebo/worlds/textures/diseased_7.jpg
[0.948s] -- Up-to-date symlink: /home/semegn/agribot_ws/install/agribot_gazebo/share/agribot_gazebo/worlds/textures/diseased_8.jpg
[0.948s] -- Up-to-date symlink: /home/semegn/agribot_ws/install/agribot_gazebo/share/agribot_gazebo/worlds/textures/diseased_9.jpg
[0.948s] -- Up-to-date symlink: /home/semegn/agribot_ws/install/agribot_gazebo/share/agribot_gazebo/worlds/textures/healthy_1.jpg
[0.949s] -- Up-to-date symlink: /home/semegn/agribot_ws/install/agribot_gazebo/share/agribot_gazebo/worlds/textures/healthy_10.jpg
[0.949s] -- Up-to-date symlink: /home/semegn/agribot_ws/install/agribot_gazebo/share/agribot_gazebo/worlds/textures/healthy_11.jpg
[0.949s] -- Up-to-date symlink: /home/semegn/agribot_ws/install/agribot_gazebo/share/agribot_gazebo/worlds/textures/healthy_12.jpg
[0.949s] -- Up-to-date symlink: /home/semegn/agribot_ws/install/agribot_gazebo/share/agribot_gazebo/worlds/textures/healthy_13.jpg
[0.949s] -- Up-to-date symlink: /home/semegn/agribot_ws/install/agribot_gazebo/share/agribot_gazebo/worlds/textures/healthy_14.jpg
[0.949s] -- Up-to-date symlink: /home/semegn/agribot_ws/install/agribot_gazebo/share/agribot_gazebo/worlds/textures/healthy_15.jpg
[0.949s] -- Up-to-date symlink: /home/semegn/agribot_ws/install/agribot_gazebo/share/agribot_gazebo/worlds/textures/healthy_2.jpg
[0.950s] -- Up-to-date symlink: /home/semegn/agribot_ws/install/agribot_gazebo/share/agribot_gazebo/worlds/textures/healthy_3.jpg
[0.950s] -- Up-to-date symlink: /home/semegn/agribot_ws/install/agribot_gazebo/share/agribot_gazebo/worlds/textures/healthy_4.jpg
[0.950s] -- Up-to-date symlink: /home/semegn/agribot_ws/install/agribot_gazebo/share/agribot_gazebo/worlds/textures/healthy_5.jpg
[0.951s] -- Up-to-date symlink: /home/semegn/agribot_ws/install/agribot_gazebo/share/agribot_gazebo/worlds/textures/healthy_6.jpg
[0.951s] -- Up-to-date symlink: /home/semegn/agribot_ws/install/agribot_gazebo/share/agribot_gazebo/worlds/textures/healthy_7.jpg
[0.951s] -- Up-to-date symlink: /home/semegn/agribot_ws/install/agribot_gazebo/share/agribot_gazebo/worlds/textures/healthy_8.jpg
[0.952s] -- Up-to-date symlink: /home/semegn/agribot_ws/install/agribot_gazebo/share/agribot_gazebo/worlds/textures/healthy_9.jpg
[0.952s] -- Up-to-date symlink: /home/semegn/agribot_ws/install/agribot_gazebo/share/ament_index/resource_index/package_run_dependencies/agribot_gazebo
[0.952s] -- Up-to-date symlink: /home/semegn/agribot_ws/install/agribot_gazebo/share/ament_index/resource_index/parent_prefix_path/agribot_gazebo
[0.952s] -- Up-to-date symlink: /home/semegn/agribot_ws/install/agribot_gazebo/share/agribot_gazebo/environment/ament_prefix_path.sh
[0.952s] -- Up-to-date symlink: /home/semegn/agribot_ws/install/agribot_gazebo/share/agribot_gazebo/environment/ament_prefix_path.dsv
[0.953s] -- Up-to-date symlink: /home/semegn/agribot_ws/install/agribot_gazebo/share/agribot_gazebo/environment/path.sh
[0.953s] -- Up-to-date symlink: /home/semegn/agribot_ws/install/agribot_gazebo/share/agribot_gazebo/environment/path.dsv
[0.953s] -- Up-to-date symlink: /home/semegn/agribot_ws/install/agribot_gazebo/share/agribot_gazebo/local_setup.bash
[0.953s] -- Up-to-date symlink: /home/semegn/agribot_ws/install/agribot_gazebo/share/agribot_gazebo/local_setup.sh
[0.953s] -- Up-to-date symlink: /home/semegn/agribot_ws/install/agribot_gazebo/share/agribot_gazebo/local_setup.zsh
[0.953s] -- Up-to-date symlink: /home/semegn/agribot_ws/install/agribot_gazebo/share/agribot_gazebo/local_setup.dsv
[0.953s] -- Symlinking: /home/semegn/agribot_ws/install/agribot_gazebo/share/agribot_gazebo/package.dsv
[0.954s] -- Up-to-date symlink: /home/semegn/agribot_ws/install/agribot_gazebo/share/ament_index/resource_index/packages/agribot_gazebo
[0.954s] -- Up-to-date symlink: /home/semegn/agribot_ws/install/agribot_gazebo/share/agribot_gazebo/cmake/agribot_gazeboConfig.cmake
[0.954s] -- Up-to-date symlink: /home/semegn/agribot_ws/install/agribot_gazebo/share/agribot_gazebo/cmake/agribot_gazeboConfig-version.cmake
[0.954s] -- Up-to-date symlink: /home/semegn/agribot_ws/install/agribot_gazebo/share/agribot_gazebo/package.xml
[0.962s] Invoked command in '/home/semegn/agribot_ws/build/agribot_gazebo' returned '0': CMAKE_PREFIX_PATH=${CMAKE_PREFIX_PATH}:/home/semegn/agribot_ws/install/agribot_vision:/home/semegn/agribot_ws/install/agribot_navigation:/home/semegn/agribot_ws/install/agribot_nav2_bringup:/opt/ros/humble /usr/bin/cmake --install /home/semegn/agribot_ws/build/agribot_gazebo
