[1.761s] Invoking command in '/home/semegn/agribot_ws/build/agribot_navigation': PYTHONPATH=/home/semegn/agribot_ws/build/agribot_navigation/prefix_override:/usr/lib/python3/dist-packages/colcon_core/task/python/colcon_distutils_commands:/home/semegn/agribot_ws/install/agribot_navigation/lib/python3.10/site-packages:${PYTHONPATH} /usr/bin/python3 -W ignore:setup.py install is deprecated -W ignore:easy_install command is deprecated setup.py develop --editable --build-directory /home/semegn/agribot_ws/build/agribot_navigation/build --no-deps symlink_data
[2.109s] running develop
[2.417s] running egg_info
[2.417s] creating agribot_navigation.egg-info
[2.417s] writing agribot_navigation.egg-info/PKG-INFO
[2.418s] writing dependency_links to agribot_navigation.egg-info/dependency_links.txt
[2.418s] writing entry points to agribot_navigation.egg-info/entry_points.txt
[2.418s] writing requirements to agribot_navigation.egg-info/requires.txt
[2.418s] writing top-level names to agribot_navigation.egg-info/top_level.txt
[2.418s] writing manifest file 'agribot_navigation.egg-info/SOURCES.txt'
[2.420s] reading manifest file 'agribot_navigation.egg-info/SOURCES.txt'
[2.421s] writing manifest file 'agribot_navigation.egg-info/SOURCES.txt'
[2.423s] running build_ext
[2.423s] Creating /home/semegn/agribot_ws/install/agribot_navigation/lib/python3.10/site-packages/agribot-navigation.egg-link (link to .)
[2.424s] Installing navigation_node script to /home/semegn/agribot_ws/install/agribot_navigation/lib/agribot_navigation
[2.425s] Installing navigator_goal script to /home/semegn/agribot_ws/install/agribot_navigation/lib/agribot_navigation
[2.425s] Installing odom_tf_bridge script to /home/semegn/agribot_ws/install/agribot_navigation/lib/agribot_navigation
[2.425s] Installing reactive_avoid script to /home/semegn/agribot_ws/install/agribot_navigation/lib/agribot_navigation
[2.425s] Installing safety_stop script to /home/semegn/agribot_ws/install/agribot_navigation/lib/agribot_navigation
[2.425s] Installing slam_node script to /home/semegn/agribot_ws/install/agribot_navigation/lib/agribot_navigation
[2.426s] Installing stop_on_disease script to /home/semegn/agribot_ws/install/agribot_navigation/lib/agribot_navigation
[2.426s] 
[2.426s] Installed /home/semegn/agribot_ws/build/agribot_navigation
[2.426s] running symlink_data
[2.426s] creating /home/semegn/agribot_ws/install/agribot_navigation/share/ament_index
[2.426s] creating /home/semegn/agribot_ws/install/agribot_navigation/share/ament_index/resource_index
[2.427s] creating /home/semegn/agribot_ws/install/agribot_navigation/share/ament_index/resource_index/packages
[2.427s] symbolically linking /home/semegn/agribot_ws/build/agribot_navigation/resource/agribot_navigation -> /home/semegn/agribot_ws/install/agribot_navigation/share/ament_index/resource_index/packages
[2.427s] symbolically linking /home/semegn/agribot_ws/build/agribot_navigation/package.xml -> /home/semegn/agribot_ws/install/agribot_navigation/share/agribot_navigation
[2.481s] Invoked command in '/home/semegn/agribot_ws/build/agribot_navigation' returned '0': PYTHONPATH=/home/semegn/agribot_ws/build/agribot_navigation/prefix_override:/usr/lib/python3/dist-packages/colcon_core/task/python/colcon_distutils_commands:/home/semegn/agribot_ws/install/agribot_navigation/lib/python3.10/site-packages:${PYTHONPATH} /usr/bin/python3 -W ignore:setup.py install is deprecated -W ignore:easy_install command is deprecated setup.py develop --editable --build-directory /home/semegn/agribot_ws/build/agribot_navigation/build --no-deps symlink_data
