-- Install configuration: ""
-- Execute custom install script
-- Up-to-date symlink: /home/semegn/agribot_ws/install/agribot_gazebo/share/agribot_gazebo/launch/farm.launch.py
-- Up-to-date symlink: /home/semegn/agribot_ws/install/agribot_gazebo/share/agribot_gazebo/worlds/eth_farm.sdf
-- Up-to-date symlink: /home/semegn/agribot_ws/install/agribot_gazebo/share/agribot_gazebo/worlds/ethiopian_farm.sdf
-- Up-to-date symlink: /home/semegn/agribot_ws/install/agribot_gazebo/share/agribot_gazebo/worlds/ethiopian_farm_generated.sdf
-- Up-to-date symlink: /home/semegn/agribot_ws/install/agribot_gazebo/share/agribot_gazebo/worlds/generate_farm.py
-- Symlinking: /home/semegn/agribot_ws/install/agribot_gazebo/share/agribot_gazebo/worlds/textures/diseased_1.jpg
-- Symlinking: /home/semegn/agribot_ws/install/agribot_gazebo/share/agribot_gazebo/worlds/textures/diseased_2.jpg
-- Symlinking: /home/semegn/agribot_ws/install/agribot_gazebo/share/agribot_gazebo/worlds/textures/diseased_3.jpg
-- Symlinking: /home/semegn/agribot_ws/install/agribot_gazebo/share/agribot_gazebo/worlds/textures/diseased_4.jpg
-- Symlinking: /home/semegn/agribot_ws/install/agribot_gazebo/share/agribot_gazebo/worlds/textures/diseased_5.jpg
-- Symlinking: /home/semegn/agribot_ws/install/agribot_gazebo/share/agribot_gazebo/worlds/textures/diseased_6.jpg
-- Symlinking: /home/semegn/agribot_ws/install/agribot_gazebo/share/agribot_gazebo/worlds/textures/diseased_7.jpg
-- Symlinking: /home/semegn/agribot_ws/install/agribot_gazebo/share/agribot_gazebo/worlds/textures/diseased_8.jpg
-- Symlinking: /home/semegn/agribot_ws/install/agribot_gazebo/share/agribot_gazebo/worlds/textures/diseased_9.jpg
-- Symlinking: /home/semegn/agribot_ws/install/agribot_gazebo/share/agribot_gazebo/worlds/textures/healthy_1.jpg
-- Symlinking: /home/semegn/agribot_ws/install/agribot_gazebo/share/agribot_gazebo/worlds/textures/healthy_10.jpg
-- Symlinking: /home/semegn/agribot_ws/install/agribot_gazebo/share/agribot_gazebo/worlds/textures/healthy_11.jpg
-- Symlinking: /home/semegn/agribot_ws/install/agribot_gazebo/share/agribot_gazebo/worlds/textures/healthy_12.jpg
-- Symlinking: /home/semegn/agribot_ws/install/agribot_gazebo/share/agribot_gazebo/worlds/textures/healthy_13.jpg
-- Symlinking: /home/semegn/agribot_ws/install/agribot_gazebo/share/agribot_gazebo/worlds/textures/healthy_14.jpg
-- Symlinking: /home/semegn/agribot_ws/install/agribot_gazebo/share/agribot_gazebo/worlds/textures/healthy_15.jpg
-- Symlinking: /home/semegn/agribot_ws/install/agribot_gazebo/share/agribot_gazebo/worlds/textures/healthy_2.jpg
-- Symlinking: /home/semegn/agribot_ws/install/agribot_gazebo/share/agribot_gazebo/worlds/textures/healthy_3.jpg
-- Symlinking: /home/semegn/agribot_ws/install/agribot_gazebo/share/agribot_gazebo/worlds/textures/healthy_4.jpg
-- Symlinking: /home/semegn/agribot_ws/install/agribot_gazebo/share/agribot_gazebo/worlds/textures/healthy_5.jpg
-- Symlinking: /home/semegn/agribot_ws/install/agribot_gazebo/share/agribot_gazebo/worlds/textures/healthy_6.jpg
-- Symlinking: /home/semegn/agribot_ws/install/agribot_gazebo/share/agribot_gazebo/worlds/textures/healthy_7.jpg
-- Symlinking: /home/semegn/agribot_ws/install/agribot_gazebo/share/agribot_gazebo/worlds/textures/healthy_8.jpg
-- Symlinking: /home/semegn/agribot_ws/install/agribot_gazebo/share/agribot_gazebo/worlds/textures/healthy_9.jpg
