running develop
running egg_info
creating agribot_nav2_bringup.egg-info
writing agribot_nav2_bringup.egg-info/PKG-INFO
writing dependency_links to agribot_nav2_bringup.egg-info/dependency_links.txt
writing requirements to agribot_nav2_bringup.egg-info/requires.txt
writing top-level names to agribot_nav2_bringup.egg-info/top_level.txt
writing manifest file 'agribot_nav2_bringup.egg-info/SOURCES.txt'
reading manifest file 'agribot_nav2_bringup.egg-info/SOURCES.txt'
writing manifest file 'agribot_nav2_bringup.egg-info/SOURCES.txt'
running build_ext
Creating /home/semegn/agribot_ws/install/agribot_nav2_bringup/lib/python3.10/site-packages/agribot-nav2-bringup.egg-link (link to .)

Installed /home/semegn/agribot_ws/build/agribot_nav2_bringup
running symlink_data
creating /home/semegn/agribot_ws/install/agribot_nav2_bringup/share/ament_index
creating /home/semegn/agribot_ws/install/agribot_nav2_bringup/share/ament_index/resource_index
creating /home/semegn/agribot_ws/install/agribot_nav2_bringup/share/ament_index/resource_index/packages
symbolically linking /home/semegn/agribot_ws/build/agribot_nav2_bringup/resource/agribot_nav2_bringup -> /home/semegn/agribot_ws/install/agribot_nav2_bringup/share/ament_index/resource_index/packages
symbolically linking /home/semegn/agribot_ws/build/agribot_nav2_bringup/package.xml -> /home/semegn/agribot_ws/install/agribot_nav2_bringup/share/agribot_nav2_bringup
creating /home/semegn/agribot_ws/install/agribot_nav2_bringup/share/agribot_nav2_bringup/launch
symbolically linking /home/semegn/agribot_ws/build/agribot_nav2_bringup/launch/bringup_launch.py -> /home/semegn/agribot_ws/install/agribot_nav2_bringup/share/agribot_nav2_bringup/launch
creating /home/semegn/agribot_ws/install/agribot_nav2_bringup/share/agribot_nav2_bringup/params
symbolically linking /home/semegn/agribot_ws/build/agribot_nav2_bringup/params/nav2_params.yaml -> /home/semegn/agribot_ws/install/agribot_nav2_bringup/share/agribot_nav2_bringup/params
creating /home/semegn/agribot_ws/install/agribot_nav2_bringup/share/agribot_nav2_bringup/maps
