[1.749s] Invoking command in '/home/semegn/agribot_ws/build/agribot_nav2_bringup': PYTHONPATH=/home/semegn/agribot_ws/build/agribot_nav2_bringup/prefix_override:/usr/lib/python3/dist-packages/colcon_core/task/python/colcon_distutils_commands:/home/semegn/agribot_ws/install/agribot_nav2_bringup/lib/python3.10/site-packages:${PYTHONPATH} /usr/bin/python3 -W ignore:setup.py install is deprecated -W ignore:easy_install command is deprecated setup.py develop --editable --build-directory /home/semegn/agribot_ws/build/agribot_nav2_bringup/build --no-deps symlink_data
[2.155s] running develop
[2.539s] running egg_info
[2.539s] creating agribot_nav2_bringup.egg-info
[2.540s] writing agribot_nav2_bringup.egg-info/PKG-INFO
[2.540s] writing dependency_links to agribot_nav2_bringup.egg-info/dependency_links.txt
[2.540s] writing requirements to agribot_nav2_bringup.egg-info/requires.txt
[2.540s] writing top-level names to agribot_nav2_bringup.egg-info/top_level.txt
[2.540s] writing manifest file 'agribot_nav2_bringup.egg-info/SOURCES.txt'
[2.543s] reading manifest file 'agribot_nav2_bringup.egg-info/SOURCES.txt'
[2.543s] writing manifest file 'agribot_nav2_bringup.egg-info/SOURCES.txt'
[2.545s] running build_ext
[2.545s] Creating /home/semegn/agribot_ws/install/agribot_nav2_bringup/lib/python3.10/site-packages/agribot-nav2-bringup.egg-link (link to .)
[2.546s] 
[2.546s] Installed /home/semegn/agribot_ws/build/agribot_nav2_bringup
[2.546s] running symlink_data
[2.547s] creating /home/semegn/agribot_ws/install/agribot_nav2_bringup/share/ament_index
[2.547s] creating /home/semegn/agribot_ws/install/agribot_nav2_bringup/share/ament_index/resource_index
[2.547s] creating /home/semegn/agribot_ws/install/agribot_nav2_bringup/share/ament_index/resource_index/packages
[2.547s] symbolically linking /home/semegn/agribot_ws/build/agribot_nav2_bringup/resource/agribot_nav2_bringup -> /home/semegn/agribot_ws/install/agribot_nav2_bringup/share/ament_index/resource_index/packages
[2.547s] symbolically linking /home/semegn/agribot_ws/build/agribot_nav2_bringup/package.xml -> /home/semegn/agribot_ws/install/agribot_nav2_bringup/share/agribot_nav2_bringup
[2.547s] creating /home/semegn/agribot_ws/install/agribot_nav2_bringup/share/agribot_nav2_bringup/launch
[2.547s] symbolically linking /home/semegn/agribot_ws/build/agribot_nav2_bringup/launch/bringup_launch.py -> /home/semegn/agribot_ws/install/agribot_nav2_bringup/share/agribot_nav2_bringup/launch
[2.547s] creating /home/semegn/agribot_ws/install/agribot_nav2_bringup/share/agribot_nav2_bringup/params
[2.547s] symbolically linking /home/semegn/agribot_ws/build/agribot_nav2_bringup/params/nav2_params.yaml -> /home/semegn/agribot_ws/install/agribot_nav2_bringup/share/agribot_nav2_bringup/params
[2.547s] creating /home/semegn/agribot_ws/install/agribot_nav2_bringup/share/agribot_nav2_bringup/maps
[2.589s] Invoked command in '/home/semegn/agribot_ws/build/agribot_nav2_bringup' returned '0': PYTHONPATH=/home/semegn/agribot_ws/build/agribot_nav2_bringup/prefix_override:/usr/lib/python3/dist-packages/colcon_core/task/python/colcon_distutils_commands:/home/semegn/agribot_ws/install/agribot_nav2_bringup/lib/python3.10/site-packages:${PYTHONPATH} /usr/bin/python3 -W ignore:setup.py install is deprecated -W ignore:easy_install command is deprecated setup.py develop --editable --build-directory /home/semegn/agribot_ws/build/agribot_nav2_bringup/build --no-deps symlink_data
