[1.377s] Invoking command in '/home/semegn/agribot_ws/build/agribot_navigation': PYTHONPATH=/home/semegn/agribot_ws/build/agribot_navigation/prefix_override:/usr/lib/python3/dist-packages/colcon_core/task/python/colcon_distutils_commands:/home/semegn/agribot_ws/install/agribot_navigation/lib/python3.10/site-packages:${PYTHONPATH} /usr/bin/python3 -W ignore:setup.py install is deprecated -W ignore:easy_install command is deprecated setup.py develop --editable --build-directory /home/semegn/agribot_ws/build/agribot_navigation/build --no-deps symlink_data
[1.687s] running develop
[1.920s] running egg_info
[1.921s] writing agribot_navigation.egg-info/PKG-INFO
[1.921s] writing dependency_links to agribot_navigation.egg-info/dependency_links.txt
[1.921s] writing entry points to agribot_navigation.egg-info/entry_points.txt
[1.921s] writing requirements to agribot_navigation.egg-info/requires.txt
[1.921s] writing top-level names to agribot_navigation.egg-info/top_level.txt
[1.924s] reading manifest file 'agribot_navigation.egg-info/SOURCES.txt'
[1.925s] writing manifest file 'agribot_navigation.egg-info/SOURCES.txt'
[1.927s] running build_ext
[1.927s] Creating /home/semegn/agribot_ws/install/agribot_navigation/lib/python3.10/site-packages/agribot-navigation.egg-link (link to .)
[1.928s] Installing navigation_node script to /home/semegn/agribot_ws/install/agribot_navigation/lib/agribot_navigation
[1.928s] Installing navigator_goal script to /home/semegn/agribot_ws/install/agribot_navigation/lib/agribot_navigation
[1.928s] Installing odom_tf_bridge script to /home/semegn/agribot_ws/install/agribot_navigation/lib/agribot_navigation
[1.928s] Installing reactive_avoid script to /home/semegn/agribot_ws/install/agribot_navigation/lib/agribot_navigation
[1.929s] Installing safety_stop script to /home/semegn/agribot_ws/install/agribot_navigation/lib/agribot_navigation
[1.929s] Installing slam_node script to /home/semegn/agribot_ws/install/agribot_navigation/lib/agribot_navigation
[1.929s] Installing stop_on_disease script to /home/semegn/agribot_ws/install/agribot_navigation/lib/agribot_navigation
[1.929s] 
[1.929s] Installed /home/semegn/agribot_ws/build/agribot_navigation
[1.929s] running symlink_data
[1.980s] Invoked command in '/home/semegn/agribot_ws/build/agribot_navigation' returned '0': PYTHONPATH=/home/semegn/agribot_ws/build/agribot_navigation/prefix_override:/usr/lib/python3/dist-packages/colcon_core/task/python/colcon_distutils_commands:/home/semegn/agribot_ws/install/agribot_navigation/lib/python3.10/site-packages:${PYTHONPATH} /usr/bin/python3 -W ignore:setup.py install is deprecated -W ignore:easy_install command is deprecated setup.py develop --editable --build-directory /home/semegn/agribot_ws/build/agribot_navigation/build --no-deps symlink_data
