[0.024s] Invoking command in '/home/semegn/agribot_ws/build/agribot_gazebo': CMAKE_PREFIX_PATH=${CMAKE_PREFIX_PATH}:/home/semegn/agribot_ws/install/agribot_vision:/home/semegn/agribot_ws/install/agribot_navigation:/home/semegn/agribot_ws/install/agribot_nav2_bringup:/opt/ros/humble /usr/bin/cmake /home/semegn/agribot_ws/src/agribot_gazebo -DAMENT_CMAKE_SYMLINK_INSTALL=1 -DCMAKE_INSTALL_PREFIX=/home/semegn/agribot_ws/install/agribot_gazebo
[0.780s] -- The C compiler identification is GNU 11.4.0
[0.780s] -- The CXX compiler identification is GNU 11.4.0
[0.780s] -- Detecting C compiler ABI info
[0.780s] -- Detecting C compiler ABI info - done
[0.780s] -- Check for working C compiler: /usr/bin/cc - skipped
[0.780s] -- Detecting C compile features
[0.780s] -- Detecting C compile features - done
[0.780s] -- Detecting CXX compiler ABI info
[0.781s] -- Detecting CXX compiler ABI info - done
[0.781s] -- Check for working CXX compiler: /usr/bin/c++ - skipped
[0.781s] -- Detecting CXX compile features
[0.781s] -- Detecting CXX compile features - done
[0.781s] -- Found ament_cmake: 1.3.12 (/opt/ros/humble/share/ament_cmake/cmake)
[0.781s] -- Found Python3: /usr/bin/python3 (found version "3.10.12") found components: Interpreter 
[0.781s] -- Override CMake install command with custom implementation using symlinks instead of copying resources
[0.781s] -- Found ament_lint_auto: 0.12.14 (/opt/ros/humble/share/ament_lint_auto/cmake)
[0.782s] -- Added test 'flake8' to check Python code syntax and style conventions
[0.782s] -- Added test 'lint_cmake' to check CMake code style
[0.782s] -- Added test 'pep257' to check Python code against some of the docstring style conventions in PEP 257
[0.782s] -- Added test 'xmllint' to check XML markup files
[0.782s] -- Configuring done
[0.783s] -- Generating done
[0.783s] -- Build files have been written to: /home/semegn/agribot_ws/build/agribot_gazebo
[1.127s] Invoked command in '/home/semegn/agribot_ws/build/agribot_gazebo' returned '0': CMAKE_PREFIX_PATH=${CMAKE_PREFIX_PATH}:/home/semegn/agribot_ws/install/agribot_vision:/home/semegn/agribot_ws/install/agribot_navigation:/home/semegn/agribot_ws/install/agribot_nav2_bringup:/opt/ros/humble /usr/bin/cmake /home/semegn/agribot_ws/src/agribot_gazebo -DAMENT_CMAKE_SYMLINK_INSTALL=1 -DCMAKE_INSTALL_PREFIX=/home/semegn/agribot_ws/install/agribot_gazebo
[1.129s] Invoking command in '/home/semegn/agribot_ws/build/agribot_gazebo': CMAKE_PREFIX_PATH=${CMAKE_PREFIX_PATH}:/home/semegn/agribot_ws/install/agribot_vision:/home/semegn/agribot_ws/install/agribot_navigation:/home/semegn/agribot_ws/install/agribot_nav2_bringup:/opt/ros/humble /usr/bin/cmake --build /home/semegn/agribot_ws/build/agribot_gazebo -- -j8 -l8
[1.204s] Invoked command in '/home/semegn/agribot_ws/build/agribot_gazebo' returned '0': CMAKE_PREFIX_PATH=${CMAKE_PREFIX_PATH}:/home/semegn/agribot_ws/install/agribot_vision:/home/semegn/agribot_ws/install/agribot_navigation:/home/semegn/agribot_ws/install/agribot_nav2_bringup:/opt/ros/humble /usr/bin/cmake --build /home/semegn/agribot_ws/build/agribot_gazebo -- -j8 -l8
[1.225s] Invoking command in '/home/semegn/agribot_ws/build/agribot_gazebo': CMAKE_PREFIX_PATH=${CMAKE_PREFIX_PATH}:/home/semegn/agribot_ws/install/agribot_vision:/home/semegn/agribot_ws/install/agribot_navigation:/home/semegn/agribot_ws/install/agribot_nav2_bringup:/opt/ros/humble /usr/bin/cmake --install /home/semegn/agribot_ws/build/agribot_gazebo
[1.236s] -- Install configuration: ""
[1.237s] -- Execute custom install script
[1.238s] -- Symlinking: /home/semegn/agribot_ws/install/agribot_gazebo/share/agribot_gazebo/launch/farm.launch.py
[1.257s] -- Symlinking: /home/semegn/agribot_ws/install/agribot_gazebo/share/agribot_gazebo/worlds/eth_farm.sdf
[1.276s] -- Symlinking: /home/semegn/agribot_ws/install/agribot_gazebo/share/agribot_gazebo/worlds/ethiopian_farm.sdf
[1.293s] -- Symlinking: /home/semegn/agribot_ws/install/agribot_gazebo/share/agribot_gazebo/worlds/ethiopian_farm_generated.sdf
[1.310s] -- Symlinking: /home/semegn/agribot_ws/install/agribot_gazebo/share/agribot_gazebo/worlds/generate_farm.py
[1.320s] -- Symlinking: /home/semegn/agribot_ws/install/agribot_gazebo/share/agribot_gazebo/worlds/textures/healthy_leaf.jpg
[1.333s] -- Symlinking: /home/semegn/agribot_ws/install/agribot_gazebo/share/agribot_gazebo/worlds/textures/tomato_blight.jpg
[1.350s] -- Symlinking: /home/semegn/agribot_ws/install/agribot_gazebo/share/ament_index/resource_index/package_run_dependencies/agribot_gazebo
[1.364s] -- Symlinking: /home/semegn/agribot_ws/install/agribot_gazebo/share/ament_index/resource_index/parent_prefix_path/agribot_gazebo
[1.378s] -- Symlinking: /home/semegn/agribot_ws/install/agribot_gazebo/share/agribot_gazebo/environment/ament_prefix_path.sh
[1.394s] -- Symlinking: /home/semegn/agribot_ws/install/agribot_gazebo/share/agribot_gazebo/environment/ament_prefix_path.dsv
[1.409s] -- Symlinking: /home/semegn/agribot_ws/install/agribot_gazebo/share/agribot_gazebo/environment/path.sh
[1.423s] -- Symlinking: /home/semegn/agribot_ws/install/agribot_gazebo/share/agribot_gazebo/environment/path.dsv
[1.437s] -- Symlinking: /home/semegn/agribot_ws/install/agribot_gazebo/share/agribot_gazebo/local_setup.bash
[1.450s] -- Symlinking: /home/semegn/agribot_ws/install/agribot_gazebo/share/agribot_gazebo/local_setup.sh
[1.462s] -- Symlinking: /home/semegn/agribot_ws/install/agribot_gazebo/share/agribot_gazebo/local_setup.zsh
[1.474s] -- Symlinking: /home/semegn/agribot_ws/install/agribot_gazebo/share/agribot_gazebo/local_setup.dsv
[1.485s] -- Symlinking: /home/semegn/agribot_ws/install/agribot_gazebo/share/agribot_gazebo/package.dsv
[1.496s] -- Symlinking: /home/semegn/agribot_ws/install/agribot_gazebo/share/ament_index/resource_index/packages/agribot_gazebo
[1.508s] -- Symlinking: /home/semegn/agribot_ws/install/agribot_gazebo/share/agribot_gazebo/cmake/agribot_gazeboConfig.cmake
[1.517s] -- Symlinking: /home/semegn/agribot_ws/install/agribot_gazebo/share/agribot_gazebo/cmake/agribot_gazeboConfig-version.cmake
[1.529s] -- Symlinking: /home/semegn/agribot_ws/install/agribot_gazebo/share/agribot_gazebo/package.xml
[1.544s] Invoked command in '/home/semegn/agribot_ws/build/agribot_gazebo' returned '0': CMAKE_PREFIX_PATH=${CMAKE_PREFIX_PATH}:/home/semegn/agribot_ws/install/agribot_vision:/home/semegn/agribot_ws/install/agribot_navigation:/home/semegn/agribot_ws/install/agribot_nav2_bringup:/opt/ros/humble /usr/bin/cmake --install /home/semegn/agribot_ws/build/agribot_gazebo
