[0.027s] Invoking command in '/home/semegn/agribot_ws/build/agribot_description': CMAKE_PREFIX_PATH=${CMAKE_PREFIX_PATH}:/home/semegn/agribot_ws/install/agribot_vision:/home/semegn/agribot_ws/install/agribot_navigation:/home/semegn/agribot_ws/install/agribot_nav2_bringup:/opt/ros/humble /usr/bin/cmake /home/semegn/agribot_ws/src/agribot_description -DAMENT_CMAKE_SYMLINK_INSTALL=1 -DCMAKE_INSTALL_PREFIX=/home/semegn/agribot_ws/install/agribot_description
[0.781s] -- The C compiler identification is GNU 11.4.0
[0.782s] -- The CXX compiler identification is GNU 11.4.0
[0.782s] -- Detecting C compiler ABI info
[0.783s] -- Detecting C compiler ABI info - done
[0.783s] -- Check for working C compiler: /usr/bin/cc - skipped
[0.783s] -- Detecting C compile features
[0.783s] -- Detecting C compile features - done
[0.783s] -- Detecting CXX compiler ABI info
[0.783s] -- Detecting CXX compiler ABI info - done
[0.783s] -- Check for working CXX compiler: /usr/bin/c++ - skipped
[0.784s] -- Detecting CXX compile features
[0.784s] -- Detecting CXX compile features - done
[0.784s] -- Found ament_cmake: 1.3.12 (/opt/ros/humble/share/ament_cmake/cmake)
[0.784s] -- Found Python3: /usr/bin/python3 (found version "3.10.12") found components: Interpreter 
[0.784s] -- Override CMake install command with custom implementation using symlinks instead of copying resources
[0.785s] -- Found ament_lint_auto: 0.12.14 (/opt/ros/humble/share/ament_lint_auto/cmake)
[0.785s] -- Added test 'flake8' to check Python code syntax and style conventions
[0.785s] -- Added test 'lint_cmake' to check CMake code style
[0.785s] -- Added test 'pep257' to check Python code against some of the docstring style conventions in PEP 257
[0.785s] -- Added test 'xmllint' to check XML markup files
[0.788s] -- Configuring done
[0.788s] -- Generating done
[0.788s] -- Build files have been written to: /home/semegn/agribot_ws/build/agribot_description
[1.136s] Invoked command in '/home/semegn/agribot_ws/build/agribot_description' returned '0': CMAKE_PREFIX_PATH=${CMAKE_PREFIX_PATH}:/home/semegn/agribot_ws/install/agribot_vision:/home/semegn/agribot_ws/install/agribot_navigation:/home/semegn/agribot_ws/install/agribot_nav2_bringup:/opt/ros/humble /usr/bin/cmake /home/semegn/agribot_ws/src/agribot_description -DAMENT_CMAKE_SYMLINK_INSTALL=1 -DCMAKE_INSTALL_PREFIX=/home/semegn/agribot_ws/install/agribot_description
[1.138s] Invoking command in '/home/semegn/agribot_ws/build/agribot_description': CMAKE_PREFIX_PATH=${CMAKE_PREFIX_PATH}:/home/semegn/agribot_ws/install/agribot_vision:/home/semegn/agribot_ws/install/agribot_navigation:/home/semegn/agribot_ws/install/agribot_nav2_bringup:/opt/ros/humble /usr/bin/cmake --build /home/semegn/agribot_ws/build/agribot_description -- -j8 -l8
[1.234s] Invoked command in '/home/semegn/agribot_ws/build/agribot_description' returned '0': CMAKE_PREFIX_PATH=${CMAKE_PREFIX_PATH}:/home/semegn/agribot_ws/install/agribot_vision:/home/semegn/agribot_ws/install/agribot_navigation:/home/semegn/agribot_ws/install/agribot_nav2_bringup:/opt/ros/humble /usr/bin/cmake --build /home/semegn/agribot_ws/build/agribot_description -- -j8 -l8
[1.237s] Invoking command in '/home/semegn/agribot_ws/build/agribot_description': CMAKE_PREFIX_PATH=${CMAKE_PREFIX_PATH}:/home/semegn/agribot_ws/install/agribot_vision:/home/semegn/agribot_ws/install/agribot_navigation:/home/semegn/agribot_ws/install/agribot_nav2_bringup:/opt/ros/humble /usr/bin/cmake --install /home/semegn/agribot_ws/build/agribot_description
[1.253s] -- Install configuration: ""
[1.254s] -- Execute custom install script
[1.255s] -- Symlinking: /home/semegn/agribot_ws/install/agribot_description/share/agribot_description/urdf/agribot.urdf.xacro
[1.270s] -- Symlinking: /home/semegn/agribot_ws/install/agribot_description/share/agribot_description/launch/agribot_spawn.launch.py
[1.288s] -- Symlinking: /home/semegn/agribot_ws/install/agribot_description/share/agribot_description/launch/master.launch.py
[1.300s] -- Symlinking: /home/semegn/agribot_ws/install/agribot_description/share/ament_index/resource_index/package_run_dependencies/agribot_description
[1.313s] -- Symlinking: /home/semegn/agribot_ws/install/agribot_description/share/ament_index/resource_index/parent_prefix_path/agribot_description
[1.328s] -- Symlinking: /home/semegn/agribot_ws/install/agribot_description/share/agribot_description/environment/ament_prefix_path.sh
[1.346s] -- Symlinking: /home/semegn/agribot_ws/install/agribot_description/share/agribot_description/environment/ament_prefix_path.dsv
[1.364s] -- Symlinking: /home/semegn/agribot_ws/install/agribot_description/share/agribot_description/environment/path.sh
[1.381s] -- Symlinking: /home/semegn/agribot_ws/install/agribot_description/share/agribot_description/environment/path.dsv
[1.398s] -- Symlinking: /home/semegn/agribot_ws/install/agribot_description/share/agribot_description/local_setup.bash
[1.408s] -- Symlinking: /home/semegn/agribot_ws/install/agribot_description/share/agribot_description/local_setup.sh
[1.422s] -- Symlinking: /home/semegn/agribot_ws/install/agribot_description/share/agribot_description/local_setup.zsh
[1.435s] -- Symlinking: /home/semegn/agribot_ws/install/agribot_description/share/agribot_description/local_setup.dsv
[1.445s] -- Symlinking: /home/semegn/agribot_ws/install/agribot_description/share/agribot_description/package.dsv
[1.460s] -- Symlinking: /home/semegn/agribot_ws/install/agribot_description/share/ament_index/resource_index/packages/agribot_description
[1.472s] -- Symlinking: /home/semegn/agribot_ws/install/agribot_description/share/agribot_description/cmake/agribot_descriptionConfig.cmake
[1.485s] -- Symlinking: /home/semegn/agribot_ws/install/agribot_description/share/agribot_description/cmake/agribot_descriptionConfig-version.cmake
[1.498s] -- Symlinking: /home/semegn/agribot_ws/install/agribot_description/share/agribot_description/package.xml
[1.512s] Invoked command in '/home/semegn/agribot_ws/build/agribot_description' returned '0': CMAKE_PREFIX_PATH=${CMAKE_PREFIX_PATH}:/home/semegn/agribot_ws/install/agribot_vision:/home/semegn/agribot_ws/install/agribot_navigation:/home/semegn/agribot_ws/install/agribot_nav2_bringup:/opt/ros/humble /usr/bin/cmake --install /home/semegn/agribot_ws/build/agribot_description
