/home/semegn/agribot_ws/install/agribot_navigation/lib/python3.10/site-packages/agribot_navigation/stop_on_disease.py
/home/semegn/agribot_ws/install/agribot_navigation/lib/python3.10/site-packages/agribot_navigation/reactive_avoidance.py
/home/semegn/agribot_ws/install/agribot_navigation/lib/python3.10/site-packages/agribot_navigation/slam_node.py
/home/semegn/agribot_ws/install/agribot_navigation/lib/python3.10/site-packages/agribot_navigation/__init__.py
/home/semegn/agribot_ws/install/agribot_navigation/lib/python3.10/site-packages/agribot_navigation/odom_tf_bridge.py
/home/semegn/agribot_ws/install/agribot_navigation/lib/python3.10/site-packages/agribot_navigation/navigator_goal.py
/home/semegn/agribot_ws/install/agribot_navigation/lib/python3.10/site-packages/agribot_navigation/safety_stop.py
/home/semegn/agribot_ws/install/agribot_navigation/lib/python3.10/site-packages/agribot_navigation/navigation_node.py
/home/semegn/agribot_ws/install/agribot_navigation/lib/python3.10/site-packages/agribot_navigation/__pycache__/stop_on_disease.cpython-310.pyc
/home/semegn/agribot_ws/install/agribot_navigation/lib/python3.10/site-packages/agribot_navigation/__pycache__/reactive_avoidance.cpython-310.pyc
/home/semegn/agribot_ws/install/agribot_navigation/lib/python3.10/site-packages/agribot_navigation/__pycache__/slam_node.cpython-310.pyc
/home/semegn/agribot_ws/install/agribot_navigation/lib/python3.10/site-packages/agribot_navigation/__pycache__/__init__.cpython-310.pyc
/home/semegn/agribot_ws/install/agribot_navigation/lib/python3.10/site-packages/agribot_navigation/__pycache__/odom_tf_bridge.cpython-310.pyc
/home/semegn/agribot_ws/install/agribot_navigation/lib/python3.10/site-packages/agribot_navigation/__pycache__/navigator_goal.cpython-310.pyc
/home/semegn/agribot_ws/install/agribot_navigation/lib/python3.10/site-packages/agribot_navigation/__pycache__/safety_stop.cpython-310.pyc
/home/semegn/agribot_ws/install/agribot_navigation/lib/python3.10/site-packages/agribot_navigation/__pycache__/navigation_node.cpython-310.pyc
/home/semegn/agribot_ws/install/agribot_navigation/share/ament_index/resource_index/packages/agribot_navigation
/home/semegn/agribot_ws/install/agribot_navigation/share/agribot_navigation/package.xml
/home/semegn/agribot_ws/install/agribot_navigation/lib/python3.10/site-packages/agribot_navigation-0.0.0-py3.10.egg-info/entry_points.txt
/home/semegn/agribot_ws/install/agribot_navigation/lib/python3.10/site-packages/agribot_navigation-0.0.0-py3.10.egg-info/requires.txt
/home/semegn/agribot_ws/install/agribot_navigation/lib/python3.10/site-packages/agribot_navigation-0.0.0-py3.10.egg-info/zip-safe
/home/semegn/agribot_ws/install/agribot_navigation/lib/python3.10/site-packages/agribot_navigation-0.0.0-py3.10.egg-info/SOURCES.txt
/home/semegn/agribot_ws/install/agribot_navigation/lib/python3.10/site-packages/agribot_navigation-0.0.0-py3.10.egg-info/PKG-INFO
/home/semegn/agribot_ws/install/agribot_navigation/lib/python3.10/site-packages/agribot_navigation-0.0.0-py3.10.egg-info/dependency_links.txt
/home/semegn/agribot_ws/install/agribot_navigation/lib/python3.10/site-packages/agribot_navigation-0.0.0-py3.10.egg-info/top_level.txt
/home/semegn/agribot_ws/install/agribot_navigation/lib/agribot_navigation/navigation_node
/home/semegn/agribot_ws/install/agribot_navigation/lib/agribot_navigation/navigator_goal
/home/semegn/agribot_ws/install/agribot_navigation/lib/agribot_navigation/odom_tf_bridge
/home/semegn/agribot_ws/install/agribot_navigation/lib/agribot_navigation/reactive_avoid
/home/semegn/agribot_ws/install/agribot_navigation/lib/agribot_navigation/safety_stop
/home/semegn/agribot_ws/install/agribot_navigation/lib/agribot_navigation/slam_node
/home/semegn/agribot_ws/install/agribot_navigation/lib/agribot_navigation/stop_on_disease
