running develop
running egg_info
creating agribot_vision.egg-info
writing agribot_vision.egg-info/PKG-INFO
writing dependency_links to agribot_vision.egg-info/dependency_links.txt
writing entry points to agribot_vision.egg-info/entry_points.txt
writing requirements to agribot_vision.egg-info/requires.txt
writing top-level names to agribot_vision.egg-info/top_level.txt
writing manifest file 'agribot_vision.egg-info/SOURCES.txt'
reading manifest file 'agribot_vision.egg-info/SOURCES.txt'
writing manifest file 'agribot_vision.egg-info/SOURCES.txt'
running build_ext
Creating /home/semegn/agribot_ws/install/agribot_vision/lib/python3.10/site-packages/agribot-vision.egg-link (link to .)
Installing detect_disease script to /home/semegn/agribot_ws/install/agribot_vision/lib/agribot_vision

Installed /home/semegn/agribot_ws/build/agribot_vision
running symlink_data
creating /home/semegn/agribot_ws/install/agribot_vision/share/ament_index
creating /home/semegn/agribot_ws/install/agribot_vision/share/ament_index/resource_index
creating /home/semegn/agribot_ws/install/agribot_vision/share/ament_index/resource_index/packages
symbolically linking /home/semegn/agribot_ws/build/agribot_vision/resource/agribot_vision -> /home/semegn/agribot_ws/install/agribot_vision/share/ament_index/resource_index/packages
symbolically linking /home/semegn/agribot_ws/build/agribot_vision/package.xml -> /home/semegn/agribot_ws/install/agribot_vision/share/agribot_vision
