[1.787s] Invoking command in '/home/semegn/agribot_ws/build/agribot_vision': PYTHONPATH=/home/semegn/agribot_ws/build/agribot_vision/prefix_override:/usr/lib/python3/dist-packages/colcon_core/task/python/colcon_distutils_commands:/home/semegn/agribot_ws/install/agribot_vision/lib/python3.10/site-packages:${PYTHONPATH} /usr/bin/python3 -W ignore:setup.py install is deprecated -W ignore:easy_install command is deprecated setup.py develop --editable --build-directory /home/semegn/agribot_ws/build/agribot_vision/build --no-deps symlink_data
[2.100s] running develop
[2.412s] running egg_info
[2.412s] creating agribot_vision.egg-info
[2.412s] writing agribot_vision.egg-info/PKG-INFO
[2.413s] writing dependency_links to agribot_vision.egg-info/dependency_links.txt
[2.413s] writing entry points to agribot_vision.egg-info/entry_points.txt
[2.413s] writing requirements to agribot_vision.egg-info/requires.txt
[2.413s] writing top-level names to agribot_vision.egg-info/top_level.txt
[2.414s] writing manifest file 'agribot_vision.egg-info/SOURCES.txt'
[2.416s] reading manifest file 'agribot_vision.egg-info/SOURCES.txt'
[2.416s] writing manifest file 'agribot_vision.egg-info/SOURCES.txt'
[2.419s] running build_ext
[2.419s] Creating /home/semegn/agribot_ws/install/agribot_vision/lib/python3.10/site-packages/agribot-vision.egg-link (link to .)
[2.420s] Installing detect_disease script to /home/semegn/agribot_ws/install/agribot_vision/lib/agribot_vision
[2.421s] 
[2.421s] Installed /home/semegn/agribot_ws/build/agribot_vision
[2.422s] running symlink_data
[2.422s] creating /home/semegn/agribot_ws/install/agribot_vision/share/ament_index
[2.422s] creating /home/semegn/agribot_ws/install/agribot_vision/share/ament_index/resource_index
[2.422s] creating /home/semegn/agribot_ws/install/agribot_vision/share/ament_index/resource_index/packages
[2.422s] symbolically linking /home/semegn/agribot_ws/build/agribot_vision/resource/agribot_vision -> /home/semegn/agribot_ws/install/agribot_vision/share/ament_index/resource_index/packages
[2.422s] symbolically linking /home/semegn/agribot_ws/build/agribot_vision/package.xml -> /home/semegn/agribot_ws/install/agribot_vision/share/agribot_vision
[2.487s] Invoked command in '/home/semegn/agribot_ws/build/agribot_vision' returned '0': PYTHONPATH=/home/semegn/agribot_ws/build/agribot_vision/prefix_override:/usr/lib/python3/dist-packages/colcon_core/task/python/colcon_distutils_commands:/home/semegn/agribot_ws/install/agribot_vision/lib/python3.10/site-packages:${PYTHONPATH} /usr/bin/python3 -W ignore:setup.py install is deprecated -W ignore:easy_install command is deprecated setup.py develop --editable --build-directory /home/semegn/agribot_ws/build/agribot_vision/build --no-deps symlink_data
