running egg_info
writing ../../build/agribot_navigation/agribot_navigation.egg-info/PKG-INFO
writing dependency_links to ../../build/agribot_navigation/agribot_navigation.egg-info/dependency_links.txt
writing entry points to ../../build/agribot_navigation/agribot_navigation.egg-info/entry_points.txt
writing requirements to ../../build/agribot_navigation/agribot_navigation.egg-info/requires.txt
writing top-level names to ../../build/agribot_navigation/agribot_navigation.egg-info/top_level.txt
reading manifest file '../../build/agribot_navigation/agribot_navigation.egg-info/SOURCES.txt'
adding license file 'LICENSE'
writing manifest file '../../build/agribot_navigation/agribot_navigation.egg-info/SOURCES.txt'
running build
running build_py
running install
running install_lib
running install_data
running install_egg_info
removing '/home/semegn/agribot_ws/install/agribot_navigation/lib/python3.10/site-packages/agribot_navigation-0.0.0-py3.10.egg-info' (and everything under it)
Copying ../../build/agribot_navigation/agribot_navigation.egg-info to /home/semegn/agribot_ws/install/agribot_navigation/lib/python3.10/site-packages/agribot_navigation-0.0.0-py3.10.egg-info
running install_scripts
Installing navigation_node script to /home/semegn/agribot_ws/install/agribot_navigation/lib/agribot_navigation
Installing navigator_goal script to /home/semegn/agribot_ws/install/agribot_navigation/lib/agribot_navigation
Installing odom_tf_bridge script to /home/semegn/agribot_ws/install/agribot_navigation/lib/agribot_navigation
Installing reactive_avoid script to /home/semegn/agribot_ws/install/agribot_navigation/lib/agribot_navigation
Installing safety_stop script to /home/semegn/agribot_ws/install/agribot_navigation/lib/agribot_navigation
Installing slam_node script to /home/semegn/agribot_ws/install/agribot_navigation/lib/agribot_navigation
Installing stop_on_disease script to /home/semegn/agribot_ws/install/agribot_navigation/lib/agribot_navigation
writing list of installed files to '/home/semegn/agribot_ws/build/agribot_navigation/install.log'
