running develop
Removing /home/semegn/agribot_ws/install/agribot_navigation/lib/python3.10/site-packages/agribot-navigation.egg-link (link to .)
running egg_info
writing ../../build/agribot_navigation/agribot_navigation.egg-info/PKG-INFO
writing dependency_links to ../../build/agribot_navigation/agribot_navigation.egg-info/dependency_links.txt
writing entry points to ../../build/agribot_navigation/agribot_navigation.egg-info/entry_points.txt
writing requirements to ../../build/agribot_navigation/agribot_navigation.egg-info/requires.txt
writing top-level names to ../../build/agribot_navigation/agribot_navigation.egg-info/top_level.txt
reading manifest file '../../build/agribot_navigation/agribot_navigation.egg-info/SOURCES.txt'
adding license file 'LICENSE'
writing manifest file '../../build/agribot_navigation/agribot_navigation.egg-info/SOURCES.txt'
running build
running build_py
creating /home/semegn/agribot_ws/build/agribot_navigation/build
creating /home/semegn/agribot_ws/build/agribot_navigation/build/lib
creating /home/semegn/agribot_ws/build/agribot_navigation/build/lib/agribot_navigation
copying agribot_navigation/stop_on_disease.py -> /home/semegn/agribot_ws/build/agribot_navigation/build/lib/agribot_navigation
copying agribot_navigation/reactive_avoidance.py -> /home/semegn/agribot_ws/build/agribot_navigation/build/lib/agribot_navigation
copying agribot_navigation/slam_node.py -> /home/semegn/agribot_ws/build/agribot_navigation/build/lib/agribot_navigation
copying agribot_navigation/__init__.py -> /home/semegn/agribot_ws/build/agribot_navigation/build/lib/agribot_navigation
copying agribot_navigation/odom_tf_bridge.py -> /home/semegn/agribot_ws/build/agribot_navigation/build/lib/agribot_navigation
copying agribot_navigation/navigator_goal.py -> /home/semegn/agribot_ws/build/agribot_navigation/build/lib/agribot_navigation
copying agribot_navigation/safety_stop.py -> /home/semegn/agribot_ws/build/agribot_navigation/build/lib/agribot_navigation
copying agribot_navigation/navigation_node.py -> /home/semegn/agribot_ws/build/agribot_navigation/build/lib/agribot_navigation
running install
running install_lib
creating /home/semegn/agribot_ws/install/agribot_navigation/lib/python3.10/site-packages/agribot_navigation
copying /home/semegn/agribot_ws/build/agribot_navigation/build/lib/agribot_navigation/stop_on_disease.py -> /home/semegn/agribot_ws/install/agribot_navigation/lib/python3.10/site-packages/agribot_navigation
copying /home/semegn/agribot_ws/build/agribot_navigation/build/lib/agribot_navigation/reactive_avoidance.py -> /home/semegn/agribot_ws/install/agribot_navigation/lib/python3.10/site-packages/agribot_navigation
copying /home/semegn/agribot_ws/build/agribot_navigation/build/lib/agribot_navigation/slam_node.py -> /home/semegn/agribot_ws/install/agribot_navigation/lib/python3.10/site-packages/agribot_navigation
copying /home/semegn/agribot_ws/build/agribot_navigation/build/lib/agribot_navigation/__init__.py -> /home/semegn/agribot_ws/install/agribot_navigation/lib/python3.10/site-packages/agribot_navigation
copying /home/semegn/agribot_ws/build/agribot_navigation/build/lib/agribot_navigation/odom_tf_bridge.py -> /home/semegn/agribot_ws/install/agribot_navigation/lib/python3.10/site-packages/agribot_navigation
copying /home/semegn/agribot_ws/build/agribot_navigation/build/lib/agribot_navigation/navigator_goal.py -> /home/semegn/agribot_ws/install/agribot_navigation/lib/python3.10/site-packages/agribot_navigation
copying /home/semegn/agribot_ws/build/agribot_navigation/build/lib/agribot_navigation/safety_stop.py -> /home/semegn/agribot_ws/install/agribot_navigation/lib/python3.10/site-packages/agribot_navigation
copying /home/semegn/agribot_ws/build/agribot_navigation/build/lib/agribot_navigation/navigation_node.py -> /home/semegn/agribot_ws/install/agribot_navigation/lib/python3.10/site-packages/agribot_navigation
byte-compiling /home/semegn/agribot_ws/install/agribot_navigation/lib/python3.10/site-packages/agribot_navigation/stop_on_disease.py to stop_on_disease.cpython-310.pyc
byte-compiling /home/semegn/agribot_ws/install/agribot_navigation/lib/python3.10/site-packages/agribot_navigation/reactive_avoidance.py to reactive_avoidance.cpython-310.pyc
byte-compiling /home/semegn/agribot_ws/install/agribot_navigation/lib/python3.10/site-packages/agribot_navigation/slam_node.py to slam_node.cpython-310.pyc
byte-compiling /home/semegn/agribot_ws/install/agribot_navigation/lib/python3.10/site-packages/agribot_navigation/__init__.py to __init__.cpython-310.pyc
byte-compiling /home/semegn/agribot_ws/install/agribot_navigation/lib/python3.10/site-packages/agribot_navigation/odom_tf_bridge.py to odom_tf_bridge.cpython-310.pyc
byte-compiling /home/semegn/agribot_ws/install/agribot_navigation/lib/python3.10/site-packages/agribot_navigation/navigator_goal.py to navigator_goal.cpython-310.pyc
byte-compiling /home/semegn/agribot_ws/install/agribot_navigation/lib/python3.10/site-packages/agribot_navigation/safety_stop.py to safety_stop.cpython-310.pyc
byte-compiling /home/semegn/agribot_ws/install/agribot_navigation/lib/python3.10/site-packages/agribot_navigation/navigation_node.py to navigation_node.cpython-310.pyc
running install_data
copying resource/agribot_navigation -> /home/semegn/agribot_ws/install/agribot_navigation/share/ament_index/resource_index/packages
copying package.xml -> /home/semegn/agribot_ws/install/agribot_navigation/share/agribot_navigation
running install_egg_info
Copying ../../build/agribot_navigation/agribot_navigation.egg-info to /home/semegn/agribot_ws/install/agribot_navigation/lib/python3.10/site-packages/agribot_navigation-0.0.0-py3.10.egg-info
running install_scripts
Installing navigation_node script to /home/semegn/agribot_ws/install/agribot_navigation/lib/agribot_navigation
Installing navigator_goal script to /home/semegn/agribot_ws/install/agribot_navigation/lib/agribot_navigation
Installing odom_tf_bridge script to /home/semegn/agribot_ws/install/agribot_navigation/lib/agribot_navigation
Installing reactive_avoid script to /home/semegn/agribot_ws/install/agribot_navigation/lib/agribot_navigation
Installing safety_stop script to /home/semegn/agribot_ws/install/agribot_navigation/lib/agribot_navigation
Installing slam_node script to /home/semegn/agribot_ws/install/agribot_navigation/lib/agribot_navigation
Installing stop_on_disease script to /home/semegn/agribot_ws/install/agribot_navigation/lib/agribot_navigation
writing list of installed files to '/home/semegn/agribot_ws/build/agribot_navigation/install.log'
