[1.697s] Invoking command in '/home/semegn/agribot_ws/build/agribot_navigation': PYTHONPATH=/home/semegn/agribot_ws/build/agribot_navigation/prefix_override:/usr/lib/python3/dist-packages/colcon_core/task/python/colcon_distutils_commands:/home/semegn/agribot_ws/install/agribot_navigation/lib/python3.10/site-packages:${PYTHONPATH} /usr/bin/python3 -W ignore:setup.py install is deprecated -W ignore:easy_install command is deprecated setup.py develop --uninstall --editable --build-directory /home/semegn/agribot_ws/build/agribot_navigation/build
[2.075s] running develop
[2.350s] Removing /home/semegn/agribot_ws/install/agribot_navigation/lib/python3.10/site-packages/agribot-navigation.egg-link (link to .)
[2.404s] Invoked command in '/home/semegn/agribot_ws/build/agribot_navigation' returned '0': PYTHONPATH=/home/semegn/agribot_ws/build/agribot_navigation/prefix_override:/usr/lib/python3/dist-packages/colcon_core/task/python/colcon_distutils_commands:/home/semegn/agribot_ws/install/agribot_navigation/lib/python3.10/site-packages:${PYTHONPATH} /usr/bin/python3 -W ignore:setup.py install is deprecated -W ignore:easy_install command is deprecated setup.py develop --uninstall --editable --build-directory /home/semegn/agribot_ws/build/agribot_navigation/build
[2.408s] Invoking command in '/home/semegn/agribot_ws/src/agribot_navigation': PYTHONPATH=/home/semegn/agribot_ws/build/agribot_navigation/prefix_override:/usr/lib/python3/dist-packages/colcon_core/task/python/colcon_distutils_commands:/home/semegn/agribot_ws/install/agribot_navigation/lib/python3.10/site-packages:${PYTHONPATH} /usr/bin/python3 -W ignore:setup.py install is deprecated -W ignore:easy_install command is deprecated setup.py egg_info --egg-base ../../build/agribot_navigation build --build-base /home/semegn/agribot_ws/build/agribot_navigation/build install --record /home/semegn/agribot_ws/build/agribot_navigation/install.log --single-version-externally-managed install_data --force
[2.752s] running egg_info
[2.754s] writing ../../build/agribot_navigation/agribot_navigation.egg-info/PKG-INFO
[2.754s] writing dependency_links to ../../build/agribot_navigation/agribot_navigation.egg-info/dependency_links.txt
[2.754s] writing entry points to ../../build/agribot_navigation/agribot_navigation.egg-info/entry_points.txt
[2.754s] writing requirements to ../../build/agribot_navigation/agribot_navigation.egg-info/requires.txt
[2.754s] writing top-level names to ../../build/agribot_navigation/agribot_navigation.egg-info/top_level.txt
[2.758s] reading manifest file '../../build/agribot_navigation/agribot_navigation.egg-info/SOURCES.txt'
[2.758s] adding license file 'LICENSE'
[2.759s] writing manifest file '../../build/agribot_navigation/agribot_navigation.egg-info/SOURCES.txt'
[2.759s] running build
[2.759s] running build_py
[2.760s] creating /home/semegn/agribot_ws/build/agribot_navigation/build
[2.760s] creating /home/semegn/agribot_ws/build/agribot_navigation/build/lib
[2.760s] creating /home/semegn/agribot_ws/build/agribot_navigation/build/lib/agribot_navigation
[2.760s] copying agribot_navigation/stop_on_disease.py -> /home/semegn/agribot_ws/build/agribot_navigation/build/lib/agribot_navigation
[2.761s] copying agribot_navigation/reactive_avoidance.py -> /home/semegn/agribot_ws/build/agribot_navigation/build/lib/agribot_navigation
[2.761s] copying agribot_navigation/slam_node.py -> /home/semegn/agribot_ws/build/agribot_navigation/build/lib/agribot_navigation
[2.761s] copying agribot_navigation/__init__.py -> /home/semegn/agribot_ws/build/agribot_navigation/build/lib/agribot_navigation
[2.761s] copying agribot_navigation/odom_tf_bridge.py -> /home/semegn/agribot_ws/build/agribot_navigation/build/lib/agribot_navigation
[2.761s] copying agribot_navigation/navigator_goal.py -> /home/semegn/agribot_ws/build/agribot_navigation/build/lib/agribot_navigation
[2.761s] copying agribot_navigation/safety_stop.py -> /home/semegn/agribot_ws/build/agribot_navigation/build/lib/agribot_navigation
[2.761s] copying agribot_navigation/navigation_node.py -> /home/semegn/agribot_ws/build/agribot_navigation/build/lib/agribot_navigation
[2.761s] running install
[2.762s] running install_lib
[2.763s] creating /home/semegn/agribot_ws/install/agribot_navigation/lib/python3.10/site-packages/agribot_navigation
[2.763s] copying /home/semegn/agribot_ws/build/agribot_navigation/build/lib/agribot_navigation/stop_on_disease.py -> /home/semegn/agribot_ws/install/agribot_navigation/lib/python3.10/site-packages/agribot_navigation
[2.763s] copying /home/semegn/agribot_ws/build/agribot_navigation/build/lib/agribot_navigation/reactive_avoidance.py -> /home/semegn/agribot_ws/install/agribot_navigation/lib/python3.10/site-packages/agribot_navigation
[2.763s] copying /home/semegn/agribot_ws/build/agribot_navigation/build/lib/agribot_navigation/slam_node.py -> /home/semegn/agribot_ws/install/agribot_navigation/lib/python3.10/site-packages/agribot_navigation
[2.763s] copying /home/semegn/agribot_ws/build/agribot_navigation/build/lib/agribot_navigation/__init__.py -> /home/semegn/agribot_ws/install/agribot_navigation/lib/python3.10/site-packages/agribot_navigation
[2.764s] copying /home/semegn/agribot_ws/build/agribot_navigation/build/lib/agribot_navigation/odom_tf_bridge.py -> /home/semegn/agribot_ws/install/agribot_navigation/lib/python3.10/site-packages/agribot_navigation
[2.764s] copying /home/semegn/agribot_ws/build/agribot_navigation/build/lib/agribot_navigation/navigator_goal.py -> /home/semegn/agribot_ws/install/agribot_navigation/lib/python3.10/site-packages/agribot_navigation
[2.764s] copying /home/semegn/agribot_ws/build/agribot_navigation/build/lib/agribot_navigation/safety_stop.py -> /home/semegn/agribot_ws/install/agribot_navigation/lib/python3.10/site-packages/agribot_navigation
[2.764s] copying /home/semegn/agribot_ws/build/agribot_navigation/build/lib/agribot_navigation/navigation_node.py -> /home/semegn/agribot_ws/install/agribot_navigation/lib/python3.10/site-packages/agribot_navigation
[2.765s] byte-compiling /home/semegn/agribot_ws/install/agribot_navigation/lib/python3.10/site-packages/agribot_navigation/stop_on_disease.py to stop_on_disease.cpython-310.pyc
[2.766s] byte-compiling /home/semegn/agribot_ws/install/agribot_navigation/lib/python3.10/site-packages/agribot_navigation/reactive_avoidance.py to reactive_avoidance.cpython-310.pyc
[2.766s] byte-compiling /home/semegn/agribot_ws/install/agribot_navigation/lib/python3.10/site-packages/agribot_navigation/slam_node.py to slam_node.cpython-310.pyc
[2.767s] byte-compiling /home/semegn/agribot_ws/install/agribot_navigation/lib/python3.10/site-packages/agribot_navigation/__init__.py to __init__.cpython-310.pyc
[2.767s] byte-compiling /home/semegn/agribot_ws/install/agribot_navigation/lib/python3.10/site-packages/agribot_navigation/odom_tf_bridge.py to odom_tf_bridge.cpython-310.pyc
[2.768s] byte-compiling /home/semegn/agribot_ws/install/agribot_navigation/lib/python3.10/site-packages/agribot_navigation/navigator_goal.py to navigator_goal.cpython-310.pyc
[2.768s] byte-compiling /home/semegn/agribot_ws/install/agribot_navigation/lib/python3.10/site-packages/agribot_navigation/safety_stop.py to safety_stop.cpython-310.pyc
[2.769s] byte-compiling /home/semegn/agribot_ws/install/agribot_navigation/lib/python3.10/site-packages/agribot_navigation/navigation_node.py to navigation_node.cpython-310.pyc
[2.770s] running install_data
[2.770s] copying resource/agribot_navigation -> /home/semegn/agribot_ws/install/agribot_navigation/share/ament_index/resource_index/packages
[2.770s] copying package.xml -> /home/semegn/agribot_ws/install/agribot_navigation/share/agribot_navigation
[2.770s] running install_egg_info
[2.772s] Copying ../../build/agribot_navigation/agribot_navigation.egg-info to /home/semegn/agribot_ws/install/agribot_navigation/lib/python3.10/site-packages/agribot_navigation-0.0.0-py3.10.egg-info
[2.773s] running install_scripts
[2.797s] Installing navigation_node script to /home/semegn/agribot_ws/install/agribot_navigation/lib/agribot_navigation
[2.797s] Installing navigator_goal script to /home/semegn/agribot_ws/install/agribot_navigation/lib/agribot_navigation
[2.797s] Installing odom_tf_bridge script to /home/semegn/agribot_ws/install/agribot_navigation/lib/agribot_navigation
[2.798s] Installing reactive_avoid script to /home/semegn/agribot_ws/install/agribot_navigation/lib/agribot_navigation
[2.798s] Installing safety_stop script to /home/semegn/agribot_ws/install/agribot_navigation/lib/agribot_navigation
[2.798s] Installing slam_node script to /home/semegn/agribot_ws/install/agribot_navigation/lib/agribot_navigation
[2.798s] Installing stop_on_disease script to /home/semegn/agribot_ws/install/agribot_navigation/lib/agribot_navigation
[2.798s] writing list of installed files to '/home/semegn/agribot_ws/build/agribot_navigation/install.log'
[2.861s] Invoked command in '/home/semegn/agribot_ws/src/agribot_navigation' returned '0': PYTHONPATH=/home/semegn/agribot_ws/build/agribot_navigation/prefix_override:/usr/lib/python3/dist-packages/colcon_core/task/python/colcon_distutils_commands:/home/semegn/agribot_ws/install/agribot_navigation/lib/python3.10/site-packages:${PYTHONPATH} /usr/bin/python3 -W ignore:setup.py install is deprecated -W ignore:easy_install command is deprecated setup.py egg_info --egg-base ../../build/agribot_navigation build --build-base /home/semegn/agribot_ws/build/agribot_navigation/build install --record /home/semegn/agribot_ws/build/agribot_navigation/install.log --single-version-externally-managed install_data --force
